[2025-09-25T00:00:01.825+0000] {local_task_job_runner.py:120} INFO - ::group::Pre task execution logs
[2025-09-25T00:00:01.834+0000] {taskinstance.py:2076} INFO - Dependencies all met for dep_context=non-requeueable deps ti=<TaskInstance: ml_forecast_stock.wait_for_etl scheduled__2025-09-24T00:00:00+00:00 [queued]>
[2025-09-25T00:00:01.837+0000] {taskinstance.py:2076} INFO - Dependencies all met for dep_context=requeueable deps ti=<TaskInstance: ml_forecast_stock.wait_for_etl scheduled__2025-09-24T00:00:00+00:00 [queued]>
[2025-09-25T00:00:01.837+0000] {taskinstance.py:2306} INFO - Starting attempt 1 of 2
[2025-09-25T00:00:01.842+0000] {taskinstance.py:2330} INFO - Executing <Task(ExternalTaskSensor): wait_for_etl> on 2025-09-24 00:00:00+00:00
[2025-09-25T00:00:01.845+0000] {warnings.py:112} WARNING - /home/***/.local/lib/python3.12/site-packages/***/task/task_runner/standard_task_runner.py:62: DeprecationWarning: This process (pid=7667) is multi-threaded, use of fork() may lead to deadlocks in the child.
  pid = os.fork()

[2025-09-25T00:00:01.845+0000] {standard_task_runner.py:64} INFO - Started process 7674 to run task
[2025-09-25T00:00:01.846+0000] {standard_task_runner.py:90} INFO - Running: ['***', 'tasks', 'run', 'ml_forecast_stock', 'wait_for_etl', 'scheduled__2025-09-24T00:00:00+00:00', '--job-id', '385', '--raw', '--subdir', 'DAGS_FOLDER/ml_forecast_stock.py', '--cfg-path', '/tmp/tmp0u30mn0w']
[2025-09-25T00:00:01.846+0000] {standard_task_runner.py:91} INFO - Job 385: Subtask wait_for_etl
[2025-09-25T00:00:01.867+0000] {task_command.py:426} INFO - Running <TaskInstance: ml_forecast_stock.wait_for_etl scheduled__2025-09-24T00:00:00+00:00 [running]> on host 11e1994bdecf
[2025-09-25T00:00:01.899+0000] {taskinstance.py:2648} INFO - Exporting env vars: AIRFLOW_CTX_DAG_OWNER='data226' AIRFLOW_CTX_DAG_ID='ml_forecast_stock' AIRFLOW_CTX_TASK_ID='wait_for_etl' AIRFLOW_CTX_EXECUTION_DATE='2025-09-24T00:00:00+00:00' AIRFLOW_CTX_TRY_NUMBER='1' AIRFLOW_CTX_DAG_RUN_ID='scheduled__2025-09-24T00:00:00+00:00'
[2025-09-25T00:00:01.900+0000] {taskinstance.py:430} INFO - ::endgroup::
[2025-09-25T00:00:01.900+0000] {baseoperator.py:400} WARNING - ExternalTaskSensor.execute cannot be called outside TaskInstance!
[2025-09-25T00:00:01.903+0000] {external_task.py:258} INFO - Poking for tasks ['fetch_and_upsert'] in dag "etl_yfinance_stock" on 2025-09-24T00:00:00+00:00 ... 
[2025-09-25T00:00:01.903+0000] {warnings.py:112} WARNING - /home/***/.local/lib/python3.12/site-packages/***/utils/session.py:79: DeprecationWarning: This method is deprecated and will be removed in future.
  return func(*args, session=session, **kwargs)

[2025-09-25T00:00:01.907+0000] {taskinstance.py:441} INFO - ::group::Post task execution logs
[2025-09-25T00:00:01.914+0000] {taskinstance.py:2865} INFO - Rescheduling task, marking task as UP_FOR_RESCHEDULE
[2025-09-25T00:00:01.944+0000] {local_task_job_runner.py:243} INFO - Task exited with return code 0
[2025-09-25T00:00:01.950+0000] {warnings.py:112} WARNING - /home/***/.local/lib/python3.12/site-packages/***/models/baseoperator.py:1297: AirflowProviderDeprecationWarning: Call to deprecated class SnowflakeOperator. (This class is deprecated. Please use `***.providers.common.sql.operators.sql.SQLExecuteQueryOperator`. Also, you can provide `hook_params={'warehouse': <warehouse>, 'database': <database>, 'role': <role>, 'schema': <schema>, 'authenticator': <authenticator>,'session_parameters': <session_parameters>}`.)
  result = cls.__new__(cls)

[2025-09-25T00:00:01.957+0000] {taskinstance.py:3503} INFO - 0 downstream tasks scheduled from follow-on schedule check
[2025-09-25T00:00:01.958+0000] {local_task_job_runner.py:222} INFO - ::endgroup::
[2025-09-25T00:01:03.598+0000] {local_task_job_runner.py:120} INFO - ::group::Pre task execution logs
[2025-09-25T00:01:03.606+0000] {taskinstance.py:2076} INFO - Dependencies all met for dep_context=non-requeueable deps ti=<TaskInstance: ml_forecast_stock.wait_for_etl scheduled__2025-09-24T00:00:00+00:00 [queued]>
[2025-09-25T00:01:03.608+0000] {taskinstance.py:2076} INFO - Dependencies all met for dep_context=requeueable deps ti=<TaskInstance: ml_forecast_stock.wait_for_etl scheduled__2025-09-24T00:00:00+00:00 [queued]>
[2025-09-25T00:01:03.608+0000] {taskinstance.py:2306} INFO - Starting attempt 1 of 2
[2025-09-25T00:01:03.611+0000] {taskinstance.py:2330} INFO - Executing <Task(ExternalTaskSensor): wait_for_etl> on 2025-09-24 00:00:00+00:00
[2025-09-25T00:01:03.614+0000] {warnings.py:112} WARNING - /home/***/.local/lib/python3.12/site-packages/***/task/task_runner/standard_task_runner.py:62: DeprecationWarning: This process (pid=7701) is multi-threaded, use of fork() may lead to deadlocks in the child.
  pid = os.fork()

[2025-09-25T00:01:03.615+0000] {standard_task_runner.py:64} INFO - Started process 7703 to run task
[2025-09-25T00:01:03.615+0000] {standard_task_runner.py:90} INFO - Running: ['***', 'tasks', 'run', 'ml_forecast_stock', 'wait_for_etl', 'scheduled__2025-09-24T00:00:00+00:00', '--job-id', '387', '--raw', '--subdir', 'DAGS_FOLDER/ml_forecast_stock.py', '--cfg-path', '/tmp/tmpel_pek47']
[2025-09-25T00:01:03.616+0000] {standard_task_runner.py:91} INFO - Job 387: Subtask wait_for_etl
[2025-09-25T00:01:03.631+0000] {task_command.py:426} INFO - Running <TaskInstance: ml_forecast_stock.wait_for_etl scheduled__2025-09-24T00:00:00+00:00 [running]> on host 11e1994bdecf
[2025-09-25T00:01:03.657+0000] {taskinstance.py:2648} INFO - Exporting env vars: AIRFLOW_CTX_DAG_OWNER='data226' AIRFLOW_CTX_DAG_ID='ml_forecast_stock' AIRFLOW_CTX_TASK_ID='wait_for_etl' AIRFLOW_CTX_EXECUTION_DATE='2025-09-24T00:00:00+00:00' AIRFLOW_CTX_TRY_NUMBER='1' AIRFLOW_CTX_DAG_RUN_ID='scheduled__2025-09-24T00:00:00+00:00'
[2025-09-25T00:01:03.658+0000] {taskinstance.py:430} INFO - ::endgroup::
[2025-09-25T00:01:03.658+0000] {baseoperator.py:400} WARNING - ExternalTaskSensor.execute cannot be called outside TaskInstance!
[2025-09-25T00:01:03.660+0000] {external_task.py:258} INFO - Poking for tasks ['fetch_and_upsert'] in dag "etl_yfinance_stock" on 2025-09-24T00:00:00+00:00 ... 
[2025-09-25T00:01:03.661+0000] {warnings.py:112} WARNING - /home/***/.local/lib/python3.12/site-packages/***/utils/session.py:79: DeprecationWarning: This method is deprecated and will be removed in future.
  return func(*args, session=session, **kwargs)

[2025-09-25T00:01:03.664+0000] {taskinstance.py:441} INFO - ::group::Post task execution logs
[2025-09-25T00:01:03.669+0000] {taskinstance.py:2865} INFO - Rescheduling task, marking task as UP_FOR_RESCHEDULE
[2025-09-25T00:01:03.676+0000] {local_task_job_runner.py:243} INFO - Task exited with return code 0
[2025-09-25T00:01:03.680+0000] {warnings.py:112} WARNING - /home/***/.local/lib/python3.12/site-packages/***/models/baseoperator.py:1297: AirflowProviderDeprecationWarning: Call to deprecated class SnowflakeOperator. (This class is deprecated. Please use `***.providers.common.sql.operators.sql.SQLExecuteQueryOperator`. Also, you can provide `hook_params={'warehouse': <warehouse>, 'database': <database>, 'role': <role>, 'schema': <schema>, 'authenticator': <authenticator>,'session_parameters': <session_parameters>}`.)
  result = cls.__new__(cls)

[2025-09-25T00:01:03.685+0000] {taskinstance.py:3503} INFO - 0 downstream tasks scheduled from follow-on schedule check
[2025-09-25T00:01:03.686+0000] {local_task_job_runner.py:222} INFO - ::endgroup::
[2025-09-25T00:02:04.461+0000] {local_task_job_runner.py:120} INFO - ::group::Pre task execution logs
[2025-09-25T00:02:04.468+0000] {taskinstance.py:2076} INFO - Dependencies all met for dep_context=non-requeueable deps ti=<TaskInstance: ml_forecast_stock.wait_for_etl scheduled__2025-09-24T00:00:00+00:00 [queued]>
[2025-09-25T00:02:04.470+0000] {taskinstance.py:2076} INFO - Dependencies all met for dep_context=requeueable deps ti=<TaskInstance: ml_forecast_stock.wait_for_etl scheduled__2025-09-24T00:00:00+00:00 [queued]>
[2025-09-25T00:02:04.470+0000] {taskinstance.py:2306} INFO - Starting attempt 1 of 2
[2025-09-25T00:02:04.474+0000] {taskinstance.py:2330} INFO - Executing <Task(ExternalTaskSensor): wait_for_etl> on 2025-09-24 00:00:00+00:00
[2025-09-25T00:02:04.477+0000] {warnings.py:112} WARNING - /home/***/.local/lib/python3.12/site-packages/***/task/task_runner/standard_task_runner.py:62: DeprecationWarning: This process (pid=7718) is multi-threaded, use of fork() may lead to deadlocks in the child.
  pid = os.fork()

[2025-09-25T00:02:04.477+0000] {standard_task_runner.py:64} INFO - Started process 7720 to run task
[2025-09-25T00:02:04.478+0000] {standard_task_runner.py:90} INFO - Running: ['***', 'tasks', 'run', 'ml_forecast_stock', 'wait_for_etl', 'scheduled__2025-09-24T00:00:00+00:00', '--job-id', '388', '--raw', '--subdir', 'DAGS_FOLDER/ml_forecast_stock.py', '--cfg-path', '/tmp/tmp9wmj85i3']
[2025-09-25T00:02:04.478+0000] {standard_task_runner.py:91} INFO - Job 388: Subtask wait_for_etl
[2025-09-25T00:02:04.493+0000] {task_command.py:426} INFO - Running <TaskInstance: ml_forecast_stock.wait_for_etl scheduled__2025-09-24T00:00:00+00:00 [running]> on host 11e1994bdecf
[2025-09-25T00:02:04.518+0000] {taskinstance.py:2648} INFO - Exporting env vars: AIRFLOW_CTX_DAG_OWNER='data226' AIRFLOW_CTX_DAG_ID='ml_forecast_stock' AIRFLOW_CTX_TASK_ID='wait_for_etl' AIRFLOW_CTX_EXECUTION_DATE='2025-09-24T00:00:00+00:00' AIRFLOW_CTX_TRY_NUMBER='1' AIRFLOW_CTX_DAG_RUN_ID='scheduled__2025-09-24T00:00:00+00:00'
[2025-09-25T00:02:04.519+0000] {taskinstance.py:430} INFO - ::endgroup::
[2025-09-25T00:02:04.519+0000] {baseoperator.py:400} WARNING - ExternalTaskSensor.execute cannot be called outside TaskInstance!
[2025-09-25T00:02:04.521+0000] {external_task.py:258} INFO - Poking for tasks ['fetch_and_upsert'] in dag "etl_yfinance_stock" on 2025-09-24T00:00:00+00:00 ... 
[2025-09-25T00:02:04.521+0000] {warnings.py:112} WARNING - /home/***/.local/lib/python3.12/site-packages/***/utils/session.py:79: DeprecationWarning: This method is deprecated and will be removed in future.
  return func(*args, session=session, **kwargs)

[2025-09-25T00:02:04.524+0000] {taskinstance.py:441} INFO - ::group::Post task execution logs
[2025-09-25T00:02:04.530+0000] {taskinstance.py:2865} INFO - Rescheduling task, marking task as UP_FOR_RESCHEDULE
[2025-09-25T00:02:04.536+0000] {local_task_job_runner.py:243} INFO - Task exited with return code 0
[2025-09-25T00:02:04.540+0000] {warnings.py:112} WARNING - /home/***/.local/lib/python3.12/site-packages/***/models/baseoperator.py:1297: AirflowProviderDeprecationWarning: Call to deprecated class SnowflakeOperator. (This class is deprecated. Please use `***.providers.common.sql.operators.sql.SQLExecuteQueryOperator`. Also, you can provide `hook_params={'warehouse': <warehouse>, 'database': <database>, 'role': <role>, 'schema': <schema>, 'authenticator': <authenticator>,'session_parameters': <session_parameters>}`.)
  result = cls.__new__(cls)

[2025-09-25T00:02:04.545+0000] {taskinstance.py:3503} INFO - 0 downstream tasks scheduled from follow-on schedule check
[2025-09-25T00:02:04.546+0000] {local_task_job_runner.py:222} INFO - ::endgroup::
[2025-09-25T00:03:06.115+0000] {local_task_job_runner.py:120} INFO - ::group::Pre task execution logs
[2025-09-25T00:03:06.123+0000] {taskinstance.py:2076} INFO - Dependencies all met for dep_context=non-requeueable deps ti=<TaskInstance: ml_forecast_stock.wait_for_etl scheduled__2025-09-24T00:00:00+00:00 [queued]>
[2025-09-25T00:03:06.125+0000] {taskinstance.py:2076} INFO - Dependencies all met for dep_context=requeueable deps ti=<TaskInstance: ml_forecast_stock.wait_for_etl scheduled__2025-09-24T00:00:00+00:00 [queued]>
[2025-09-25T00:03:06.125+0000] {taskinstance.py:2306} INFO - Starting attempt 1 of 2
[2025-09-25T00:03:06.129+0000] {taskinstance.py:2330} INFO - Executing <Task(ExternalTaskSensor): wait_for_etl> on 2025-09-24 00:00:00+00:00
[2025-09-25T00:03:06.132+0000] {warnings.py:112} WARNING - /home/***/.local/lib/python3.12/site-packages/***/task/task_runner/standard_task_runner.py:62: DeprecationWarning: This process (pid=7735) is multi-threaded, use of fork() may lead to deadlocks in the child.
  pid = os.fork()

[2025-09-25T00:03:06.132+0000] {standard_task_runner.py:64} INFO - Started process 7737 to run task
[2025-09-25T00:03:06.133+0000] {standard_task_runner.py:90} INFO - Running: ['***', 'tasks', 'run', 'ml_forecast_stock', 'wait_for_etl', 'scheduled__2025-09-24T00:00:00+00:00', '--job-id', '389', '--raw', '--subdir', 'DAGS_FOLDER/ml_forecast_stock.py', '--cfg-path', '/tmp/tmpnsenr44u']
[2025-09-25T00:03:06.133+0000] {standard_task_runner.py:91} INFO - Job 389: Subtask wait_for_etl
[2025-09-25T00:03:06.148+0000] {task_command.py:426} INFO - Running <TaskInstance: ml_forecast_stock.wait_for_etl scheduled__2025-09-24T00:00:00+00:00 [running]> on host 11e1994bdecf
[2025-09-25T00:03:06.176+0000] {taskinstance.py:2648} INFO - Exporting env vars: AIRFLOW_CTX_DAG_OWNER='data226' AIRFLOW_CTX_DAG_ID='ml_forecast_stock' AIRFLOW_CTX_TASK_ID='wait_for_etl' AIRFLOW_CTX_EXECUTION_DATE='2025-09-24T00:00:00+00:00' AIRFLOW_CTX_TRY_NUMBER='1' AIRFLOW_CTX_DAG_RUN_ID='scheduled__2025-09-24T00:00:00+00:00'
[2025-09-25T00:03:06.176+0000] {taskinstance.py:430} INFO - ::endgroup::
[2025-09-25T00:03:06.176+0000] {baseoperator.py:400} WARNING - ExternalTaskSensor.execute cannot be called outside TaskInstance!
[2025-09-25T00:03:06.179+0000] {external_task.py:258} INFO - Poking for tasks ['fetch_and_upsert'] in dag "etl_yfinance_stock" on 2025-09-24T00:00:00+00:00 ... 
[2025-09-25T00:03:06.179+0000] {warnings.py:112} WARNING - /home/***/.local/lib/python3.12/site-packages/***/utils/session.py:79: DeprecationWarning: This method is deprecated and will be removed in future.
  return func(*args, session=session, **kwargs)

[2025-09-25T00:03:06.182+0000] {taskinstance.py:441} INFO - ::group::Post task execution logs
[2025-09-25T00:03:06.188+0000] {taskinstance.py:2865} INFO - Rescheduling task, marking task as UP_FOR_RESCHEDULE
[2025-09-25T00:03:06.191+0000] {local_task_job_runner.py:243} INFO - Task exited with return code 0
[2025-09-25T00:03:06.194+0000] {warnings.py:112} WARNING - /home/***/.local/lib/python3.12/site-packages/***/models/baseoperator.py:1297: AirflowProviderDeprecationWarning: Call to deprecated class SnowflakeOperator. (This class is deprecated. Please use `***.providers.common.sql.operators.sql.SQLExecuteQueryOperator`. Also, you can provide `hook_params={'warehouse': <warehouse>, 'database': <database>, 'role': <role>, 'schema': <schema>, 'authenticator': <authenticator>,'session_parameters': <session_parameters>}`.)
  result = cls.__new__(cls)

[2025-09-25T00:03:06.200+0000] {taskinstance.py:3503} INFO - 0 downstream tasks scheduled from follow-on schedule check
[2025-09-25T00:03:06.200+0000] {local_task_job_runner.py:222} INFO - ::endgroup::
[2025-09-25T00:14:18.215+0000] {local_task_job_runner.py:120} INFO - ::group::Pre task execution logs
[2025-09-25T00:14:18.243+0000] {taskinstance.py:2076} INFO - Dependencies all met for dep_context=non-requeueable deps ti=<TaskInstance: ml_forecast_stock.wait_for_etl scheduled__2025-09-24T00:00:00+00:00 [queued]>
[2025-09-25T00:14:18.254+0000] {taskinstance.py:2076} INFO - Dependencies all met for dep_context=requeueable deps ti=<TaskInstance: ml_forecast_stock.wait_for_etl scheduled__2025-09-24T00:00:00+00:00 [queued]>
[2025-09-25T00:14:18.255+0000] {taskinstance.py:2306} INFO - Starting attempt 1 of 2
[2025-09-25T00:14:18.290+0000] {taskinstance.py:2330} INFO - Executing <Task(ExternalTaskSensor): wait_for_etl> on 2025-09-24 00:00:00+00:00
[2025-09-25T00:14:18.300+0000] {warnings.py:112} WARNING - /home/***/.local/lib/python3.12/site-packages/***/task/task_runner/standard_task_runner.py:62: DeprecationWarning: This process (pid=7738) is multi-threaded, use of fork() may lead to deadlocks in the child.
  pid = os.fork()

[2025-09-25T00:14:18.305+0000] {standard_task_runner.py:64} INFO - Started process 7740 to run task
[2025-09-25T00:14:18.306+0000] {standard_task_runner.py:90} INFO - Running: ['***', 'tasks', 'run', 'ml_forecast_stock', 'wait_for_etl', 'scheduled__2025-09-24T00:00:00+00:00', '--job-id', '390', '--raw', '--subdir', 'DAGS_FOLDER/ml_forecast_stock.py', '--cfg-path', '/tmp/tmpt3iwg0fw']
[2025-09-25T00:14:18.310+0000] {standard_task_runner.py:91} INFO - Job 390: Subtask wait_for_etl
[2025-09-25T00:14:18.374+0000] {task_command.py:426} INFO - Running <TaskInstance: ml_forecast_stock.wait_for_etl scheduled__2025-09-24T00:00:00+00:00 [running]> on host 11e1994bdecf
[2025-09-25T00:14:18.545+0000] {taskinstance.py:2648} INFO - Exporting env vars: AIRFLOW_CTX_DAG_OWNER='data226' AIRFLOW_CTX_DAG_ID='ml_forecast_stock' AIRFLOW_CTX_TASK_ID='wait_for_etl' AIRFLOW_CTX_EXECUTION_DATE='2025-09-24T00:00:00+00:00' AIRFLOW_CTX_TRY_NUMBER='1' AIRFLOW_CTX_DAG_RUN_ID='scheduled__2025-09-24T00:00:00+00:00'
[2025-09-25T00:14:18.553+0000] {taskinstance.py:430} INFO - ::endgroup::
[2025-09-25T00:14:18.553+0000] {baseoperator.py:400} WARNING - ExternalTaskSensor.execute cannot be called outside TaskInstance!
[2025-09-25T00:14:18.573+0000] {external_task.py:258} INFO - Poking for tasks ['fetch_and_upsert'] in dag "etl_yfinance_stock" on 2025-09-24T00:00:00+00:00 ... 
[2025-09-25T00:14:18.574+0000] {warnings.py:112} WARNING - /home/***/.local/lib/python3.12/site-packages/***/utils/session.py:79: DeprecationWarning: This method is deprecated and will be removed in future.
  return func(*args, session=session, **kwargs)

[2025-09-25T00:14:18.595+0000] {taskinstance.py:441} INFO - ::group::Post task execution logs
[2025-09-25T00:14:18.642+0000] {taskinstance.py:2865} INFO - Rescheduling task, marking task as UP_FOR_RESCHEDULE
[2025-09-25T00:14:18.665+0000] {local_task_job_runner.py:243} INFO - Task exited with return code 0
[2025-09-25T00:14:18.688+0000] {warnings.py:112} WARNING - /home/***/.local/lib/python3.12/site-packages/***/models/baseoperator.py:1297: AirflowProviderDeprecationWarning: Call to deprecated class SnowflakeOperator. (This class is deprecated. Please use `***.providers.common.sql.operators.sql.SQLExecuteQueryOperator`. Also, you can provide `hook_params={'warehouse': <warehouse>, 'database': <database>, 'role': <role>, 'schema': <schema>, 'authenticator': <authenticator>,'session_parameters': <session_parameters>}`.)
  result = cls.__new__(cls)

[2025-09-25T00:14:18.727+0000] {taskinstance.py:3503} INFO - 0 downstream tasks scheduled from follow-on schedule check
[2025-09-25T00:14:18.736+0000] {local_task_job_runner.py:222} INFO - ::endgroup::
[2025-09-25T00:15:28.574+0000] {local_task_job_runner.py:120} INFO - ::group::Pre task execution logs
[2025-09-25T00:15:28.585+0000] {taskinstance.py:2076} INFO - Dependencies all met for dep_context=non-requeueable deps ti=<TaskInstance: ml_forecast_stock.wait_for_etl scheduled__2025-09-24T00:00:00+00:00 [queued]>
[2025-09-25T00:15:28.592+0000] {taskinstance.py:2076} INFO - Dependencies all met for dep_context=requeueable deps ti=<TaskInstance: ml_forecast_stock.wait_for_etl scheduled__2025-09-24T00:00:00+00:00 [queued]>
[2025-09-25T00:15:28.593+0000] {taskinstance.py:2306} INFO - Starting attempt 1 of 2
[2025-09-25T00:15:28.604+0000] {taskinstance.py:2330} INFO - Executing <Task(ExternalTaskSensor): wait_for_etl> on 2025-09-24 00:00:00+00:00
[2025-09-25T00:15:28.613+0000] {standard_task_runner.py:90} INFO - Running: ['***', 'tasks', 'run', 'ml_forecast_stock', 'wait_for_etl', 'scheduled__2025-09-24T00:00:00+00:00', '--job-id', '391', '--raw', '--subdir', 'DAGS_FOLDER/ml_forecast_stock.py', '--cfg-path', '/tmp/tmprt6vm1vy']
[2025-09-25T00:15:28.614+0000] {standard_task_runner.py:91} INFO - Job 391: Subtask wait_for_etl
[2025-09-25T00:15:28.612+0000] {warnings.py:112} WARNING - /home/***/.local/lib/python3.12/site-packages/***/task/task_runner/standard_task_runner.py:62: DeprecationWarning: This process (pid=7748) is multi-threaded, use of fork() may lead to deadlocks in the child.
  pid = os.fork()

[2025-09-25T00:15:28.615+0000] {standard_task_runner.py:64} INFO - Started process 7750 to run task
[2025-09-25T00:15:28.649+0000] {task_command.py:426} INFO - Running <TaskInstance: ml_forecast_stock.wait_for_etl scheduled__2025-09-24T00:00:00+00:00 [running]> on host 11e1994bdecf
[2025-09-25T00:15:28.706+0000] {taskinstance.py:2648} INFO - Exporting env vars: AIRFLOW_CTX_DAG_OWNER='data226' AIRFLOW_CTX_DAG_ID='ml_forecast_stock' AIRFLOW_CTX_TASK_ID='wait_for_etl' AIRFLOW_CTX_EXECUTION_DATE='2025-09-24T00:00:00+00:00' AIRFLOW_CTX_TRY_NUMBER='1' AIRFLOW_CTX_DAG_RUN_ID='scheduled__2025-09-24T00:00:00+00:00'
[2025-09-25T00:15:28.707+0000] {taskinstance.py:430} INFO - ::endgroup::
[2025-09-25T00:15:28.707+0000] {baseoperator.py:400} WARNING - ExternalTaskSensor.execute cannot be called outside TaskInstance!
[2025-09-25T00:15:28.712+0000] {external_task.py:258} INFO - Poking for tasks ['fetch_and_upsert'] in dag "etl_yfinance_stock" on 2025-09-24T00:00:00+00:00 ... 
[2025-09-25T00:15:28.713+0000] {warnings.py:112} WARNING - /home/***/.local/lib/python3.12/site-packages/***/utils/session.py:79: DeprecationWarning: This method is deprecated and will be removed in future.
  return func(*args, session=session, **kwargs)

[2025-09-25T00:15:28.720+0000] {taskinstance.py:441} INFO - ::group::Post task execution logs
[2025-09-25T00:15:28.738+0000] {taskinstance.py:2865} INFO - Rescheduling task, marking task as UP_FOR_RESCHEDULE
[2025-09-25T00:15:28.755+0000] {local_task_job_runner.py:243} INFO - Task exited with return code 0
[2025-09-25T00:15:28.761+0000] {warnings.py:112} WARNING - /home/***/.local/lib/python3.12/site-packages/***/models/baseoperator.py:1297: AirflowProviderDeprecationWarning: Call to deprecated class SnowflakeOperator. (This class is deprecated. Please use `***.providers.common.sql.operators.sql.SQLExecuteQueryOperator`. Also, you can provide `hook_params={'warehouse': <warehouse>, 'database': <database>, 'role': <role>, 'schema': <schema>, 'authenticator': <authenticator>,'session_parameters': <session_parameters>}`.)
  result = cls.__new__(cls)

[2025-09-25T00:15:28.768+0000] {taskinstance.py:3503} INFO - 0 downstream tasks scheduled from follow-on schedule check
[2025-09-25T00:15:28.771+0000] {local_task_job_runner.py:222} INFO - ::endgroup::
[2025-09-25T00:23:18.908+0000] {local_task_job_runner.py:120} INFO - ::group::Pre task execution logs
[2025-09-25T00:23:18.933+0000] {taskinstance.py:2076} INFO - Dependencies all met for dep_context=non-requeueable deps ti=<TaskInstance: ml_forecast_stock.wait_for_etl scheduled__2025-09-24T00:00:00+00:00 [queued]>
[2025-09-25T00:23:18.939+0000] {taskinstance.py:2076} INFO - Dependencies all met for dep_context=requeueable deps ti=<TaskInstance: ml_forecast_stock.wait_for_etl scheduled__2025-09-24T00:00:00+00:00 [queued]>
[2025-09-25T00:23:18.942+0000] {taskinstance.py:2306} INFO - Starting attempt 1 of 2
[2025-09-25T00:23:18.952+0000] {taskinstance.py:2330} INFO - Executing <Task(ExternalTaskSensor): wait_for_etl> on 2025-09-24 00:00:00+00:00
[2025-09-25T00:23:18.961+0000] {warnings.py:112} WARNING - /home/***/.local/lib/python3.12/site-packages/***/task/task_runner/standard_task_runner.py:62: DeprecationWarning: This process (pid=7765) is multi-threaded, use of fork() may lead to deadlocks in the child.
  pid = os.fork()

[2025-09-25T00:23:18.962+0000] {standard_task_runner.py:64} INFO - Started process 7767 to run task
[2025-09-25T00:23:18.963+0000] {standard_task_runner.py:90} INFO - Running: ['***', 'tasks', 'run', 'ml_forecast_stock', 'wait_for_etl', 'scheduled__2025-09-24T00:00:00+00:00', '--job-id', '392', '--raw', '--subdir', 'DAGS_FOLDER/ml_forecast_stock.py', '--cfg-path', '/tmp/tmp5wwlabdh']
[2025-09-25T00:23:18.969+0000] {standard_task_runner.py:91} INFO - Job 392: Subtask wait_for_etl
[2025-09-25T00:23:19.003+0000] {task_command.py:426} INFO - Running <TaskInstance: ml_forecast_stock.wait_for_etl scheduled__2025-09-24T00:00:00+00:00 [running]> on host 11e1994bdecf
[2025-09-25T00:23:19.063+0000] {taskinstance.py:2648} INFO - Exporting env vars: AIRFLOW_CTX_DAG_OWNER='data226' AIRFLOW_CTX_DAG_ID='ml_forecast_stock' AIRFLOW_CTX_TASK_ID='wait_for_etl' AIRFLOW_CTX_EXECUTION_DATE='2025-09-24T00:00:00+00:00' AIRFLOW_CTX_TRY_NUMBER='1' AIRFLOW_CTX_DAG_RUN_ID='scheduled__2025-09-24T00:00:00+00:00'
[2025-09-25T00:23:19.064+0000] {taskinstance.py:430} INFO - ::endgroup::
[2025-09-25T00:23:19.065+0000] {baseoperator.py:400} WARNING - ExternalTaskSensor.execute cannot be called outside TaskInstance!
[2025-09-25T00:23:19.071+0000] {external_task.py:258} INFO - Poking for tasks ['fetch_and_upsert'] in dag "etl_yfinance_stock" on 2025-09-24T00:00:00+00:00 ... 
[2025-09-25T00:23:19.073+0000] {warnings.py:112} WARNING - /home/***/.local/lib/python3.12/site-packages/***/utils/session.py:79: DeprecationWarning: This method is deprecated and will be removed in future.
  return func(*args, session=session, **kwargs)

[2025-09-25T00:23:19.083+0000] {taskinstance.py:441} INFO - ::group::Post task execution logs
[2025-09-25T00:23:19.101+0000] {taskinstance.py:2865} INFO - Rescheduling task, marking task as UP_FOR_RESCHEDULE
[2025-09-25T00:23:19.146+0000] {local_task_job_runner.py:243} INFO - Task exited with return code 0
[2025-09-25T00:23:19.154+0000] {warnings.py:112} WARNING - /home/***/.local/lib/python3.12/site-packages/***/models/baseoperator.py:1297: AirflowProviderDeprecationWarning: Call to deprecated class SnowflakeOperator. (This class is deprecated. Please use `***.providers.common.sql.operators.sql.SQLExecuteQueryOperator`. Also, you can provide `hook_params={'warehouse': <warehouse>, 'database': <database>, 'role': <role>, 'schema': <schema>, 'authenticator': <authenticator>,'session_parameters': <session_parameters>}`.)
  result = cls.__new__(cls)

[2025-09-25T00:23:19.165+0000] {taskinstance.py:3503} INFO - 0 downstream tasks scheduled from follow-on schedule check
[2025-09-25T00:23:19.166+0000] {local_task_job_runner.py:222} INFO - ::endgroup::
[2025-09-25T00:56:51.722+0000] {local_task_job_runner.py:120} INFO - ::group::Pre task execution logs
[2025-09-25T00:56:51.749+0000] {taskinstance.py:2076} INFO - Dependencies all met for dep_context=non-requeueable deps ti=<TaskInstance: ml_forecast_stock.wait_for_etl scheduled__2025-09-24T00:00:00+00:00 [queued]>
[2025-09-25T00:56:51.759+0000] {taskinstance.py:2076} INFO - Dependencies all met for dep_context=requeueable deps ti=<TaskInstance: ml_forecast_stock.wait_for_etl scheduled__2025-09-24T00:00:00+00:00 [queued]>
[2025-09-25T00:56:51.760+0000] {taskinstance.py:2306} INFO - Starting attempt 1 of 2
[2025-09-25T00:56:51.770+0000] {taskinstance.py:2330} INFO - Executing <Task(ExternalTaskSensor): wait_for_etl> on 2025-09-24 00:00:00+00:00
[2025-09-25T00:56:51.781+0000] {warnings.py:112} WARNING - /home/***/.local/lib/python3.12/site-packages/***/task/task_runner/standard_task_runner.py:62: DeprecationWarning: This process (pid=7768) is multi-threaded, use of fork() may lead to deadlocks in the child.
  pid = os.fork()

[2025-09-25T00:56:51.784+0000] {standard_task_runner.py:64} INFO - Started process 7777 to run task
[2025-09-25T00:56:51.786+0000] {standard_task_runner.py:90} INFO - Running: ['***', 'tasks', 'run', 'ml_forecast_stock', 'wait_for_etl', 'scheduled__2025-09-24T00:00:00+00:00', '--job-id', '393', '--raw', '--subdir', 'DAGS_FOLDER/ml_forecast_stock.py', '--cfg-path', '/tmp/tmpxa6y2ho4']
[2025-09-25T00:56:51.787+0000] {standard_task_runner.py:91} INFO - Job 393: Subtask wait_for_etl
[2025-09-25T00:56:51.840+0000] {task_command.py:426} INFO - Running <TaskInstance: ml_forecast_stock.wait_for_etl scheduled__2025-09-24T00:00:00+00:00 [running]> on host 11e1994bdecf
[2025-09-25T00:56:51.911+0000] {taskinstance.py:2648} INFO - Exporting env vars: AIRFLOW_CTX_DAG_OWNER='data226' AIRFLOW_CTX_DAG_ID='ml_forecast_stock' AIRFLOW_CTX_TASK_ID='wait_for_etl' AIRFLOW_CTX_EXECUTION_DATE='2025-09-24T00:00:00+00:00' AIRFLOW_CTX_TRY_NUMBER='1' AIRFLOW_CTX_DAG_RUN_ID='scheduled__2025-09-24T00:00:00+00:00'
[2025-09-25T00:56:51.914+0000] {taskinstance.py:430} INFO - ::endgroup::
[2025-09-25T00:56:51.914+0000] {baseoperator.py:400} WARNING - ExternalTaskSensor.execute cannot be called outside TaskInstance!
[2025-09-25T00:56:51.922+0000] {external_task.py:258} INFO - Poking for tasks ['fetch_and_upsert'] in dag "etl_yfinance_stock" on 2025-09-24T00:00:00+00:00 ... 
[2025-09-25T00:56:51.926+0000] {warnings.py:112} WARNING - /home/***/.local/lib/python3.12/site-packages/***/utils/session.py:79: DeprecationWarning: This method is deprecated and will be removed in future.
  return func(*args, session=session, **kwargs)

[2025-09-25T00:56:51.939+0000] {taskinstance.py:441} INFO - ::group::Post task execution logs
[2025-09-25T00:56:51.966+0000] {taskinstance.py:2865} INFO - Rescheduling task, marking task as UP_FOR_RESCHEDULE
[2025-09-25T00:56:52.018+0000] {local_task_job_runner.py:243} INFO - Task exited with return code 0
[2025-09-25T00:56:52.037+0000] {warnings.py:112} WARNING - /home/***/.local/lib/python3.12/site-packages/***/models/baseoperator.py:1297: AirflowProviderDeprecationWarning: Call to deprecated class SnowflakeOperator. (This class is deprecated. Please use `***.providers.common.sql.operators.sql.SQLExecuteQueryOperator`. Also, you can provide `hook_params={'warehouse': <warehouse>, 'database': <database>, 'role': <role>, 'schema': <schema>, 'authenticator': <authenticator>,'session_parameters': <session_parameters>}`.)
  result = cls.__new__(cls)

[2025-09-25T00:56:52.055+0000] {taskinstance.py:3503} INFO - 0 downstream tasks scheduled from follow-on schedule check
[2025-09-25T00:56:52.066+0000] {local_task_job_runner.py:222} INFO - ::endgroup::
[2025-09-25T00:58:55.451+0000] {local_task_job_runner.py:120} INFO - ::group::Pre task execution logs
[2025-09-25T00:58:55.470+0000] {taskinstance.py:2076} INFO - Dependencies all met for dep_context=non-requeueable deps ti=<TaskInstance: ml_forecast_stock.wait_for_etl scheduled__2025-09-24T00:00:00+00:00 [queued]>
[2025-09-25T00:58:55.476+0000] {taskinstance.py:2076} INFO - Dependencies all met for dep_context=requeueable deps ti=<TaskInstance: ml_forecast_stock.wait_for_etl scheduled__2025-09-24T00:00:00+00:00 [queued]>
[2025-09-25T00:58:55.477+0000] {taskinstance.py:2306} INFO - Starting attempt 1 of 2
[2025-09-25T00:58:55.486+0000] {taskinstance.py:2330} INFO - Executing <Task(ExternalTaskSensor): wait_for_etl> on 2025-09-24 00:00:00+00:00
[2025-09-25T00:58:55.491+0000] {warnings.py:112} WARNING - /home/***/.local/lib/python3.12/site-packages/***/task/task_runner/standard_task_runner.py:62: DeprecationWarning: This process (pid=7785) is multi-threaded, use of fork() may lead to deadlocks in the child.
  pid = os.fork()

[2025-09-25T00:58:55.493+0000] {standard_task_runner.py:90} INFO - Running: ['***', 'tasks', 'run', 'ml_forecast_stock', 'wait_for_etl', 'scheduled__2025-09-24T00:00:00+00:00', '--job-id', '394', '--raw', '--subdir', 'DAGS_FOLDER/ml_forecast_stock.py', '--cfg-path', '/tmp/tmpfcr4dlpn']
[2025-09-25T00:58:55.495+0000] {standard_task_runner.py:64} INFO - Started process 7787 to run task
[2025-09-25T00:58:55.495+0000] {standard_task_runner.py:91} INFO - Job 394: Subtask wait_for_etl
[2025-09-25T00:58:55.525+0000] {task_command.py:426} INFO - Running <TaskInstance: ml_forecast_stock.wait_for_etl scheduled__2025-09-24T00:00:00+00:00 [running]> on host 11e1994bdecf
[2025-09-25T00:58:55.579+0000] {taskinstance.py:2648} INFO - Exporting env vars: AIRFLOW_CTX_DAG_OWNER='data226' AIRFLOW_CTX_DAG_ID='ml_forecast_stock' AIRFLOW_CTX_TASK_ID='wait_for_etl' AIRFLOW_CTX_EXECUTION_DATE='2025-09-24T00:00:00+00:00' AIRFLOW_CTX_TRY_NUMBER='1' AIRFLOW_CTX_DAG_RUN_ID='scheduled__2025-09-24T00:00:00+00:00'
[2025-09-25T00:58:55.580+0000] {taskinstance.py:430} INFO - ::endgroup::
[2025-09-25T00:58:55.580+0000] {baseoperator.py:400} WARNING - ExternalTaskSensor.execute cannot be called outside TaskInstance!
[2025-09-25T00:58:55.584+0000] {external_task.py:258} INFO - Poking for tasks ['fetch_and_upsert'] in dag "etl_yfinance_stock" on 2025-09-24T00:00:00+00:00 ... 
[2025-09-25T00:58:55.585+0000] {warnings.py:112} WARNING - /home/***/.local/lib/python3.12/site-packages/***/utils/session.py:79: DeprecationWarning: This method is deprecated and will be removed in future.
  return func(*args, session=session, **kwargs)

[2025-09-25T00:58:55.591+0000] {taskinstance.py:441} INFO - ::group::Post task execution logs
[2025-09-25T00:58:55.602+0000] {taskinstance.py:2865} INFO - Rescheduling task, marking task as UP_FOR_RESCHEDULE
[2025-09-25T00:58:55.635+0000] {local_task_job_runner.py:243} INFO - Task exited with return code 0
[2025-09-25T00:58:55.642+0000] {warnings.py:112} WARNING - /home/***/.local/lib/python3.12/site-packages/***/models/baseoperator.py:1297: AirflowProviderDeprecationWarning: Call to deprecated class SnowflakeOperator. (This class is deprecated. Please use `***.providers.common.sql.operators.sql.SQLExecuteQueryOperator`. Also, you can provide `hook_params={'warehouse': <warehouse>, 'database': <database>, 'role': <role>, 'schema': <schema>, 'authenticator': <authenticator>,'session_parameters': <session_parameters>}`.)
  result = cls.__new__(cls)

[2025-09-25T00:58:55.653+0000] {taskinstance.py:3503} INFO - 0 downstream tasks scheduled from follow-on schedule check
[2025-09-25T00:58:55.654+0000] {local_task_job_runner.py:222} INFO - ::endgroup::
[2025-09-25T01:00:44.688+0000] {local_task_job_runner.py:120} INFO - ::group::Pre task execution logs
[2025-09-25T01:00:44.701+0000] {taskinstance.py:2076} INFO - Dependencies all met for dep_context=non-requeueable deps ti=<TaskInstance: ml_forecast_stock.wait_for_etl scheduled__2025-09-24T00:00:00+00:00 [queued]>
[2025-09-25T01:00:44.704+0000] {taskinstance.py:2076} INFO - Dependencies all met for dep_context=requeueable deps ti=<TaskInstance: ml_forecast_stock.wait_for_etl scheduled__2025-09-24T00:00:00+00:00 [queued]>
[2025-09-25T01:00:44.705+0000] {taskinstance.py:2306} INFO - Starting attempt 1 of 2
[2025-09-25T01:00:44.710+0000] {taskinstance.py:2330} INFO - Executing <Task(ExternalTaskSensor): wait_for_etl> on 2025-09-24 00:00:00+00:00
[2025-09-25T01:00:44.714+0000] {warnings.py:112} WARNING - /home/***/.local/lib/python3.12/site-packages/***/task/task_runner/standard_task_runner.py:62: DeprecationWarning: This process (pid=7802) is multi-threaded, use of fork() may lead to deadlocks in the child.
  pid = os.fork()

[2025-09-25T01:00:44.715+0000] {standard_task_runner.py:64} INFO - Started process 7804 to run task
[2025-09-25T01:00:44.715+0000] {standard_task_runner.py:90} INFO - Running: ['***', 'tasks', 'run', 'ml_forecast_stock', 'wait_for_etl', 'scheduled__2025-09-24T00:00:00+00:00', '--job-id', '395', '--raw', '--subdir', 'DAGS_FOLDER/ml_forecast_stock.py', '--cfg-path', '/tmp/tmphtoucw4y']
[2025-09-25T01:00:44.716+0000] {standard_task_runner.py:91} INFO - Job 395: Subtask wait_for_etl
[2025-09-25T01:00:44.741+0000] {task_command.py:426} INFO - Running <TaskInstance: ml_forecast_stock.wait_for_etl scheduled__2025-09-24T00:00:00+00:00 [running]> on host 11e1994bdecf
[2025-09-25T01:00:44.787+0000] {taskinstance.py:2648} INFO - Exporting env vars: AIRFLOW_CTX_DAG_OWNER='data226' AIRFLOW_CTX_DAG_ID='ml_forecast_stock' AIRFLOW_CTX_TASK_ID='wait_for_etl' AIRFLOW_CTX_EXECUTION_DATE='2025-09-24T00:00:00+00:00' AIRFLOW_CTX_TRY_NUMBER='1' AIRFLOW_CTX_DAG_RUN_ID='scheduled__2025-09-24T00:00:00+00:00'
[2025-09-25T01:00:44.787+0000] {taskinstance.py:430} INFO - ::endgroup::
[2025-09-25T01:00:44.788+0000] {baseoperator.py:400} WARNING - ExternalTaskSensor.execute cannot be called outside TaskInstance!
[2025-09-25T01:00:44.793+0000] {external_task.py:258} INFO - Poking for tasks ['fetch_and_upsert'] in dag "etl_yfinance_stock" on 2025-09-24T00:00:00+00:00 ... 
[2025-09-25T01:00:44.794+0000] {warnings.py:112} WARNING - /home/***/.local/lib/python3.12/site-packages/***/utils/session.py:79: DeprecationWarning: This method is deprecated and will be removed in future.
  return func(*args, session=session, **kwargs)

[2025-09-25T01:00:44.801+0000] {taskinstance.py:441} INFO - ::group::Post task execution logs
[2025-09-25T01:00:44.802+0000] {taskinstance.py:2506} INFO - Sensor has timed out; run duration of 3642.923434 seconds exceeds the specified timeout of 3600.0.
[2025-09-25T01:00:44.808+0000] {taskinstance.py:1206} INFO - Marking task as SKIPPED. dag_id=ml_forecast_stock, task_id=wait_for_etl, run_id=scheduled__2025-09-24T00:00:00+00:00, execution_date=20250924T000000, start_date=20250925T010044, end_date=20250925T010044
[2025-09-25T01:00:44.855+0000] {local_task_job_runner.py:243} INFO - Task exited with return code 0
[2025-09-25T01:00:44.862+0000] {warnings.py:112} WARNING - /home/***/.local/lib/python3.12/site-packages/***/models/baseoperator.py:1297: AirflowProviderDeprecationWarning: Call to deprecated class SnowflakeOperator. (This class is deprecated. Please use `***.providers.common.sql.operators.sql.SQLExecuteQueryOperator`. Also, you can provide `hook_params={'warehouse': <warehouse>, 'database': <database>, 'role': <role>, 'schema': <schema>, 'authenticator': <authenticator>,'session_parameters': <session_parameters>}`.)
  result = cls.__new__(cls)

[2025-09-25T01:00:44.872+0000] {taskinstance.py:3503} INFO - 0 downstream tasks scheduled from follow-on schedule check
[2025-09-25T01:00:44.874+0000] {local_task_job_runner.py:222} INFO - ::endgroup::
