[2025-09-27T00:00:03.991+0000] {local_task_job_runner.py:120} INFO - ::group::Pre task execution logs
[2025-09-27T00:00:04.003+0000] {taskinstance.py:2076} INFO - Dependencies all met for dep_context=non-requeueable deps ti=<TaskInstance: ml_forecast_stock_robust.create_training_view scheduled__2025-09-26T00:00:00+00:00 [queued]>
[2025-09-27T00:00:04.006+0000] {taskinstance.py:2076} INFO - Dependencies all met for dep_context=requeueable deps ti=<TaskInstance: ml_forecast_stock_robust.create_training_view scheduled__2025-09-26T00:00:00+00:00 [queued]>
[2025-09-27T00:00:04.006+0000] {taskinstance.py:2306} INFO - Starting attempt 1 of 3
[2025-09-27T00:00:04.011+0000] {taskinstance.py:2330} INFO - Executing <Task(PythonOperator): create_training_view> on 2025-09-26 00:00:00+00:00
[2025-09-27T00:00:04.014+0000] {warnings.py:112} WARNING - /home/***/.local/lib/python3.12/site-packages/***/task/task_runner/standard_task_runner.py:62: DeprecationWarning: This process (pid=27186) is multi-threaded, use of fork() may lead to deadlocks in the child.
  pid = os.fork()

[2025-09-27T00:00:04.014+0000] {standard_task_runner.py:64} INFO - Started process 27194 to run task
[2025-09-27T00:00:04.015+0000] {standard_task_runner.py:90} INFO - Running: ['***', 'tasks', 'run', 'ml_forecast_stock_robust', 'create_training_view', 'scheduled__2025-09-26T00:00:00+00:00', '--job-id', '419', '--raw', '--subdir', 'DAGS_FOLDER/ml_forecast_stock.py', '--cfg-path', '/tmp/tmp8va7wijn']
[2025-09-27T00:00:04.016+0000] {standard_task_runner.py:91} INFO - Job 419: Subtask create_training_view
[2025-09-27T00:00:04.037+0000] {task_command.py:426} INFO - Running <TaskInstance: ml_forecast_stock_robust.create_training_view scheduled__2025-09-26T00:00:00+00:00 [running]> on host 11e1994bdecf
[2025-09-27T00:00:04.073+0000] {taskinstance.py:2648} INFO - Exporting env vars: AIRFLOW_CTX_DAG_OWNER='data226' AIRFLOW_CTX_DAG_ID='ml_forecast_stock_robust' AIRFLOW_CTX_TASK_ID='create_training_view' AIRFLOW_CTX_EXECUTION_DATE='2025-09-26T00:00:00+00:00' AIRFLOW_CTX_TRY_NUMBER='1' AIRFLOW_CTX_DAG_RUN_ID='scheduled__2025-09-26T00:00:00+00:00'
[2025-09-27T00:00:04.074+0000] {taskinstance.py:430} INFO - ::endgroup::
[2025-09-27T00:00:04.089+0000] {base.py:84} INFO - Using connection ID 'snowflake_default' for task execution.
[2025-09-27T00:00:04.090+0000] {connection.py:408} INFO - Snowflake Connector for Python Version: 3.11.0, Python Version: 3.12.4, Platform: Linux-6.10.14-linuxkit-aarch64-with-glibc2.36
[2025-09-27T00:00:04.090+0000] {connection.py:1258} INFO - This connection is in OCSP Fail Open Mode. TLS Certificates would be checked for validity and revocation status. Any other Certificate Revocation related exceptions or OCSP Responder failures would be disregarded in favor of connectivity.
[2025-09-27T00:00:05.511+0000] {cursor.py:1149} INFO - Number of results in first chunk: 1
[2025-09-27T00:00:05.920+0000] {cursor.py:1149} INFO - Number of results in first chunk: 1
[2025-09-27T00:00:06.048+0000] {cursor.py:1149} INFO - Number of results in first chunk: 1
[2025-09-27T00:00:06.049+0000] {ml_forecast_stock.py:223} INFO - Using: warehouse="BEETLE_QUERY_WH", database="ASH_DB", schema="STOCK_SCHEMA"
[2025-09-27T00:00:06.944+0000] {cursor.py:1149} INFO - Number of results in first chunk: 1
[2025-09-27T00:00:06.944+0000] {ml_forecast_stock.py:231} INFO - Executing SQL statement 1/1
[2025-09-27T00:00:07.559+0000] {cursor.py:1149} INFO - Number of results in first chunk: 1
[2025-09-27T00:00:07.661+0000] {cursor.py:1149} INFO - Number of results in first chunk: 1
[2025-09-27T00:00:07.662+0000] {ml_forecast_stock.py:237} INFO - All SQL statements executed successfully
[2025-09-27T00:00:07.663+0000] {connection.py:773} INFO - closed
[2025-09-27T00:00:07.887+0000] {connection.py:779} INFO - No async queries seem to be running, deleting session
[2025-09-27T00:00:08.275+0000] {ml_forecast_stock.py:283} INFO - Training view created successfully
[2025-09-27T00:00:08.276+0000] {python.py:237} INFO - Done. Returned value was: None
[2025-09-27T00:00:08.276+0000] {taskinstance.py:441} INFO - ::group::Post task execution logs
[2025-09-27T00:00:08.281+0000] {taskinstance.py:1206} INFO - Marking task as SUCCESS. dag_id=ml_forecast_stock_robust, task_id=create_training_view, run_id=scheduled__2025-09-26T00:00:00+00:00, execution_date=20250926T000000, start_date=20250927T000004, end_date=20250927T000008
[2025-09-27T00:00:08.314+0000] {local_task_job_runner.py:243} INFO - Task exited with return code 0
[2025-09-27T00:00:08.325+0000] {taskinstance.py:3503} INFO - 1 downstream tasks scheduled from follow-on schedule check
[2025-09-27T00:00:08.325+0000] {local_task_job_runner.py:222} INFO - ::endgroup::
