[2025-09-18T21:13:14.982+0000] {local_task_job_runner.py:120} INFO - ::group::Pre task execution logs
[2025-09-18T21:13:14.991+0000] {taskinstance.py:2076} INFO - Dependencies all met for dep_context=non-requeueable deps ti=<TaskInstance: ml_forecast_stock.create_or_replace_model manual__2025-09-18T21:12:50.424604+00:00 [queued]>
[2025-09-18T21:13:14.993+0000] {taskinstance.py:2076} INFO - Dependencies all met for dep_context=requeueable deps ti=<TaskInstance: ml_forecast_stock.create_or_replace_model manual__2025-09-18T21:12:50.424604+00:00 [queued]>
[2025-09-18T21:13:14.993+0000] {taskinstance.py:2306} INFO - Starting attempt 1 of 2
[2025-09-18T21:13:14.997+0000] {taskinstance.py:2330} INFO - Executing <Task(SnowflakeOperator): create_or_replace_model> on 2025-09-18 21:12:50.424604+00:00
[2025-09-18T21:13:15.000+0000] {warnings.py:112} WARNING - /home/***/.local/lib/python3.12/site-packages/***/task/task_runner/standard_task_runner.py:62: DeprecationWarning: This process (pid=13015) is multi-threaded, use of fork() may lead to deadlocks in the child.
  pid = os.fork()

[2025-09-18T21:13:15.000+0000] {standard_task_runner.py:64} INFO - Started process 13017 to run task
[2025-09-18T21:13:15.001+0000] {standard_task_runner.py:90} INFO - Running: ['***', 'tasks', 'run', 'ml_forecast_stock', 'create_or_replace_model', 'manual__2025-09-18T21:12:50.424604+00:00', '--job-id', '126', '--raw', '--subdir', 'DAGS_FOLDER/ml_forecast_stock.py', '--cfg-path', '/tmp/tmp6kf6g8aa']
[2025-09-18T21:13:15.001+0000] {standard_task_runner.py:91} INFO - Job 126: Subtask create_or_replace_model
[2025-09-18T21:13:15.016+0000] {task_command.py:426} INFO - Running <TaskInstance: ml_forecast_stock.create_or_replace_model manual__2025-09-18T21:12:50.424604+00:00 [running]> on host 11e1994bdecf
[2025-09-18T21:13:15.051+0000] {taskinstance.py:2648} INFO - Exporting env vars: AIRFLOW_CTX_DAG_OWNER='data226' AIRFLOW_CTX_DAG_ID='ml_forecast_stock' AIRFLOW_CTX_TASK_ID='create_or_replace_model' AIRFLOW_CTX_EXECUTION_DATE='2025-09-18T21:12:50.424604+00:00' AIRFLOW_CTX_TRY_NUMBER='1' AIRFLOW_CTX_DAG_RUN_ID='manual__2025-09-18T21:12:50.424604+00:00'
[2025-09-18T21:13:15.052+0000] {taskinstance.py:430} INFO - ::endgroup::
[2025-09-18T21:13:15.052+0000] {sql.py:282} INFO - Executing: 
        USE WAREHOUSE "BEETLE_QUERY_WH";
        USE DATABASE "ASH_DB";
        USE SCHEMA "STOCK_SCHEMA";

        CREATE OR REPLACE SNOWFLAKE.ML.FORECAST stock_price(
            INPUT_DATA => SYSTEM$REFERENCE('VIEW', 'stock_price_daily_v1'),
            SERIES_COLNAME => 'SYMBOL',
            TIMESTAMP_COLNAME => 'DATE_V1',
            TARGET_COLNAME => 'CLOSE',
            CONFIG_OBJECT => {'ON_ERROR': 'SKIP'}
        );
        
[2025-09-18T21:13:15.056+0000] {base.py:84} INFO - Using connection ID 'snowflake_default' for task execution.
[2025-09-18T21:13:15.059+0000] {base.py:84} INFO - Using connection ID 'snowflake_default' for task execution.
[2025-09-18T21:13:15.059+0000] {connection.py:408} INFO - Snowflake Connector for Python Version: 3.11.0, Python Version: 3.12.4, Platform: Linux-6.10.14-linuxkit-aarch64-with-glibc2.36
[2025-09-18T21:13:15.060+0000] {connection.py:1258} INFO - This connection is in OCSP Fail Open Mode. TLS Certificates would be checked for validity and revocation status. Any other Certificate Revocation related exceptions or OCSP Responder failures would be disregarded in favor of connectivity.
[2025-09-18T21:13:15.515+0000] {cursor.py:1149} INFO - Number of results in first chunk: 1
[2025-09-18T21:13:15.516+0000] {sql.py:495} INFO - Running statement: USE WAREHOUSE "BEETLE_QUERY_WH";, parameters: None
[2025-09-18T21:13:15.698+0000] {cursor.py:1149} INFO - Number of results in first chunk: 1
[2025-09-18T21:13:15.699+0000] {sql.py:504} INFO - Rows affected: 1
[2025-09-18T21:13:15.700+0000] {snowflake.py:422} INFO - Rows affected: 1
[2025-09-18T21:13:15.700+0000] {snowflake.py:423} INFO - Snowflake query id: 01bf2419-0106-77e4-000f-c0df0022232a
[2025-09-18T21:13:15.700+0000] {sql.py:495} INFO - Running statement: USE DATABASE "ASH_DB";, parameters: None
[2025-09-18T21:13:16.011+0000] {cursor.py:1149} INFO - Number of results in first chunk: 1
[2025-09-18T21:13:16.011+0000] {sql.py:504} INFO - Rows affected: 1
[2025-09-18T21:13:16.012+0000] {snowflake.py:422} INFO - Rows affected: 1
[2025-09-18T21:13:16.012+0000] {snowflake.py:423} INFO - Snowflake query id: 01bf2419-0106-7680-000f-c0df0022041a
[2025-09-18T21:13:16.012+0000] {sql.py:495} INFO - Running statement: USE SCHEMA "STOCK_SCHEMA";, parameters: None
[2025-09-18T21:13:16.421+0000] {cursor.py:1149} INFO - Number of results in first chunk: 1
[2025-09-18T21:13:16.422+0000] {sql.py:504} INFO - Rows affected: 1
[2025-09-18T21:13:16.422+0000] {snowflake.py:422} INFO - Rows affected: 1
[2025-09-18T21:13:16.422+0000] {snowflake.py:423} INFO - Snowflake query id: 01bf2419-0106-7800-000f-c0df00224306
[2025-09-18T21:13:16.422+0000] {sql.py:495} INFO - Running statement: CREATE OR REPLACE SNOWFLAKE.ML.FORECAST stock_price(
            INPUT_DATA => SYSTEM$REFERENCE('VIEW', 'stock_price_daily_v1'),
            SERIES_COLNAME => 'SYMBOL',
            TIMESTAMP_COLNAME => 'DATE_V1',
            TARGET_COLNAME => 'CLOSE',
            CONFIG_OBJECT => {'ON_ERROR': 'SKIP'}
        );, parameters: None
[2025-09-18T21:15:21.438+0000] {cursor.py:1149} INFO - Number of results in first chunk: 1
[2025-09-18T21:15:21.440+0000] {sql.py:504} INFO - Rows affected: 1
[2025-09-18T21:15:21.440+0000] {snowflake.py:422} INFO - Rows affected: 1
[2025-09-18T21:15:21.440+0000] {snowflake.py:423} INFO - Snowflake query id: 01bf2419-0106-77e0-000f-c0df0021ad06
[2025-09-18T21:15:21.440+0000] {connection.py:773} INFO - closed
[2025-09-18T21:15:21.553+0000] {connection.py:779} INFO - No async queries seem to be running, deleting session
[2025-09-18T21:15:21.660+0000] {taskinstance.py:441} INFO - ::group::Post task execution logs
[2025-09-18T21:15:21.680+0000] {taskinstance.py:1206} INFO - Marking task as SUCCESS. dag_id=ml_forecast_stock, task_id=create_or_replace_model, run_id=manual__2025-09-18T21:12:50.424604+00:00, execution_date=20250918T211250, start_date=20250918T211314, end_date=20250918T211521
[2025-09-18T21:15:21.731+0000] {local_task_job_runner.py:243} INFO - Task exited with return code 0
[2025-09-18T21:15:21.741+0000] {warnings.py:112} WARNING - /home/***/.local/lib/python3.12/site-packages/***/models/baseoperator.py:1297: AirflowProviderDeprecationWarning: Call to deprecated class SnowflakeOperator. (This class is deprecated. Please use `***.providers.common.sql.operators.sql.SQLExecuteQueryOperator`. Also, you can provide `hook_params={'warehouse': <warehouse>, 'database': <database>, 'role': <role>, 'schema': <schema>, 'authenticator': <authenticator>,'session_parameters': <session_parameters>}`.)
  result = cls.__new__(cls)

[2025-09-18T21:15:21.755+0000] {taskinstance.py:3503} INFO - 1 downstream tasks scheduled from follow-on schedule check
[2025-09-18T21:15:21.756+0000] {local_task_job_runner.py:222} INFO - ::endgroup::
