[2025-09-25T22:56:51.196+0000] {local_task_job_runner.py:120} INFO - ::group::Pre task execution logs
[2025-09-25T22:56:51.214+0000] {taskinstance.py:2076} INFO - Dependencies all met for dep_context=non-requeueable deps ti=<TaskInstance: ml_forecast_stock_robust.wait_for_etl scheduled__2025-09-24T00:00:00+00:00 [queued]>
[2025-09-25T22:56:51.216+0000] {taskinstance.py:2076} INFO - Dependencies all met for dep_context=requeueable deps ti=<TaskInstance: ml_forecast_stock_robust.wait_for_etl scheduled__2025-09-24T00:00:00+00:00 [queued]>
[2025-09-25T22:56:51.216+0000] {taskinstance.py:2306} INFO - Starting attempt 1 of 3
[2025-09-25T22:56:51.220+0000] {taskinstance.py:2330} INFO - Executing <Task(ExternalTaskSensor): wait_for_etl> on 2025-09-24 00:00:00+00:00
[2025-09-25T22:56:51.224+0000] {warnings.py:112} WARNING - /home/***/.local/lib/python3.12/site-packages/***/task/task_runner/standard_task_runner.py:62: DeprecationWarning: This process (pid=17054) is multi-threaded, use of fork() may lead to deadlocks in the child.
  pid = os.fork()

[2025-09-25T22:56:51.225+0000] {standard_task_runner.py:64} INFO - Started process 17056 to run task
[2025-09-25T22:56:51.225+0000] {standard_task_runner.py:90} INFO - Running: ['***', 'tasks', 'run', 'ml_forecast_stock_robust', 'wait_for_etl', 'scheduled__2025-09-24T00:00:00+00:00', '--job-id', '396', '--raw', '--subdir', 'DAGS_FOLDER/ml_forecast_stock.py', '--cfg-path', '/tmp/tmps8taf1z6']
[2025-09-25T22:56:51.225+0000] {standard_task_runner.py:91} INFO - Job 396: Subtask wait_for_etl
[2025-09-25T22:56:51.243+0000] {task_command.py:426} INFO - Running <TaskInstance: ml_forecast_stock_robust.wait_for_etl scheduled__2025-09-24T00:00:00+00:00 [running]> on host 11e1994bdecf
[2025-09-25T22:56:51.270+0000] {taskinstance.py:2648} INFO - Exporting env vars: AIRFLOW_CTX_DAG_OWNER='data226' AIRFLOW_CTX_DAG_ID='ml_forecast_stock_robust' AIRFLOW_CTX_TASK_ID='wait_for_etl' AIRFLOW_CTX_EXECUTION_DATE='2025-09-24T00:00:00+00:00' AIRFLOW_CTX_TRY_NUMBER='1' AIRFLOW_CTX_DAG_RUN_ID='scheduled__2025-09-24T00:00:00+00:00'
[2025-09-25T22:56:51.270+0000] {taskinstance.py:430} INFO - ::endgroup::
[2025-09-25T22:56:51.271+0000] {baseoperator.py:400} WARNING - ExternalTaskSensor.execute cannot be called outside TaskInstance!
[2025-09-25T22:56:51.271+0000] {external_task.py:258} INFO - Poking for tasks ['fetch_and_upsert'] in dag "etl_yfinance_stock" on 2025-09-24T00:00:00+00:00 ... 
[2025-09-25T22:56:51.271+0000] {warnings.py:112} WARNING - /home/***/.local/lib/python3.12/site-packages/***/utils/session.py:79: DeprecationWarning: This method is deprecated and will be removed in future.
  return func(*args, session=session, **kwargs)

[2025-09-25T22:57:21.279+0000] {external_task.py:258} INFO - Poking for tasks ['fetch_and_upsert'] in dag "etl_yfinance_stock" on 2025-09-24T00:00:00+00:00 ... 
[2025-09-25T22:57:51.307+0000] {external_task.py:258} INFO - Poking for tasks ['fetch_and_upsert'] in dag "etl_yfinance_stock" on 2025-09-24T00:00:00+00:00 ... 
[2025-09-25T22:58:21.340+0000] {external_task.py:258} INFO - Poking for tasks ['fetch_and_upsert'] in dag "etl_yfinance_stock" on 2025-09-24T00:00:00+00:00 ... 
[2025-09-25T22:58:51.355+0000] {external_task.py:258} INFO - Poking for tasks ['fetch_and_upsert'] in dag "etl_yfinance_stock" on 2025-09-24T00:00:00+00:00 ... 
[2025-09-25T22:59:21.384+0000] {external_task.py:258} INFO - Poking for tasks ['fetch_and_upsert'] in dag "etl_yfinance_stock" on 2025-09-24T00:00:00+00:00 ... 
[2025-09-25T22:59:51.411+0000] {external_task.py:258} INFO - Poking for tasks ['fetch_and_upsert'] in dag "etl_yfinance_stock" on 2025-09-24T00:00:00+00:00 ... 
[2025-09-25T23:00:21.442+0000] {external_task.py:258} INFO - Poking for tasks ['fetch_and_upsert'] in dag "etl_yfinance_stock" on 2025-09-24T00:00:00+00:00 ... 
[2025-09-25T23:00:51.472+0000] {external_task.py:258} INFO - Poking for tasks ['fetch_and_upsert'] in dag "etl_yfinance_stock" on 2025-09-24T00:00:00+00:00 ... 
[2025-09-25T23:01:21.499+0000] {external_task.py:258} INFO - Poking for tasks ['fetch_and_upsert'] in dag "etl_yfinance_stock" on 2025-09-24T00:00:00+00:00 ... 
[2025-09-25T23:01:51.530+0000] {external_task.py:258} INFO - Poking for tasks ['fetch_and_upsert'] in dag "etl_yfinance_stock" on 2025-09-24T00:00:00+00:00 ... 
[2025-09-25T23:02:21.560+0000] {external_task.py:258} INFO - Poking for tasks ['fetch_and_upsert'] in dag "etl_yfinance_stock" on 2025-09-24T00:00:00+00:00 ... 
[2025-09-25T23:02:51.584+0000] {external_task.py:258} INFO - Poking for tasks ['fetch_and_upsert'] in dag "etl_yfinance_stock" on 2025-09-24T00:00:00+00:00 ... 
[2025-09-25T23:03:21.604+0000] {external_task.py:258} INFO - Poking for tasks ['fetch_and_upsert'] in dag "etl_yfinance_stock" on 2025-09-24T00:00:00+00:00 ... 
[2025-09-25T23:03:51.630+0000] {external_task.py:258} INFO - Poking for tasks ['fetch_and_upsert'] in dag "etl_yfinance_stock" on 2025-09-24T00:00:00+00:00 ... 
[2025-09-25T23:04:21.657+0000] {external_task.py:258} INFO - Poking for tasks ['fetch_and_upsert'] in dag "etl_yfinance_stock" on 2025-09-24T00:00:00+00:00 ... 
[2025-09-25T23:04:51.697+0000] {external_task.py:258} INFO - Poking for tasks ['fetch_and_upsert'] in dag "etl_yfinance_stock" on 2025-09-24T00:00:00+00:00 ... 
[2025-09-25T23:05:21.737+0000] {external_task.py:258} INFO - Poking for tasks ['fetch_and_upsert'] in dag "etl_yfinance_stock" on 2025-09-24T00:00:00+00:00 ... 
[2025-09-25T23:05:51.762+0000] {external_task.py:258} INFO - Poking for tasks ['fetch_and_upsert'] in dag "etl_yfinance_stock" on 2025-09-24T00:00:00+00:00 ... 
[2025-09-25T23:06:21.788+0000] {external_task.py:258} INFO - Poking for tasks ['fetch_and_upsert'] in dag "etl_yfinance_stock" on 2025-09-24T00:00:00+00:00 ... 
[2025-09-25T23:06:51.813+0000] {external_task.py:258} INFO - Poking for tasks ['fetch_and_upsert'] in dag "etl_yfinance_stock" on 2025-09-24T00:00:00+00:00 ... 
[2025-09-25T23:07:21.844+0000] {external_task.py:258} INFO - Poking for tasks ['fetch_and_upsert'] in dag "etl_yfinance_stock" on 2025-09-24T00:00:00+00:00 ... 
[2025-09-25T23:07:51.868+0000] {external_task.py:258} INFO - Poking for tasks ['fetch_and_upsert'] in dag "etl_yfinance_stock" on 2025-09-24T00:00:00+00:00 ... 
[2025-09-25T23:08:21.897+0000] {external_task.py:258} INFO - Poking for tasks ['fetch_and_upsert'] in dag "etl_yfinance_stock" on 2025-09-24T00:00:00+00:00 ... 
[2025-09-25T23:08:51.937+0000] {external_task.py:258} INFO - Poking for tasks ['fetch_and_upsert'] in dag "etl_yfinance_stock" on 2025-09-24T00:00:00+00:00 ... 
[2025-09-25T23:09:21.964+0000] {external_task.py:258} INFO - Poking for tasks ['fetch_and_upsert'] in dag "etl_yfinance_stock" on 2025-09-24T00:00:00+00:00 ... 
[2025-09-25T23:09:51.987+0000] {external_task.py:258} INFO - Poking for tasks ['fetch_and_upsert'] in dag "etl_yfinance_stock" on 2025-09-24T00:00:00+00:00 ... 
[2025-09-25T23:10:22.008+0000] {external_task.py:258} INFO - Poking for tasks ['fetch_and_upsert'] in dag "etl_yfinance_stock" on 2025-09-24T00:00:00+00:00 ... 
[2025-09-25T23:10:52.023+0000] {external_task.py:258} INFO - Poking for tasks ['fetch_and_upsert'] in dag "etl_yfinance_stock" on 2025-09-24T00:00:00+00:00 ... 
[2025-09-25T23:11:22.034+0000] {external_task.py:258} INFO - Poking for tasks ['fetch_and_upsert'] in dag "etl_yfinance_stock" on 2025-09-24T00:00:00+00:00 ... 
[2025-09-25T23:11:52.048+0000] {external_task.py:258} INFO - Poking for tasks ['fetch_and_upsert'] in dag "etl_yfinance_stock" on 2025-09-24T00:00:00+00:00 ... 
[2025-09-25T23:12:22.068+0000] {external_task.py:258} INFO - Poking for tasks ['fetch_and_upsert'] in dag "etl_yfinance_stock" on 2025-09-24T00:00:00+00:00 ... 
[2025-09-25T23:12:52.085+0000] {external_task.py:258} INFO - Poking for tasks ['fetch_and_upsert'] in dag "etl_yfinance_stock" on 2025-09-24T00:00:00+00:00 ... 
[2025-09-25T23:13:22.121+0000] {external_task.py:258} INFO - Poking for tasks ['fetch_and_upsert'] in dag "etl_yfinance_stock" on 2025-09-24T00:00:00+00:00 ... 
[2025-09-25T23:13:52.149+0000] {external_task.py:258} INFO - Poking for tasks ['fetch_and_upsert'] in dag "etl_yfinance_stock" on 2025-09-24T00:00:00+00:00 ... 
[2025-09-25T23:14:22.171+0000] {external_task.py:258} INFO - Poking for tasks ['fetch_and_upsert'] in dag "etl_yfinance_stock" on 2025-09-24T00:00:00+00:00 ... 
[2025-09-25T23:14:52.197+0000] {external_task.py:258} INFO - Poking for tasks ['fetch_and_upsert'] in dag "etl_yfinance_stock" on 2025-09-24T00:00:00+00:00 ... 
[2025-09-25T23:15:22.215+0000] {external_task.py:258} INFO - Poking for tasks ['fetch_and_upsert'] in dag "etl_yfinance_stock" on 2025-09-24T00:00:00+00:00 ... 
[2025-09-25T23:15:52.230+0000] {external_task.py:258} INFO - Poking for tasks ['fetch_and_upsert'] in dag "etl_yfinance_stock" on 2025-09-24T00:00:00+00:00 ... 
[2025-09-25T23:16:22.257+0000] {external_task.py:258} INFO - Poking for tasks ['fetch_and_upsert'] in dag "etl_yfinance_stock" on 2025-09-24T00:00:00+00:00 ... 
[2025-09-25T23:16:52.272+0000] {external_task.py:258} INFO - Poking for tasks ['fetch_and_upsert'] in dag "etl_yfinance_stock" on 2025-09-24T00:00:00+00:00 ... 
[2025-09-25T23:17:22.287+0000] {external_task.py:258} INFO - Poking for tasks ['fetch_and_upsert'] in dag "etl_yfinance_stock" on 2025-09-24T00:00:00+00:00 ... 
[2025-09-25T23:17:52.300+0000] {external_task.py:258} INFO - Poking for tasks ['fetch_and_upsert'] in dag "etl_yfinance_stock" on 2025-09-24T00:00:00+00:00 ... 
[2025-09-25T23:18:22.325+0000] {external_task.py:258} INFO - Poking for tasks ['fetch_and_upsert'] in dag "etl_yfinance_stock" on 2025-09-24T00:00:00+00:00 ... 
[2025-09-25T23:18:52.330+0000] {external_task.py:258} INFO - Poking for tasks ['fetch_and_upsert'] in dag "etl_yfinance_stock" on 2025-09-24T00:00:00+00:00 ... 
[2025-09-25T23:19:22.366+0000] {external_task.py:258} INFO - Poking for tasks ['fetch_and_upsert'] in dag "etl_yfinance_stock" on 2025-09-24T00:00:00+00:00 ... 
[2025-09-25T23:19:52.378+0000] {external_task.py:258} INFO - Poking for tasks ['fetch_and_upsert'] in dag "etl_yfinance_stock" on 2025-09-24T00:00:00+00:00 ... 
[2025-09-25T23:20:22.406+0000] {external_task.py:258} INFO - Poking for tasks ['fetch_and_upsert'] in dag "etl_yfinance_stock" on 2025-09-24T00:00:00+00:00 ... 
[2025-09-25T23:20:52.425+0000] {external_task.py:258} INFO - Poking for tasks ['fetch_and_upsert'] in dag "etl_yfinance_stock" on 2025-09-24T00:00:00+00:00 ... 
[2025-09-25T23:21:22.448+0000] {external_task.py:258} INFO - Poking for tasks ['fetch_and_upsert'] in dag "etl_yfinance_stock" on 2025-09-24T00:00:00+00:00 ... 
[2025-09-25T23:21:52.478+0000] {external_task.py:258} INFO - Poking for tasks ['fetch_and_upsert'] in dag "etl_yfinance_stock" on 2025-09-24T00:00:00+00:00 ... 
[2025-09-25T23:22:22.502+0000] {external_task.py:258} INFO - Poking for tasks ['fetch_and_upsert'] in dag "etl_yfinance_stock" on 2025-09-24T00:00:00+00:00 ... 
[2025-09-25T23:22:52.518+0000] {external_task.py:258} INFO - Poking for tasks ['fetch_and_upsert'] in dag "etl_yfinance_stock" on 2025-09-24T00:00:00+00:00 ... 
[2025-09-25T23:23:22.529+0000] {external_task.py:258} INFO - Poking for tasks ['fetch_and_upsert'] in dag "etl_yfinance_stock" on 2025-09-24T00:00:00+00:00 ... 
[2025-09-25T23:23:52.570+0000] {external_task.py:258} INFO - Poking for tasks ['fetch_and_upsert'] in dag "etl_yfinance_stock" on 2025-09-24T00:00:00+00:00 ... 
[2025-09-25T23:24:22.598+0000] {external_task.py:258} INFO - Poking for tasks ['fetch_and_upsert'] in dag "etl_yfinance_stock" on 2025-09-24T00:00:00+00:00 ... 
[2025-09-25T23:24:52.613+0000] {external_task.py:258} INFO - Poking for tasks ['fetch_and_upsert'] in dag "etl_yfinance_stock" on 2025-09-24T00:00:00+00:00 ... 
[2025-09-25T23:25:20.157+0000] {local_task_job_runner.py:313} WARNING - State of this instance has been externally set to removed. Terminating instance.
[2025-09-25T23:25:20.161+0000] {local_task_job_runner.py:222} INFO - ::endgroup::
[2025-09-25T23:25:20.163+0000] {process_utils.py:132} INFO - Sending 15 to group 17056. PIDs of all processes in the group: [17056]
[2025-09-25T23:25:20.164+0000] {process_utils.py:87} INFO - Sending the signal 15 to group 17056
[2025-09-25T23:25:20.166+0000] {taskinstance.py:2611} ERROR - Received SIGTERM. Terminating subprocesses.
[2025-09-25T23:25:20.169+0000] {taskinstance.py:441} INFO - ::group::Post task execution logs
[2025-09-25T23:25:20.227+0000] {process_utils.py:80} INFO - Process psutil.Process(pid=17056, status='terminated', exitcode=0, started='22:56:50') (17056) terminated with exit code 0
