[2025-09-27T00:00:02.422+0000] {local_task_job_runner.py:120} INFO - ::group::Pre task execution logs
[2025-09-27T00:00:02.434+0000] {taskinstance.py:2076} INFO - Dependencies all met for dep_context=non-requeueable deps ti=<TaskInstance: etl_yfinance_stock.fetch_and_upsert scheduled__2025-09-26T00:00:00+00:00 [queued]>
[2025-09-27T00:00:02.438+0000] {taskinstance.py:2076} INFO - Dependencies all met for dep_context=requeueable deps ti=<TaskInstance: etl_yfinance_stock.fetch_and_upsert scheduled__2025-09-26T00:00:00+00:00 [queued]>
[2025-09-27T00:00:02.440+0000] {taskinstance.py:2306} INFO - Starting attempt 1 of 2
[2025-09-27T00:00:02.446+0000] {taskinstance.py:2330} INFO - Executing <Task(PythonOperator): fetch_and_upsert> on 2025-09-26 00:00:00+00:00
[2025-09-27T00:00:02.449+0000] {warnings.py:112} WARNING - /home/***/.local/lib/python3.12/site-packages/***/task/task_runner/standard_task_runner.py:62: DeprecationWarning: This process (pid=27173) is multi-threaded, use of fork() may lead to deadlocks in the child.
  pid = os.fork()

[2025-09-27T00:00:02.451+0000] {standard_task_runner.py:90} INFO - Running: ['***', 'tasks', 'run', 'etl_yfinance_stock', 'fetch_and_upsert', 'scheduled__2025-09-26T00:00:00+00:00', '--job-id', '418', '--raw', '--subdir', 'DAGS_FOLDER/etl_yfinance_stock.py', '--cfg-path', '/tmp/tmp512m7nbm']
[2025-09-27T00:00:02.453+0000] {standard_task_runner.py:64} INFO - Started process 27180 to run task
[2025-09-27T00:00:02.453+0000] {standard_task_runner.py:91} INFO - Job 418: Subtask fetch_and_upsert
[2025-09-27T00:00:02.475+0000] {task_command.py:426} INFO - Running <TaskInstance: etl_yfinance_stock.fetch_and_upsert scheduled__2025-09-26T00:00:00+00:00 [running]> on host 11e1994bdecf
[2025-09-27T00:00:02.651+0000] {taskinstance.py:2648} INFO - Exporting env vars: AIRFLOW_CTX_DAG_OWNER='dingyuyao' AIRFLOW_CTX_DAG_ID='etl_yfinance_stock' AIRFLOW_CTX_TASK_ID='fetch_and_upsert' AIRFLOW_CTX_EXECUTION_DATE='2025-09-26T00:00:00+00:00' AIRFLOW_CTX_TRY_NUMBER='1' AIRFLOW_CTX_DAG_RUN_ID='scheduled__2025-09-26T00:00:00+00:00'
[2025-09-27T00:00:02.653+0000] {taskinstance.py:430} INFO - ::endgroup::
[2025-09-27T00:00:02.654+0000] {logging_mixin.py:188} INFO - [DEBUG] Date range: 2025-03-31 to 2025-09-27
[2025-09-27T00:00:02.657+0000] {logging_mixin.py:188} INFO - [DEBUG] Stock symbols: ['AAPL', 'MSFT', 'GOOGL', 'TSLA', 'NVDA']
[2025-09-27T00:00:02.657+0000] {logging_mixin.py:188} INFO - [DEBUG] Fetching data for AAPL...
[2025-09-27T00:00:02.658+0000] {warnings.py:112} WARNING - /opt/***/dags/etl_yfinance_stock.py:41: FutureWarning: YF.download() has changed argument auto_adjust default to True
  df = yf.download(symbol, start = start_date.isoformat(), end = end_date.isoformat(), progress = False)

[2025-09-27T00:00:03.320+0000] {logging_mixin.py:188} INFO - [DEBUG] Processed data shape for AAPL: (125, 7)
[2025-09-27T00:00:03.321+0000] {logging_mixin.py:188} INFO - [DEBUG] Processed columns for AAPL: ['SYMBOL', 'DATE', 'OPEN', 'CLOSE', 'MIN', 'MAX', 'VOLUME']
[2025-09-27T00:00:03.321+0000] {logging_mixin.py:188} INFO - [DEBUG] Sample data for AAPL:
[2025-09-27T00:00:03.324+0000] {logging_mixin.py:188} INFO - Price SYMBOL       DATE        OPEN  ...         MIN         MAX    VOLUME
0       AAPL 2025-03-31  216.480107  ...  215.702013  225.069084  65299300
1       AAPL 2025-04-01  219.273268  ...  218.365486  223.133813  36412700

[2 rows x 7 columns]
[2025-09-27T00:00:03.324+0000] {logging_mixin.py:188} INFO - [DEBUG] Fetching data for MSFT...
[2025-09-27T00:00:03.325+0000] {warnings.py:112} WARNING - /opt/***/dags/etl_yfinance_stock.py:41: FutureWarning: YF.download() has changed argument auto_adjust default to True
  df = yf.download(symbol, start = start_date.isoformat(), end = end_date.isoformat(), progress = False)

[2025-09-27T00:00:03.560+0000] {logging_mixin.py:188} INFO - [DEBUG] Processed data shape for MSFT: (125, 7)
[2025-09-27T00:00:03.561+0000] {logging_mixin.py:188} INFO - [DEBUG] Processed columns for MSFT: ['SYMBOL', 'DATE', 'OPEN', 'CLOSE', 'MIN', 'MAX', 'VOLUME']
[2025-09-27T00:00:03.561+0000] {logging_mixin.py:188} INFO - [DEBUG] Sample data for MSFT:
[2025-09-27T00:00:03.564+0000] {logging_mixin.py:188} INFO - Price SYMBOL       DATE        OPEN  ...         MIN         MAX    VOLUME
0       MSFT 2025-03-31  371.247044  ...  365.965420  375.761320  35184700
1       MSFT 2025-04-01  373.349716  ...  371.934661  381.521269  19689500

[2 rows x 7 columns]
[2025-09-27T00:00:03.565+0000] {logging_mixin.py:188} INFO - [DEBUG] Fetching data for GOOGL...
[2025-09-27T00:00:03.566+0000] {warnings.py:112} WARNING - /opt/***/dags/etl_yfinance_stock.py:41: FutureWarning: YF.download() has changed argument auto_adjust default to True
  df = yf.download(symbol, start = start_date.isoformat(), end = end_date.isoformat(), progress = False)

[2025-09-27T00:00:03.772+0000] {logging_mixin.py:188} INFO - [DEBUG] Processed data shape for GOOGL: (125, 7)
[2025-09-27T00:00:03.772+0000] {logging_mixin.py:188} INFO - [DEBUG] Processed columns for GOOGL: ['SYMBOL', 'DATE', 'OPEN', 'CLOSE', 'MIN', 'MAX', 'VOLUME']
[2025-09-27T00:00:03.773+0000] {logging_mixin.py:188} INFO - [DEBUG] Sample data for GOOGL:
[2025-09-27T00:00:03.775+0000] {logging_mixin.py:188} INFO - Price SYMBOL       DATE        OPEN  ...         MIN         MAX    VOLUME
0      GOOGL 2025-03-31  152.788219  ...  150.343371  155.213105  54603500
1      GOOGL 2025-04-01  153.297137  ...  153.297137  157.767733  30672900

[2 rows x 7 columns]
[2025-09-27T00:00:03.775+0000] {logging_mixin.py:188} INFO - [DEBUG] Fetching data for TSLA...
[2025-09-27T00:00:03.775+0000] {warnings.py:112} WARNING - /opt/***/dags/etl_yfinance_stock.py:41: FutureWarning: YF.download() has changed argument auto_adjust default to True
  df = yf.download(symbol, start = start_date.isoformat(), end = end_date.isoformat(), progress = False)

[2025-09-27T00:00:03.970+0000] {logging_mixin.py:188} INFO - [DEBUG] Processed data shape for TSLA: (125, 7)
[2025-09-27T00:00:03.970+0000] {logging_mixin.py:188} INFO - [DEBUG] Processed columns for TSLA: ['SYMBOL', 'DATE', 'OPEN', 'CLOSE', 'MIN', 'MAX', 'VOLUME']
[2025-09-27T00:00:03.971+0000] {logging_mixin.py:188} INFO - [DEBUG] Sample data for TSLA:
[2025-09-27T00:00:03.974+0000] {logging_mixin.py:188} INFO - Price SYMBOL       DATE        OPEN  ...         MIN         MAX     VOLUME
0       TSLA 2025-03-31  249.309998  ...  243.360001  260.559998  134008900
1       TSLA 2025-04-01  263.799988  ...  259.250000  277.450012  146486900

[2 rows x 7 columns]
[2025-09-27T00:00:03.974+0000] {logging_mixin.py:188} INFO - [DEBUG] Fetching data for NVDA...
[2025-09-27T00:00:03.975+0000] {warnings.py:112} WARNING - /opt/***/dags/etl_yfinance_stock.py:41: FutureWarning: YF.download() has changed argument auto_adjust default to True
  df = yf.download(symbol, start = start_date.isoformat(), end = end_date.isoformat(), progress = False)

[2025-09-27T00:00:04.230+0000] {logging_mixin.py:188} INFO - [DEBUG] Processed data shape for NVDA: (125, 7)
[2025-09-27T00:00:04.230+0000] {logging_mixin.py:188} INFO - [DEBUG] Processed columns for NVDA: ['SYMBOL', 'DATE', 'OPEN', 'CLOSE', 'MIN', 'MAX', 'VOLUME']
[2025-09-27T00:00:04.231+0000] {logging_mixin.py:188} INFO - [DEBUG] Sample data for NVDA:
[2025-09-27T00:00:04.234+0000] {logging_mixin.py:188} INFO - Price SYMBOL       DATE        OPEN  ...         MIN         MAX     VOLUME
0       NVDA 2025-03-31  105.116772  ...  103.636963  110.946041  299212700
1       NVDA 2025-04-01  108.506339  ...  106.456602  110.186128  222614000

[2 rows x 7 columns]
[2025-09-27T00:00:04.234+0000] {logging_mixin.py:188} INFO - [DEBUG] Combined data shape: (625, 7)
[2025-09-27T00:00:04.234+0000] {logging_mixin.py:188} INFO - [DEBUG] Combined data columns: ['SYMBOL', 'DATE', 'OPEN', 'CLOSE', 'MIN', 'MAX', 'VOLUME']
[2025-09-27T00:00:04.236+0000] {logging_mixin.py:188} INFO - [DEBUG] NaN count per column:
[2025-09-27T00:00:04.237+0000] {logging_mixin.py:188} INFO - Price
SYMBOL    0
DATE      0
OPEN      0
CLOSE     0
MIN       0
MAX       0
VOLUME    0
dtype: int64
[2025-09-27T00:00:04.238+0000] {logging_mixin.py:188} INFO - [DEBUG] Final data shape: (625, 7)
[2025-09-27T00:00:04.238+0000] {logging_mixin.py:188} INFO - [DEBUG] Final data sample:
[2025-09-27T00:00:04.240+0000] {logging_mixin.py:188} INFO - Price SYMBOL        DATE        OPEN  ...         MIN         MAX     VOLUME
0       AAPL  2025-03-31  216.480107  ...  215.702013  225.069084   65299300
1       AAPL  2025-04-01  219.273268  ...  218.365486  223.133813   36412700
2       AAPL  2025-04-02  220.779591  ...  220.480320  224.640136   35905900
3       AAPL  2025-04-03  205.038116  ...  200.758597  206.983366  103419000
4       AAPL  2025-04-04  193.416569  ...  186.882560  199.391949  125910900

[5 rows x 7 columns]
[2025-09-27T00:00:04.245+0000] {base.py:84} INFO - Using connection ID 'snowflake_default' for task execution.
[2025-09-27T00:00:04.246+0000] {connection.py:408} INFO - Snowflake Connector for Python Version: 3.11.0, Python Version: 3.12.4, Platform: Linux-6.10.14-linuxkit-aarch64-with-glibc2.36
[2025-09-27T00:00:04.246+0000] {connection.py:1258} INFO - This connection is in OCSP Fail Open Mode. TLS Certificates would be checked for validity and revocation status. Any other Certificate Revocation related exceptions or OCSP Responder failures would be disregarded in favor of connectivity.
[2025-09-27T00:00:05.203+0000] {cursor.py:1149} INFO - Number of results in first chunk: 1
[2025-09-27T00:00:05.539+0000] {cursor.py:1149} INFO - Number of results in first chunk: 1
[2025-09-27T00:00:06.072+0000] {cursor.py:1149} INFO - Number of results in first chunk: 1
[2025-09-27T00:00:07.108+0000] {cursor.py:1149} INFO - Number of results in first chunk: 1
[2025-09-27T00:00:07.457+0000] {cursor.py:1149} INFO - Number of results in first chunk: 1
[2025-09-27T00:00:07.458+0000] {logging_mixin.py:188} INFO - [ctx] version=9.29.0, wh=BEETLE_QUERY_WH, role=TRAINING_ROLE, db=ASH_DB, schema=STOCK_SCHEMA
[2025-09-27T00:00:13.908+0000] {cursor.py:1149} INFO - Number of results in first chunk: 1
[2025-09-27T00:00:13.911+0000] {logging_mixin.py:188} INFO - [DEBUG] Prepared 625 rows for insertion
[2025-09-27T00:00:13.912+0000] {logging_mixin.py:188} INFO - [DEBUG] First row sample: {'SYMBOL': 'AAPL', 'DATE': datetime.date(2025, 3, 31), 'OPEN': 216.48010744476517, 'CLOSE': 221.58761596679688, 'MIN': 215.7020132379398, 'MAX': 225.06908447075043, 'VOLUME': 65299300}
[2025-09-27T00:04:45.511+0000] {cursor.py:1149} INFO - Number of results in first chunk: 1
[2025-09-27T00:04:45.513+0000] {logging_mixin.py:188} INFO - [fetch_and_upsert] Upserted 625 rows into fact_stock_price_daily.
[2025-09-27T00:04:45.514+0000] {connection.py:773} INFO - closed
[2025-09-27T00:04:45.587+0000] {connection.py:779} INFO - No async queries seem to be running, deleting session
[2025-09-27T00:04:46.033+0000] {python.py:237} INFO - Done. Returned value was: 625
[2025-09-27T00:04:46.034+0000] {taskinstance.py:441} INFO - ::group::Post task execution logs
[2025-09-27T00:04:46.062+0000] {taskinstance.py:1206} INFO - Marking task as SUCCESS. dag_id=etl_yfinance_stock, task_id=fetch_and_upsert, run_id=scheduled__2025-09-26T00:00:00+00:00, execution_date=20250926T000000, start_date=20250927T000002, end_date=20250927T000446
[2025-09-27T00:04:46.121+0000] {local_task_job_runner.py:243} INFO - Task exited with return code 0
[2025-09-27T00:04:46.137+0000] {taskinstance.py:3503} INFO - 0 downstream tasks scheduled from follow-on schedule check
[2025-09-27T00:04:46.138+0000] {local_task_job_runner.py:222} INFO - ::endgroup::
