[2025-10-01T21:58:18.279+0000] {local_task_job_runner.py:120} INFO - ::group::Pre task execution logs
[2025-10-01T21:58:18.289+0000] {taskinstance.py:2076} INFO - Dependencies all met for dep_context=non-requeueable deps ti=<TaskInstance: CountryCaptial_v2.load manual__2025-10-01T21:58:14.234500+00:00 [queued]>
[2025-10-01T21:58:18.293+0000] {taskinstance.py:2076} INFO - Dependencies all met for dep_context=requeueable deps ti=<TaskInstance: CountryCaptial_v2.load manual__2025-10-01T21:58:14.234500+00:00 [queued]>
[2025-10-01T21:58:18.294+0000] {taskinstance.py:2306} INFO - Starting attempt 1 of 1
[2025-10-01T21:58:18.300+0000] {taskinstance.py:2330} INFO - Executing <Task(_PythonDecoratedOperator): load> on 2025-10-01 21:58:14.234500+00:00
[2025-10-01T21:58:18.305+0000] {warnings.py:112} WARNING - /home/***/.local/lib/python3.12/site-packages/***/task/task_runner/standard_task_runner.py:62: DeprecationWarning: This process (pid=6187) is multi-threaded, use of fork() may lead to deadlocks in the child.
  pid = os.fork()

[2025-10-01T21:58:18.306+0000] {standard_task_runner.py:64} INFO - Started process 6191 to run task
[2025-10-01T21:58:18.307+0000] {standard_task_runner.py:90} INFO - Running: ['***', 'tasks', 'run', 'CountryCaptial_v2', 'load', 'manual__2025-10-01T21:58:14.234500+00:00', '--job-id', '481', '--raw', '--subdir', 'DAGS_FOLDER/country_capital_to_snowflake_v2.py', '--cfg-path', '/tmp/tmp5ugvl2cr']
[2025-10-01T21:58:18.308+0000] {standard_task_runner.py:91} INFO - Job 481: Subtask load
[2025-10-01T21:58:18.329+0000] {task_command.py:426} INFO - Running <TaskInstance: CountryCaptial_v2.load manual__2025-10-01T21:58:14.234500+00:00 [running]> on host 11e1994bdecf
[2025-10-01T21:58:18.367+0000] {taskinstance.py:2648} INFO - Exporting env vars: AIRFLOW_CTX_DAG_OWNER='***' AIRFLOW_CTX_DAG_ID='CountryCaptial_v2' AIRFLOW_CTX_TASK_ID='load' AIRFLOW_CTX_EXECUTION_DATE='2025-10-01T21:58:14.234500+00:00' AIRFLOW_CTX_TRY_NUMBER='1' AIRFLOW_CTX_DAG_RUN_ID='manual__2025-10-01T21:58:14.234500+00:00'
[2025-10-01T21:58:18.368+0000] {taskinstance.py:430} INFO - ::endgroup::
[2025-10-01T21:58:18.374+0000] {base.py:84} INFO - Using connection ID 'snowflake_conn' for task execution.
[2025-10-01T21:58:18.375+0000] {connection.py:408} INFO - Snowflake Connector for Python Version: 3.11.0, Python Version: 3.12.4, Platform: Linux-6.10.14-linuxkit-aarch64-with-glibc2.36
[2025-10-01T21:58:18.375+0000] {connection.py:1258} INFO - This connection is in OCSP Fail Open Mode. TLS Certificates would be checked for validity and revocation status. Any other Certificate Revocation related exceptions or OCSP Responder failures would be disregarded in favor of connectivity.
[2025-10-01T21:58:19.792+0000] {cursor.py:1149} INFO - Number of results in first chunk: 1
[2025-10-01T21:58:20.263+0000] {cursor.py:1149} INFO - Number of results in first chunk: 1
[2025-10-01T21:58:21.197+0000] {logging_mixin.py:188} INFO - Abkhazia - Sukhumi
[2025-10-01T21:58:21.810+0000] {logging_mixin.py:188} INFO - Afghanistan - Kabul
[2025-10-01T21:58:22.494+0000] {logging_mixin.py:188} INFO - Akrotiri and Dhekelia - Episkopi Cantonment
[2025-10-01T21:58:23.343+0000] {logging_mixin.py:188} INFO - Albania - Tirana
[2025-10-01T21:58:24.247+0000] {logging_mixin.py:188} INFO - Algeria - Algiers
[2025-10-01T21:58:24.942+0000] {logging_mixin.py:188} INFO - American Samoa - Pago Pago
[2025-10-01T21:58:25.360+0000] {logging_mixin.py:188} INFO - Andorra - Andorra la Vella
[2025-10-01T21:58:25.818+0000] {logging_mixin.py:188} INFO - Angola - Luanda
[2025-10-01T21:58:26.516+0000] {logging_mixin.py:188} INFO - Anguilla - The Valley
[2025-10-01T21:58:26.922+0000] {logging_mixin.py:188} INFO - Antigua and Barbuda - St. John''s
[2025-10-01T21:58:27.347+0000] {logging_mixin.py:188} INFO - Argentina - Buenos Aires
[2025-10-01T21:58:27.848+0000] {logging_mixin.py:188} INFO - Armenia - Yerevan
[2025-10-01T21:58:28.322+0000] {logging_mixin.py:188} INFO - Aruba - Oranjestad
[2025-10-01T21:58:28.668+0000] {logging_mixin.py:188} INFO - Ascension Island - Georgetown
[2025-10-01T21:58:29.593+0000] {logging_mixin.py:188} INFO - Australia - Canberra
[2025-10-01T21:58:30.047+0000] {logging_mixin.py:188} INFO - Austria - Vienna
[2025-10-01T21:58:30.480+0000] {logging_mixin.py:188} INFO - Azerbaijan - Baku
[2025-10-01T21:58:30.891+0000] {logging_mixin.py:188} INFO - Bahamas - Nassau
[2025-10-01T21:58:31.645+0000] {logging_mixin.py:188} INFO - Bahrain - Manama
[2025-10-01T21:58:32.051+0000] {logging_mixin.py:188} INFO - Bangladesh - Dhaka
[2025-10-01T21:58:32.582+0000] {logging_mixin.py:188} INFO - Barbados - Bridgetown
[2025-10-01T21:58:32.981+0000] {logging_mixin.py:188} INFO - Belarus - Minsk
[2025-10-01T21:58:33.380+0000] {logging_mixin.py:188} INFO - Belgium - Brussels
[2025-10-01T21:58:34.330+0000] {logging_mixin.py:188} INFO - Belize - Belmopan
[2025-10-01T21:58:34.713+0000] {logging_mixin.py:188} INFO - Benin - Porto-Novo
[2025-10-01T21:58:35.242+0000] {logging_mixin.py:188} INFO - Bermuda - Hamilton
[2025-10-01T21:58:35.759+0000] {logging_mixin.py:188} INFO - Bhutan - Thimphu
[2025-10-01T21:58:36.277+0000] {logging_mixin.py:188} INFO - Bolivia - La Paz
[2025-10-01T21:58:36.797+0000] {logging_mixin.py:188} INFO - Bosnia and Herzegovina - Sarajevo
[2025-10-01T21:58:37.283+0000] {logging_mixin.py:188} INFO - Botswana - Gaborone
[2025-10-01T21:58:37.688+0000] {logging_mixin.py:188} INFO - Brazil - Bras√≠lia
[2025-10-01T21:58:38.195+0000] {logging_mixin.py:188} INFO - British Virgin Islands - Road Town
[2025-10-01T21:58:38.720+0000] {logging_mixin.py:188} INFO - Brunei - Bandar Seri Begawan
[2025-10-01T21:58:39.249+0000] {logging_mixin.py:188} INFO - Bulgaria - Sofia
[2025-10-01T21:58:39.742+0000] {logging_mixin.py:188} INFO - Burkina Faso - Ouagadougou
[2025-10-01T21:58:40.263+0000] {logging_mixin.py:188} INFO - Burundi - Bujumbura
[2025-10-01T21:58:40.977+0000] {logging_mixin.py:188} INFO - Cambodia - Phnom Penh
[2025-10-01T21:58:41.490+0000] {logging_mixin.py:188} INFO - Cameroon - Yaound√©
[2025-10-01T21:58:42.006+0000] {logging_mixin.py:188} INFO - Canada - Ottawa
[2025-10-01T21:58:42.625+0000] {logging_mixin.py:188} INFO - Cape Verde - Praia
[2025-10-01T21:58:43.164+0000] {logging_mixin.py:188} INFO - Cayman Islands - George Town
[2025-10-01T21:58:43.853+0000] {logging_mixin.py:188} INFO - Central African Republic - Bangui
[2025-10-01T21:58:44.415+0000] {logging_mixin.py:188} INFO - Chad - N''Djamena
[2025-10-01T21:58:44.926+0000] {logging_mixin.py:188} INFO - Chile - Santiago
[2025-10-01T21:58:45.580+0000] {logging_mixin.py:188} INFO - China - Beijing
[2025-10-01T21:58:46.102+0000] {logging_mixin.py:188} INFO - Christmas Island - Flying Fish Cove
[2025-10-01T21:58:46.596+0000] {logging_mixin.py:188} INFO - Cocos (Keeling) Islands - West Island
[2025-10-01T21:58:46.981+0000] {logging_mixin.py:188} INFO - Colombia - Bogot√°
[2025-10-01T21:58:47.424+0000] {logging_mixin.py:188} INFO - Comoros - Moroni
[2025-10-01T21:58:47.933+0000] {logging_mixin.py:188} INFO - Cook Islands - Avarua
[2025-10-01T21:58:48.361+0000] {logging_mixin.py:188} INFO - Costa Rica - San Jos√©
[2025-10-01T21:58:48.963+0000] {logging_mixin.py:188} INFO - Croatia - Zagreb
[2025-10-01T21:58:49.376+0000] {logging_mixin.py:188} INFO - Cuba - Havana
[2025-10-01T21:58:49.871+0000] {logging_mixin.py:188} INFO - Cura√ßao - Willemstad
[2025-10-01T21:58:50.744+0000] {logging_mixin.py:188} INFO - Cyprus - Nicosia
[2025-10-01T21:58:51.284+0000] {logging_mixin.py:188} INFO - Czech Republic - Prague
[2025-10-01T21:58:51.873+0000] {logging_mixin.py:188} INFO - C√¥te d''Ivoire - Yamoussoukro
[2025-10-01T21:58:52.512+0000] {logging_mixin.py:188} INFO - Democratic Republic of the Congo - Kinshasa
[2025-10-01T21:58:52.903+0000] {logging_mixin.py:188} INFO - Denmark - Copenhagen
[2025-10-01T21:58:53.686+0000] {logging_mixin.py:188} INFO - Djibouti - Djibouti
[2025-10-01T21:58:54.268+0000] {logging_mixin.py:188} INFO - Dominica - Roseau
[2025-10-01T21:58:54.700+0000] {logging_mixin.py:188} INFO - Dominican Republic - Santo Domingo
[2025-10-01T21:58:55.416+0000] {logging_mixin.py:188} INFO - East Timor (Timor-Leste) - Dili
[2025-10-01T21:58:56.174+0000] {logging_mixin.py:188} INFO - Easter Island - Hanga Roa
[2025-10-01T21:58:56.758+0000] {logging_mixin.py:188} INFO - Ecuador - Quito
[2025-10-01T21:58:57.259+0000] {logging_mixin.py:188} INFO - Egypt - Cairo
[2025-10-01T21:58:57.868+0000] {logging_mixin.py:188} INFO - El Salvador - San Salvador
[2025-10-01T21:58:58.500+0000] {logging_mixin.py:188} INFO - Equatorial Guinea - Malabo
[2025-10-01T21:58:59.013+0000] {logging_mixin.py:188} INFO - Eritrea - Asmara
[2025-10-01T21:58:59.565+0000] {logging_mixin.py:188} INFO - Estonia - Tallinn
[2025-10-01T21:59:00.043+0000] {logging_mixin.py:188} INFO - Ethiopia - Addis Ababa
[2025-10-01T21:59:00.516+0000] {logging_mixin.py:188} INFO - Falkland Islands - Stanley
[2025-10-01T21:59:01.055+0000] {logging_mixin.py:188} INFO - Faroe Islands - T√≥rshavn
[2025-10-01T21:59:01.918+0000] {logging_mixin.py:188} INFO - Federated States of Micronesia - Palikir
[2025-10-01T21:59:02.430+0000] {logging_mixin.py:188} INFO - Fiji - Suva
[2025-10-01T21:59:03.039+0000] {logging_mixin.py:188} INFO - Finland - Helsinki
[2025-10-01T21:59:03.486+0000] {logging_mixin.py:188} INFO - France - Paris
[2025-10-01T21:59:03.902+0000] {logging_mixin.py:188} INFO - French Guiana - Cayenne
[2025-10-01T21:59:04.508+0000] {logging_mixin.py:188} INFO - French Polynesia - Papeete
[2025-10-01T21:59:05.006+0000] {logging_mixin.py:188} INFO - Gabon - Libreville
[2025-10-01T21:59:05.862+0000] {logging_mixin.py:188} INFO - Gambia - Banjul
[2025-10-01T21:59:06.481+0000] {logging_mixin.py:188} INFO - Georgia - Tbilisi
[2025-10-01T21:59:07.075+0000] {logging_mixin.py:188} INFO - Germany - Berlin
[2025-10-01T21:59:07.618+0000] {logging_mixin.py:188} INFO - Ghana - Accra
[2025-10-01T21:59:08.197+0000] {logging_mixin.py:188} INFO - Gibraltar - Gibraltar
[2025-10-01T21:59:08.740+0000] {logging_mixin.py:188} INFO - Greece - Athens
[2025-10-01T21:59:09.243+0000] {logging_mixin.py:188} INFO - Greenland - Nuuk
[2025-10-01T21:59:09.763+0000] {logging_mixin.py:188} INFO - Grenada - St. George''s
[2025-10-01T21:59:10.533+0000] {logging_mixin.py:188} INFO - Guam - Hag√•t√±a
[2025-10-01T21:59:10.976+0000] {logging_mixin.py:188} INFO - Guatemala - Guatemala City
[2025-10-01T21:59:12.182+0000] {logging_mixin.py:188} INFO - Guernsey - St. Peter Port
[2025-10-01T21:59:12.852+0000] {logging_mixin.py:188} INFO - Guinea - Conakry
[2025-10-01T21:59:13.423+0000] {logging_mixin.py:188} INFO - Guinea-Bissau - Bissau
[2025-10-01T21:59:14.055+0000] {logging_mixin.py:188} INFO - Guyana - Georgetown
[2025-10-01T21:59:14.655+0000] {logging_mixin.py:188} INFO - Haiti - Port-au-Prince
[2025-10-01T21:59:15.159+0000] {logging_mixin.py:188} INFO - Honduras - Tegucigalpa
[2025-10-01T21:59:15.847+0000] {logging_mixin.py:188} INFO - Hungary - Budapest
[2025-10-01T21:59:16.402+0000] {logging_mixin.py:188} INFO - Iceland - Reykjav√≠k
[2025-10-01T21:59:17.121+0000] {logging_mixin.py:188} INFO - India - New Delhi
[2025-10-01T21:59:17.561+0000] {logging_mixin.py:188} INFO - Indonesia - Jakarta
[2025-10-01T21:59:18.307+0000] {logging_mixin.py:188} INFO - Iran - Tehran
[2025-10-01T21:59:18.819+0000] {logging_mixin.py:188} INFO - Iraq - Baghdad
[2025-10-01T21:59:19.391+0000] {logging_mixin.py:188} INFO - Ireland - Dublin
[2025-10-01T21:59:19.881+0000] {logging_mixin.py:188} INFO - Isle of Man - Douglas
[2025-10-01T21:59:20.807+0000] {logging_mixin.py:188} INFO - Israel - Jerusalem
[2025-10-01T21:59:21.509+0000] {logging_mixin.py:188} INFO - Italy - Rome
[2025-10-01T21:59:21.931+0000] {logging_mixin.py:188} INFO - Jamaica - Kingston
[2025-10-01T21:59:22.382+0000] {logging_mixin.py:188} INFO - Japan - Tokyo
[2025-10-01T21:59:22.859+0000] {logging_mixin.py:188} INFO - Jersey - St. Helier
[2025-10-01T21:59:23.665+0000] {logging_mixin.py:188} INFO - Jordan - Amman
[2025-10-01T21:59:24.123+0000] {logging_mixin.py:188} INFO - Kazakhstan - Astana
[2025-10-01T21:59:24.566+0000] {logging_mixin.py:188} INFO - Kenya - Nairobi
[2025-10-01T21:59:24.991+0000] {logging_mixin.py:188} INFO - Kiribati - Tarawa
[2025-10-01T21:59:26.031+0000] {logging_mixin.py:188} INFO - Kosovo - Pristina
[2025-10-01T21:59:26.425+0000] {logging_mixin.py:188} INFO - Kuwait - Kuwait City
[2025-10-01T21:59:26.920+0000] {logging_mixin.py:188} INFO - Kyrgyzstan - Bishkek
[2025-10-01T21:59:27.508+0000] {logging_mixin.py:188} INFO - Laos - Vientiane
[2025-10-01T21:59:28.121+0000] {logging_mixin.py:188} INFO - Latvia - Riga
[2025-10-01T21:59:28.708+0000] {logging_mixin.py:188} INFO - Lebanon - Beirut
[2025-10-01T21:59:29.080+0000] {logging_mixin.py:188} INFO - Lesotho - Maseru
[2025-10-01T21:59:29.696+0000] {logging_mixin.py:188} INFO - Liberia - Monrovia
[2025-10-01T21:59:30.363+0000] {logging_mixin.py:188} INFO - Libya - Tripoli
[2025-10-01T21:59:31.049+0000] {logging_mixin.py:188} INFO - Liechtenstein - Vaduz
[2025-10-01T21:59:32.275+0000] {logging_mixin.py:188} INFO - Lithuania - Vilnius
[2025-10-01T21:59:32.776+0000] {logging_mixin.py:188} INFO - Luxembourg - Luxembourg
[2025-10-01T21:59:33.982+0000] {logging_mixin.py:188} INFO - Macedonia - Skopje
[2025-10-01T21:59:34.520+0000] {logging_mixin.py:188} INFO - Madagascar - Antananarivo
[2025-10-01T21:59:34.957+0000] {logging_mixin.py:188} INFO - Malawi - Lilongwe
[2025-10-01T21:59:35.445+0000] {logging_mixin.py:188} INFO - Malaysia - Kuala Lumpur
[2025-10-01T21:59:35.853+0000] {logging_mixin.py:188} INFO - Maldives - Mal√©
[2025-10-01T21:59:36.363+0000] {logging_mixin.py:188} INFO - Mali - Bamako
[2025-10-01T21:59:36.771+0000] {logging_mixin.py:188} INFO - Malta - Valletta
[2025-10-01T21:59:37.202+0000] {logging_mixin.py:188} INFO - Marshall Islands - Majuro
[2025-10-01T21:59:37.827+0000] {logging_mixin.py:188} INFO - Mauritania - Nouakchott
[2025-10-01T21:59:38.430+0000] {logging_mixin.py:188} INFO - Mauritius - Port Louis
[2025-10-01T21:59:38.892+0000] {logging_mixin.py:188} INFO - Mexico - Mexico City
[2025-10-01T21:59:39.528+0000] {logging_mixin.py:188} INFO - Moldova - Chisinau
[2025-10-01T21:59:40.022+0000] {logging_mixin.py:188} INFO - Monaco - Monaco
[2025-10-01T21:59:40.583+0000] {logging_mixin.py:188} INFO - Mongolia - Ulaanbaatar
[2025-10-01T21:59:41.308+0000] {logging_mixin.py:188} INFO - Montenegro - Podgorica
[2025-10-01T21:59:41.815+0000] {logging_mixin.py:188} INFO - Montserrat - Plymouth
[2025-10-01T21:59:42.267+0000] {logging_mixin.py:188} INFO - Morocco - Rabat
[2025-10-01T21:59:42.808+0000] {logging_mixin.py:188} INFO - Mozambique - Maputo
[2025-10-01T21:59:43.200+0000] {logging_mixin.py:188} INFO - Myanmar - Naypyidaw
[2025-10-01T21:59:43.641+0000] {logging_mixin.py:188} INFO - Nagorno-Karabakh Republic - Stepanakert
[2025-10-01T21:59:44.027+0000] {logging_mixin.py:188} INFO - Namibia - Windhoek
[2025-10-01T21:59:44.521+0000] {logging_mixin.py:188} INFO - Nauru - Yaren
[2025-10-01T21:59:44.965+0000] {logging_mixin.py:188} INFO - Nepal - Kathmandu
[2025-10-01T21:59:45.585+0000] {logging_mixin.py:188} INFO - Netherlands - Amsterdam
[2025-10-01T21:59:45.987+0000] {logging_mixin.py:188} INFO - New Caledonia - Noum√©a
[2025-10-01T21:59:46.469+0000] {logging_mixin.py:188} INFO - New Zealand - Wellington
[2025-10-01T21:59:46.807+0000] {logging_mixin.py:188} INFO - Nicaragua - Managua
[2025-10-01T21:59:47.271+0000] {logging_mixin.py:188} INFO - Niger - Niamey
[2025-10-01T21:59:47.900+0000] {logging_mixin.py:188} INFO - Nigeria - Abuja
[2025-10-01T21:59:48.307+0000] {logging_mixin.py:188} INFO - Niue - Alofi
[2025-10-01T21:59:48.754+0000] {logging_mixin.py:188} INFO - Norfolk Island - Kingston
[2025-10-01T21:59:49.643+0000] {logging_mixin.py:188} INFO - North Korea - Pyongyang
[2025-10-01T21:59:50.090+0000] {logging_mixin.py:188} INFO - Northern Cyprus - Nicosia
[2025-10-01T21:59:50.602+0000] {logging_mixin.py:188} INFO - United Kingdom Northern Ireland - Belfast
[2025-10-01T21:59:50.988+0000] {logging_mixin.py:188} INFO - Northern Mariana Islands - Saipan
[2025-10-01T21:59:51.408+0000] {logging_mixin.py:188} INFO - Norway - Oslo
[2025-10-01T21:59:51.845+0000] {logging_mixin.py:188} INFO - Oman - Muscat
[2025-10-01T21:59:52.455+0000] {logging_mixin.py:188} INFO - Pakistan - Islamabad
[2025-10-01T21:59:52.819+0000] {logging_mixin.py:188} INFO - Palau - Ngerulmud
[2025-10-01T21:59:53.320+0000] {logging_mixin.py:188} INFO - Palestine - Jerusalem
[2025-10-01T21:59:53.804+0000] {logging_mixin.py:188} INFO - Panama - Panama City
[2025-10-01T21:59:54.279+0000] {logging_mixin.py:188} INFO - Papua New Guinea - Port Moresby
[2025-10-01T21:59:54.876+0000] {logging_mixin.py:188} INFO - Paraguay - Asunci√≥n
[2025-10-01T21:59:55.250+0000] {logging_mixin.py:188} INFO - Peru - Lima
[2025-10-01T21:59:56.446+0000] {logging_mixin.py:188} INFO - Philippines - Manila
[2025-10-01T21:59:57.042+0000] {logging_mixin.py:188} INFO - Pitcairn Islands - Adamstown
[2025-10-01T21:59:58.270+0000] {logging_mixin.py:188} INFO - Poland - Warsaw
[2025-10-01T21:59:58.874+0000] {logging_mixin.py:188} INFO - Portugal - Lisbon
[2025-10-01T21:59:59.283+0000] {logging_mixin.py:188} INFO - Puerto Rico - San Juan
[2025-10-01T21:59:59.842+0000] {logging_mixin.py:188} INFO - Qatar - Doha
[2025-10-01T22:00:00.295+0000] {logging_mixin.py:188} INFO - Republic of China (Taiwan) - Taipei
[2025-10-01T22:00:00.728+0000] {logging_mixin.py:188} INFO - Republic of the Congo - Brazzaville
[2025-10-01T22:00:01.149+0000] {logging_mixin.py:188} INFO - Romania - Bucharest
[2025-10-01T22:00:01.654+0000] {logging_mixin.py:188} INFO - Russia - Moscow
[2025-10-01T22:00:02.194+0000] {logging_mixin.py:188} INFO - Rwanda - Kigali
[2025-10-01T22:00:02.740+0000] {logging_mixin.py:188} INFO - Saint Barth√©lemy - Gustavia
[2025-10-01T22:00:04.342+0000] {logging_mixin.py:188} INFO - Saint Helena - Jamestown
[2025-10-01T22:00:04.837+0000] {logging_mixin.py:188} INFO - Saint Kitts and Nevis - Basseterre
[2025-10-01T22:00:05.314+0000] {logging_mixin.py:188} INFO - Saint Lucia - Castries
[2025-10-01T22:00:05.870+0000] {logging_mixin.py:188} INFO - Saint Martin - Marigot
[2025-10-01T22:00:06.372+0000] {logging_mixin.py:188} INFO - Saint Pierre and Miquelon - St. Pierre
[2025-10-01T22:00:06.888+0000] {logging_mixin.py:188} INFO - Saint Vincent and the Grenadines - Kingstown
[2025-10-01T22:00:07.394+0000] {logging_mixin.py:188} INFO - Samoa - Apia
[2025-10-01T22:00:08.104+0000] {logging_mixin.py:188} INFO - San Marino - San Marino
[2025-10-01T22:00:08.834+0000] {logging_mixin.py:188} INFO - Saudi Arabia - Riyadh
[2025-10-01T22:00:09.487+0000] {logging_mixin.py:188} INFO - Scotland - Edinburgh
[2025-10-01T22:00:10.555+0000] {logging_mixin.py:188} INFO - Senegal - Dakar
[2025-10-01T22:00:11.708+0000] {logging_mixin.py:188} INFO - Serbia - Belgrade
[2025-10-01T22:00:12.621+0000] {logging_mixin.py:188} INFO - Seychelles - Victoria
[2025-10-01T22:00:14.037+0000] {logging_mixin.py:188} INFO - Sierra Leone - Freetown
[2025-10-01T22:00:14.895+0000] {logging_mixin.py:188} INFO - Singapore - Singapore
[2025-10-01T22:00:16.297+0000] {logging_mixin.py:188} INFO - Sint Maarten - Philipsburg
[2025-10-01T22:00:17.158+0000] {logging_mixin.py:188} INFO - Slovakia - Bratislava
[2025-10-01T22:00:19.091+0000] {logging_mixin.py:188} INFO - Slovenia - Ljubljana
[2025-10-01T22:00:20.231+0000] {logging_mixin.py:188} INFO - Solomon Islands - Honiara
[2025-10-01T22:00:20.909+0000] {logging_mixin.py:188} INFO - Somalia - Mogadishu
[2025-10-01T22:00:21.838+0000] {logging_mixin.py:188} INFO - Somaliland - Hargeisa
[2025-10-01T22:00:22.753+0000] {logging_mixin.py:188} INFO - South Africa - Pretoria
[2025-10-01T22:00:23.324+0000] {logging_mixin.py:188} INFO - South Georgia and the South Sandwich Islands - Grytviken
[2025-10-01T22:00:23.868+0000] {logging_mixin.py:188} INFO - South Korea - Seoul
[2025-10-01T22:00:24.395+0000] {logging_mixin.py:188} INFO - South Ossetia - Tskhinvali
[2025-10-01T22:00:25.104+0000] {logging_mixin.py:188} INFO - South Sudan - Juba
[2025-10-01T22:00:25.538+0000] {logging_mixin.py:188} INFO - Spain - Madrid
[2025-10-01T22:00:26.321+0000] {logging_mixin.py:188} INFO - Sri Lanka - Sri Jayawardenapura Kotte
[2025-10-01T22:00:26.908+0000] {logging_mixin.py:188} INFO - Sudan - Khartoum
[2025-10-01T22:00:27.351+0000] {logging_mixin.py:188} INFO - Suriname - Paramaribo
[2025-10-01T22:00:27.908+0000] {logging_mixin.py:188} INFO - Swaziland - Mbabane
[2025-10-01T22:00:28.375+0000] {logging_mixin.py:188} INFO - Sweden - Stockholm
[2025-10-01T22:00:29.007+0000] {logging_mixin.py:188} INFO - Switzerland - Bern
[2025-10-01T22:00:29.532+0000] {logging_mixin.py:188} INFO - Syria - Damascus
[2025-10-01T22:00:30.055+0000] {logging_mixin.py:188} INFO - S√£o Tom√© and Pr√≠ncipe - S√£o Tom√©
[2025-10-01T22:00:30.534+0000] {logging_mixin.py:188} INFO - Tajikistan - Dushanbe
[2025-10-01T22:00:31.035+0000] {logging_mixin.py:188} INFO - Tanzania - Dodoma
[2025-10-01T22:00:35.237+0000] {logging_mixin.py:188} INFO - Thailand - Bangkok
[2025-10-01T22:00:36.257+0000] {logging_mixin.py:188} INFO - Togo - Lom√©
[2025-10-01T22:00:36.779+0000] {logging_mixin.py:188} INFO - Tonga - Nuku ªalofa
[2025-10-01T22:00:37.368+0000] {logging_mixin.py:188} INFO - Transnistria - Tiraspol
[2025-10-01T22:00:37.897+0000] {logging_mixin.py:188} INFO - Trinidad and Tobago - Port of Spain
[2025-10-01T22:00:38.521+0000] {logging_mixin.py:188} INFO - Tristan da Cunha - Edinburgh of the Seven Seas
[2025-10-01T22:00:39.121+0000] {logging_mixin.py:188} INFO - Tunisia - Tunis
[2025-10-01T22:00:46.551+0000] {logging_mixin.py:188} INFO - Turkey - Ankara
[2025-10-01T22:00:46.984+0000] {logging_mixin.py:188} INFO - Turkmenistan - Ashgabat
[2025-10-01T22:00:47.664+0000] {logging_mixin.py:188} INFO - Turks and Caicos Islands - Cockburn Town
[2025-10-01T22:00:48.239+0000] {logging_mixin.py:188} INFO - Tuvalu - Funafuti
[2025-10-01T22:00:48.641+0000] {logging_mixin.py:188} INFO - Uganda - Kampala
[2025-10-01T22:00:49.085+0000] {logging_mixin.py:188} INFO - Ukraine - Kyiv
[2025-10-01T22:00:49.483+0000] {logging_mixin.py:188} INFO - United Arab Emirates - Abu Dhabi
[2025-10-01T22:00:49.941+0000] {logging_mixin.py:188} INFO - United Kingdom; England - London
[2025-10-01T22:00:50.841+0000] {logging_mixin.py:188} INFO - United States - Washington D.C.
[2025-10-01T22:00:51.287+0000] {logging_mixin.py:188} INFO - United States Virgin Islands - Charlotte Amalie
[2025-10-01T22:00:51.659+0000] {logging_mixin.py:188} INFO - Uruguay - Montevideo
[2025-10-01T22:00:52.421+0000] {logging_mixin.py:188} INFO - Uzbekistan - Tashkent
[2025-10-01T22:00:52.931+0000] {logging_mixin.py:188} INFO - Vanuatu - Port Vila
[2025-10-01T22:00:53.373+0000] {logging_mixin.py:188} INFO - Vatican City - Vatican City
[2025-10-01T22:00:53.798+0000] {logging_mixin.py:188} INFO - Venezuela - Caracas
[2025-10-01T22:00:54.341+0000] {logging_mixin.py:188} INFO - Vietnam - Hanoi
[2025-10-01T22:00:54.763+0000] {logging_mixin.py:188} INFO - Wales - Cardiff
[2025-10-01T22:00:55.315+0000] {logging_mixin.py:188} INFO - Wallis and Futuna - Mata-Utu
[2025-10-01T22:00:55.804+0000] {logging_mixin.py:188} INFO - Western Sahara - El Aai√∫n
[2025-10-01T22:00:56.347+0000] {logging_mixin.py:188} INFO - Yemen - Sana√°
[2025-10-01T22:00:56.867+0000] {logging_mixin.py:188} INFO - Zambia - Lusaka
[2025-10-01T22:00:57.365+0000] {logging_mixin.py:188} INFO - Zimbabwe - Harare
[2025-10-01T22:00:57.925+0000] {cursor.py:1149} INFO - Number of results in first chunk: 1
[2025-10-01T22:00:57.925+0000] {python.py:237} INFO - Done. Returned value was: None
[2025-10-01T22:00:57.926+0000] {taskinstance.py:441} INFO - ::group::Post task execution logs
[2025-10-01T22:00:57.943+0000] {taskinstance.py:1206} INFO - Marking task as SUCCESS. dag_id=CountryCaptial_v2, task_id=load, run_id=manual__2025-10-01T21:58:14.234500+00:00, execution_date=20251001T215814, start_date=20251001T215818, end_date=20251001T220057
[2025-10-01T22:00:57.961+0000] {local_task_job_runner.py:243} INFO - Task exited with return code 0
[2025-10-01T22:00:57.980+0000] {taskinstance.py:3503} INFO - 0 downstream tasks scheduled from follow-on schedule check
[2025-10-01T22:00:57.980+0000] {local_task_job_runner.py:222} INFO - ::endgroup::
