[2025-09-18T21:15:55.123+0000] {local_task_job_runner.py:120} INFO - ::group::Pre task execution logs
[2025-09-18T21:15:55.142+0000] {taskinstance.py:2076} INFO - Dependencies all met for dep_context=non-requeueable deps ti=<TaskInstance: ml_forecast_stock.build_union_table manual__2025-09-18T21:12:50.424604+00:00 [queued]>
[2025-09-18T21:15:55.146+0000] {taskinstance.py:2076} INFO - Dependencies all met for dep_context=requeueable deps ti=<TaskInstance: ml_forecast_stock.build_union_table manual__2025-09-18T21:12:50.424604+00:00 [queued]>
[2025-09-18T21:15:55.147+0000] {taskinstance.py:2306} INFO - Starting attempt 1 of 2
[2025-09-18T21:15:55.156+0000] {taskinstance.py:2330} INFO - Executing <Task(SnowflakeOperator): build_union_table> on 2025-09-18 21:12:50.424604+00:00
[2025-09-18T21:15:55.160+0000] {warnings.py:112} WARNING - /home/***/.local/lib/python3.12/site-packages/***/task/task_runner/standard_task_runner.py:62: DeprecationWarning: This process (pid=13063) is multi-threaded, use of fork() may lead to deadlocks in the child.
  pid = os.fork()

[2025-09-18T21:15:55.161+0000] {standard_task_runner.py:64} INFO - Started process 13065 to run task
[2025-09-18T21:15:55.161+0000] {standard_task_runner.py:90} INFO - Running: ['***', 'tasks', 'run', 'ml_forecast_stock', 'build_union_table', 'manual__2025-09-18T21:12:50.424604+00:00', '--job-id', '128', '--raw', '--subdir', 'DAGS_FOLDER/ml_forecast_stock.py', '--cfg-path', '/tmp/tmp8nrmvt5v']
[2025-09-18T21:15:55.162+0000] {standard_task_runner.py:91} INFO - Job 128: Subtask build_union_table
[2025-09-18T21:15:55.188+0000] {task_command.py:426} INFO - Running <TaskInstance: ml_forecast_stock.build_union_table manual__2025-09-18T21:12:50.424604+00:00 [running]> on host 11e1994bdecf
[2025-09-18T21:15:55.245+0000] {taskinstance.py:2648} INFO - Exporting env vars: AIRFLOW_CTX_DAG_OWNER='data226' AIRFLOW_CTX_DAG_ID='ml_forecast_stock' AIRFLOW_CTX_TASK_ID='build_union_table' AIRFLOW_CTX_EXECUTION_DATE='2025-09-18T21:12:50.424604+00:00' AIRFLOW_CTX_TRY_NUMBER='1' AIRFLOW_CTX_DAG_RUN_ID='manual__2025-09-18T21:12:50.424604+00:00'
[2025-09-18T21:15:55.245+0000] {taskinstance.py:430} INFO - ::endgroup::
[2025-09-18T21:15:55.245+0000] {sql.py:282} INFO - Executing: 
        USE WAREHOUSE "BEETLE_QUERY_WH";
        USE DATABASE "ASH_DB";
        USE SCHEMA "STOCK_SCHEMA";
        
        CREATE OR REPLACE TABLE union_stock_price AS
        SELECT 
            SYMBOL,
            CAST("DATE" AS DATE) AS DATE,
            CLOSE AS actual,
            NULL::FLOAT AS forecast,
            NULL::FLOAT AS lower_bound,
            NULL::FLOAT AS upper_bound
        FROM "ASH_DB"."STOCK_SCHEMA".fact_stock_price_daily
        WHERE "DATE" >= DATEADD(DAY, -180, CURRENT_DATE())
        UNION ALL
        SELECT
            REPLACE(series,'\"','') AS SYMBOL,
            CAST(ts AS DATE) AS DATE,
            NULL::FLOAT AS actual,  
            forecast,
            lower_bound,
            upper_bound
        FROM forecast_latest;
        
[2025-09-18T21:15:55.249+0000] {base.py:84} INFO - Using connection ID 'snowflake_default' for task execution.
[2025-09-18T21:15:55.252+0000] {base.py:84} INFO - Using connection ID 'snowflake_default' for task execution.
[2025-09-18T21:15:55.253+0000] {connection.py:408} INFO - Snowflake Connector for Python Version: 3.11.0, Python Version: 3.12.4, Platform: Linux-6.10.14-linuxkit-aarch64-with-glibc2.36
[2025-09-18T21:15:55.253+0000] {connection.py:1258} INFO - This connection is in OCSP Fail Open Mode. TLS Certificates would be checked for validity and revocation status. Any other Certificate Revocation related exceptions or OCSP Responder failures would be disregarded in favor of connectivity.
[2025-09-18T21:15:55.836+0000] {cursor.py:1149} INFO - Number of results in first chunk: 1
[2025-09-18T21:15:55.838+0000] {sql.py:495} INFO - Running statement: USE WAREHOUSE "BEETLE_QUERY_WH";, parameters: None
[2025-09-18T21:15:55.946+0000] {cursor.py:1149} INFO - Number of results in first chunk: 1
[2025-09-18T21:15:55.947+0000] {sql.py:504} INFO - Rows affected: 1
[2025-09-18T21:15:55.947+0000] {snowflake.py:422} INFO - Rows affected: 1
[2025-09-18T21:15:55.948+0000] {snowflake.py:423} INFO - Snowflake query id: 01bf241b-0106-7680-000f-c0df00220426
[2025-09-18T21:15:55.948+0000] {sql.py:495} INFO - Running statement: USE DATABASE "ASH_DB";, parameters: None
[2025-09-18T21:15:56.343+0000] {cursor.py:1149} INFO - Number of results in first chunk: 1
[2025-09-18T21:15:56.344+0000] {sql.py:504} INFO - Rows affected: 1
[2025-09-18T21:15:56.345+0000] {snowflake.py:422} INFO - Rows affected: 1
[2025-09-18T21:15:56.346+0000] {snowflake.py:423} INFO - Snowflake query id: 01bf241b-0106-7689-000f-c0df0021c7ce
[2025-09-18T21:15:56.347+0000] {sql.py:495} INFO - Running statement: USE SCHEMA "STOCK_SCHEMA";, parameters: None
[2025-09-18T21:15:56.515+0000] {cursor.py:1149} INFO - Number of results in first chunk: 1
[2025-09-18T21:15:56.516+0000] {sql.py:504} INFO - Rows affected: 1
[2025-09-18T21:15:56.517+0000] {snowflake.py:422} INFO - Rows affected: 1
[2025-09-18T21:15:56.518+0000] {snowflake.py:423} INFO - Snowflake query id: 01bf241b-0106-766b-000f-c0df0022330e
[2025-09-18T21:15:56.518+0000] {sql.py:495} INFO - Running statement: CREATE OR REPLACE TABLE union_stock_price AS
        SELECT 
            SYMBOL,
            CAST("DATE" AS DATE) AS DATE,
            CLOSE AS actual,
            NULL::FLOAT AS forecast,
            NULL::FLOAT AS lower_bound,
            NULL::FLOAT AS upper_bound
        FROM "ASH_DB"."STOCK_SCHEMA".fact_stock_price_daily
        WHERE "DATE" >= DATEADD(DAY, -180, CURRENT_DATE())
        UNION ALL
        SELECT
            REPLACE(series,'\"','') AS SYMBOL,
            CAST(ts AS DATE) AS DATE,
            NULL::FLOAT AS actual,  
            forecast,
            lower_bound,
            upper_bound
        FROM forecast_latest;, parameters: None
[2025-09-18T21:15:57.296+0000] {cursor.py:1149} INFO - Number of results in first chunk: 1
[2025-09-18T21:15:57.297+0000] {sql.py:504} INFO - Rows affected: 1
[2025-09-18T21:15:57.299+0000] {snowflake.py:422} INFO - Rows affected: 1
[2025-09-18T21:15:57.299+0000] {snowflake.py:423} INFO - Snowflake query id: 01bf241b-0106-77e0-000f-c0df0021ad56
[2025-09-18T21:15:58.113+0000] {cursor.py:1149} INFO - Number of results in first chunk: 1
[2025-09-18T21:15:58.114+0000] {connection.py:773} INFO - closed
[2025-09-18T21:15:58.181+0000] {connection.py:779} INFO - No async queries seem to be running, deleting session
[2025-09-18T21:15:58.284+0000] {taskinstance.py:441} INFO - ::group::Post task execution logs
[2025-09-18T21:15:58.296+0000] {taskinstance.py:1206} INFO - Marking task as SUCCESS. dag_id=ml_forecast_stock, task_id=build_union_table, run_id=manual__2025-09-18T21:12:50.424604+00:00, execution_date=20250918T211250, start_date=20250918T211555, end_date=20250918T211558
[2025-09-18T21:15:58.334+0000] {local_task_job_runner.py:243} INFO - Task exited with return code 0
[2025-09-18T21:15:58.342+0000] {taskinstance.py:3503} INFO - 0 downstream tasks scheduled from follow-on schedule check
[2025-09-18T21:15:58.343+0000] {local_task_job_runner.py:222} INFO - ::endgroup::
