[2025-09-18T20:00:04.905+0000] {local_task_job_runner.py:120} INFO - ::group::Pre task execution logs
[2025-09-18T20:00:04.914+0000] {taskinstance.py:2076} INFO - Dependencies all met for dep_context=non-requeueable deps ti=<TaskInstance: ml_forecast_stock.wait_for_etl scheduled__2025-09-17T00:00:00+00:00 [queued]>
[2025-09-18T20:00:04.917+0000] {taskinstance.py:2076} INFO - Dependencies all met for dep_context=requeueable deps ti=<TaskInstance: ml_forecast_stock.wait_for_etl scheduled__2025-09-17T00:00:00+00:00 [queued]>
[2025-09-18T20:00:04.917+0000] {taskinstance.py:2306} INFO - Starting attempt 2 of 3
[2025-09-18T20:00:04.921+0000] {taskinstance.py:2330} INFO - Executing <Task(ExternalTaskSensor): wait_for_etl> on 2025-09-17 00:00:00+00:00
[2025-09-18T20:00:04.924+0000] {warnings.py:112} WARNING - /home/***/.local/lib/python3.12/site-packages/***/task/task_runner/standard_task_runner.py:62: DeprecationWarning: This process (pid=12041) is multi-threaded, use of fork() may lead to deadlocks in the child.
  pid = os.fork()

[2025-09-18T20:00:04.925+0000] {standard_task_runner.py:64} INFO - Started process 12043 to run task
[2025-09-18T20:00:04.925+0000] {standard_task_runner.py:90} INFO - Running: ['***', 'tasks', 'run', 'ml_forecast_stock', 'wait_for_etl', 'scheduled__2025-09-17T00:00:00+00:00', '--job-id', '91', '--raw', '--subdir', 'DAGS_FOLDER/ml_forecast_stock.py', '--cfg-path', '/tmp/tmpebvsad5r']
[2025-09-18T20:00:04.926+0000] {standard_task_runner.py:91} INFO - Job 91: Subtask wait_for_etl
[2025-09-18T20:00:04.946+0000] {task_command.py:426} INFO - Running <TaskInstance: ml_forecast_stock.wait_for_etl scheduled__2025-09-17T00:00:00+00:00 [running]> on host 11e1994bdecf
[2025-09-18T20:00:04.975+0000] {taskinstance.py:2648} INFO - Exporting env vars: AIRFLOW_CTX_DAG_OWNER='data226' AIRFLOW_CTX_DAG_ID='ml_forecast_stock' AIRFLOW_CTX_TASK_ID='wait_for_etl' AIRFLOW_CTX_EXECUTION_DATE='2025-09-17T00:00:00+00:00' AIRFLOW_CTX_TRY_NUMBER='2' AIRFLOW_CTX_DAG_RUN_ID='scheduled__2025-09-17T00:00:00+00:00'
[2025-09-18T20:00:04.976+0000] {taskinstance.py:430} INFO - ::endgroup::
[2025-09-18T20:00:04.976+0000] {baseoperator.py:400} WARNING - ExternalTaskSensor.execute cannot be called outside TaskInstance!
[2025-09-18T20:00:04.979+0000] {external_task.py:274} INFO - Poking for DAG '"etl_yfinance_stock"' on 2025-09-17T00:00:00+00:00 ... 
[2025-09-18T20:00:04.979+0000] {warnings.py:112} WARNING - /home/***/.local/lib/python3.12/site-packages/***/utils/session.py:79: DeprecationWarning: This method is deprecated and will be removed in future.
  return func(*args, session=session, **kwargs)

[2025-09-18T20:00:04.982+0000] {taskinstance.py:441} INFO - ::group::Post task execution logs
[2025-09-18T20:00:04.987+0000] {taskinstance.py:2865} INFO - Rescheduling task, marking task as UP_FOR_RESCHEDULE
[2025-09-18T20:00:05.024+0000] {local_task_job_runner.py:243} INFO - Task exited with return code 0
[2025-09-18T20:00:05.029+0000] {warnings.py:112} WARNING - /home/***/.local/lib/python3.12/site-packages/***/models/baseoperator.py:1297: AirflowProviderDeprecationWarning: Call to deprecated class SnowflakeOperator. (This class is deprecated. Please use `***.providers.common.sql.operators.sql.SQLExecuteQueryOperator`. Also, you can provide `hook_params={'warehouse': <warehouse>, 'database': <database>, 'role': <role>, 'schema': <schema>, 'authenticator': <authenticator>,'session_parameters': <session_parameters>}`.)
  result = cls.__new__(cls)

[2025-09-18T20:00:05.036+0000] {taskinstance.py:3503} INFO - 0 downstream tasks scheduled from follow-on schedule check
[2025-09-18T20:00:05.037+0000] {local_task_job_runner.py:222} INFO - ::endgroup::
[2025-09-18T20:01:06.135+0000] {local_task_job_runner.py:120} INFO - ::group::Pre task execution logs
[2025-09-18T20:01:06.146+0000] {taskinstance.py:2076} INFO - Dependencies all met for dep_context=non-requeueable deps ti=<TaskInstance: ml_forecast_stock.wait_for_etl scheduled__2025-09-17T00:00:00+00:00 [queued]>
[2025-09-18T20:01:06.148+0000] {taskinstance.py:2076} INFO - Dependencies all met for dep_context=requeueable deps ti=<TaskInstance: ml_forecast_stock.wait_for_etl scheduled__2025-09-17T00:00:00+00:00 [queued]>
[2025-09-18T20:01:06.148+0000] {taskinstance.py:2306} INFO - Starting attempt 2 of 3
[2025-09-18T20:01:06.152+0000] {taskinstance.py:2330} INFO - Executing <Task(ExternalTaskSensor): wait_for_etl> on 2025-09-17 00:00:00+00:00
[2025-09-18T20:01:06.155+0000] {warnings.py:112} WARNING - /home/***/.local/lib/python3.12/site-packages/***/task/task_runner/standard_task_runner.py:62: DeprecationWarning: This process (pid=12061) is multi-threaded, use of fork() may lead to deadlocks in the child.
  pid = os.fork()

[2025-09-18T20:01:06.156+0000] {standard_task_runner.py:64} INFO - Started process 12063 to run task
[2025-09-18T20:01:06.156+0000] {standard_task_runner.py:90} INFO - Running: ['***', 'tasks', 'run', 'ml_forecast_stock', 'wait_for_etl', 'scheduled__2025-09-17T00:00:00+00:00', '--job-id', '93', '--raw', '--subdir', 'DAGS_FOLDER/ml_forecast_stock.py', '--cfg-path', '/tmp/tmppn7dl6uh']
[2025-09-18T20:01:06.157+0000] {standard_task_runner.py:91} INFO - Job 93: Subtask wait_for_etl
[2025-09-18T20:01:06.174+0000] {task_command.py:426} INFO - Running <TaskInstance: ml_forecast_stock.wait_for_etl scheduled__2025-09-17T00:00:00+00:00 [running]> on host 11e1994bdecf
[2025-09-18T20:01:06.200+0000] {taskinstance.py:2648} INFO - Exporting env vars: AIRFLOW_CTX_DAG_OWNER='data226' AIRFLOW_CTX_DAG_ID='ml_forecast_stock' AIRFLOW_CTX_TASK_ID='wait_for_etl' AIRFLOW_CTX_EXECUTION_DATE='2025-09-17T00:00:00+00:00' AIRFLOW_CTX_TRY_NUMBER='2' AIRFLOW_CTX_DAG_RUN_ID='scheduled__2025-09-17T00:00:00+00:00'
[2025-09-18T20:01:06.200+0000] {taskinstance.py:430} INFO - ::endgroup::
[2025-09-18T20:01:06.201+0000] {baseoperator.py:400} WARNING - ExternalTaskSensor.execute cannot be called outside TaskInstance!
[2025-09-18T20:01:06.203+0000] {external_task.py:274} INFO - Poking for DAG '"etl_yfinance_stock"' on 2025-09-17T00:00:00+00:00 ... 
[2025-09-18T20:01:06.203+0000] {warnings.py:112} WARNING - /home/***/.local/lib/python3.12/site-packages/***/utils/session.py:79: DeprecationWarning: This method is deprecated and will be removed in future.
  return func(*args, session=session, **kwargs)

[2025-09-18T20:01:06.206+0000] {taskinstance.py:441} INFO - ::group::Post task execution logs
[2025-09-18T20:01:06.211+0000] {taskinstance.py:2865} INFO - Rescheduling task, marking task as UP_FOR_RESCHEDULE
[2025-09-18T20:01:06.216+0000] {local_task_job_runner.py:243} INFO - Task exited with return code 0
[2025-09-18T20:01:06.220+0000] {warnings.py:112} WARNING - /home/***/.local/lib/python3.12/site-packages/***/models/baseoperator.py:1297: AirflowProviderDeprecationWarning: Call to deprecated class SnowflakeOperator. (This class is deprecated. Please use `***.providers.common.sql.operators.sql.SQLExecuteQueryOperator`. Also, you can provide `hook_params={'warehouse': <warehouse>, 'database': <database>, 'role': <role>, 'schema': <schema>, 'authenticator': <authenticator>,'session_parameters': <session_parameters>}`.)
  result = cls.__new__(cls)

[2025-09-18T20:01:06.226+0000] {taskinstance.py:3503} INFO - 0 downstream tasks scheduled from follow-on schedule check
[2025-09-18T20:01:06.227+0000] {local_task_job_runner.py:222} INFO - ::endgroup::
[2025-09-18T20:02:08.693+0000] {local_task_job_runner.py:120} INFO - ::group::Pre task execution logs
[2025-09-18T20:02:08.714+0000] {taskinstance.py:2076} INFO - Dependencies all met for dep_context=non-requeueable deps ti=<TaskInstance: ml_forecast_stock.wait_for_etl scheduled__2025-09-17T00:00:00+00:00 [queued]>
[2025-09-18T20:02:08.717+0000] {taskinstance.py:2076} INFO - Dependencies all met for dep_context=requeueable deps ti=<TaskInstance: ml_forecast_stock.wait_for_etl scheduled__2025-09-17T00:00:00+00:00 [queued]>
[2025-09-18T20:02:08.717+0000] {taskinstance.py:2306} INFO - Starting attempt 2 of 3
[2025-09-18T20:02:08.722+0000] {taskinstance.py:2330} INFO - Executing <Task(ExternalTaskSensor): wait_for_etl> on 2025-09-17 00:00:00+00:00
[2025-09-18T20:02:08.726+0000] {warnings.py:112} WARNING - /home/***/.local/lib/python3.12/site-packages/***/task/task_runner/standard_task_runner.py:62: DeprecationWarning: This process (pid=12081) is multi-threaded, use of fork() may lead to deadlocks in the child.
  pid = os.fork()

[2025-09-18T20:02:08.727+0000] {standard_task_runner.py:64} INFO - Started process 12083 to run task
[2025-09-18T20:02:08.727+0000] {standard_task_runner.py:90} INFO - Running: ['***', 'tasks', 'run', 'ml_forecast_stock', 'wait_for_etl', 'scheduled__2025-09-17T00:00:00+00:00', '--job-id', '95', '--raw', '--subdir', 'DAGS_FOLDER/ml_forecast_stock.py', '--cfg-path', '/tmp/tmpzxdv32dt']
[2025-09-18T20:02:08.728+0000] {standard_task_runner.py:91} INFO - Job 95: Subtask wait_for_etl
[2025-09-18T20:02:08.749+0000] {task_command.py:426} INFO - Running <TaskInstance: ml_forecast_stock.wait_for_etl scheduled__2025-09-17T00:00:00+00:00 [running]> on host 11e1994bdecf
[2025-09-18T20:02:08.782+0000] {taskinstance.py:2648} INFO - Exporting env vars: AIRFLOW_CTX_DAG_OWNER='data226' AIRFLOW_CTX_DAG_ID='ml_forecast_stock' AIRFLOW_CTX_TASK_ID='wait_for_etl' AIRFLOW_CTX_EXECUTION_DATE='2025-09-17T00:00:00+00:00' AIRFLOW_CTX_TRY_NUMBER='2' AIRFLOW_CTX_DAG_RUN_ID='scheduled__2025-09-17T00:00:00+00:00'
[2025-09-18T20:02:08.786+0000] {taskinstance.py:430} INFO - ::endgroup::
[2025-09-18T20:02:08.786+0000] {baseoperator.py:400} WARNING - ExternalTaskSensor.execute cannot be called outside TaskInstance!
[2025-09-18T20:02:08.799+0000] {external_task.py:274} INFO - Poking for DAG '"etl_yfinance_stock"' on 2025-09-17T00:00:00+00:00 ... 
[2025-09-18T20:02:08.800+0000] {warnings.py:112} WARNING - /home/***/.local/lib/python3.12/site-packages/***/utils/session.py:79: DeprecationWarning: This method is deprecated and will be removed in future.
  return func(*args, session=session, **kwargs)

[2025-09-18T20:02:08.813+0000] {taskinstance.py:441} INFO - ::group::Post task execution logs
[2025-09-18T20:02:08.829+0000] {taskinstance.py:2865} INFO - Rescheduling task, marking task as UP_FOR_RESCHEDULE
[2025-09-18T20:02:08.873+0000] {local_task_job_runner.py:243} INFO - Task exited with return code 0
[2025-09-18T20:02:08.880+0000] {warnings.py:112} WARNING - /home/***/.local/lib/python3.12/site-packages/***/models/baseoperator.py:1297: AirflowProviderDeprecationWarning: Call to deprecated class SnowflakeOperator. (This class is deprecated. Please use `***.providers.common.sql.operators.sql.SQLExecuteQueryOperator`. Also, you can provide `hook_params={'warehouse': <warehouse>, 'database': <database>, 'role': <role>, 'schema': <schema>, 'authenticator': <authenticator>,'session_parameters': <session_parameters>}`.)
  result = cls.__new__(cls)

[2025-09-18T20:02:08.888+0000] {taskinstance.py:3503} INFO - 0 downstream tasks scheduled from follow-on schedule check
[2025-09-18T20:02:08.889+0000] {local_task_job_runner.py:222} INFO - ::endgroup::
[2025-09-18T20:03:10.536+0000] {local_task_job_runner.py:120} INFO - ::group::Pre task execution logs
[2025-09-18T20:03:10.556+0000] {taskinstance.py:2076} INFO - Dependencies all met for dep_context=non-requeueable deps ti=<TaskInstance: ml_forecast_stock.wait_for_etl scheduled__2025-09-17T00:00:00+00:00 [queued]>
[2025-09-18T20:03:10.559+0000] {taskinstance.py:2076} INFO - Dependencies all met for dep_context=requeueable deps ti=<TaskInstance: ml_forecast_stock.wait_for_etl scheduled__2025-09-17T00:00:00+00:00 [queued]>
[2025-09-18T20:03:10.559+0000] {taskinstance.py:2306} INFO - Starting attempt 2 of 3
[2025-09-18T20:03:10.563+0000] {taskinstance.py:2330} INFO - Executing <Task(ExternalTaskSensor): wait_for_etl> on 2025-09-17 00:00:00+00:00
[2025-09-18T20:03:10.567+0000] {warnings.py:112} WARNING - /home/***/.local/lib/python3.12/site-packages/***/task/task_runner/standard_task_runner.py:62: DeprecationWarning: This process (pid=12101) is multi-threaded, use of fork() may lead to deadlocks in the child.
  pid = os.fork()

[2025-09-18T20:03:10.567+0000] {standard_task_runner.py:64} INFO - Started process 12103 to run task
[2025-09-18T20:03:10.568+0000] {standard_task_runner.py:90} INFO - Running: ['***', 'tasks', 'run', 'ml_forecast_stock', 'wait_for_etl', 'scheduled__2025-09-17T00:00:00+00:00', '--job-id', '97', '--raw', '--subdir', 'DAGS_FOLDER/ml_forecast_stock.py', '--cfg-path', '/tmp/tmp67r0f4e_']
[2025-09-18T20:03:10.568+0000] {standard_task_runner.py:91} INFO - Job 97: Subtask wait_for_etl
[2025-09-18T20:03:10.587+0000] {task_command.py:426} INFO - Running <TaskInstance: ml_forecast_stock.wait_for_etl scheduled__2025-09-17T00:00:00+00:00 [running]> on host 11e1994bdecf
[2025-09-18T20:03:10.614+0000] {taskinstance.py:2648} INFO - Exporting env vars: AIRFLOW_CTX_DAG_OWNER='data226' AIRFLOW_CTX_DAG_ID='ml_forecast_stock' AIRFLOW_CTX_TASK_ID='wait_for_etl' AIRFLOW_CTX_EXECUTION_DATE='2025-09-17T00:00:00+00:00' AIRFLOW_CTX_TRY_NUMBER='2' AIRFLOW_CTX_DAG_RUN_ID='scheduled__2025-09-17T00:00:00+00:00'
[2025-09-18T20:03:10.615+0000] {taskinstance.py:430} INFO - ::endgroup::
[2025-09-18T20:03:10.615+0000] {baseoperator.py:400} WARNING - ExternalTaskSensor.execute cannot be called outside TaskInstance!
[2025-09-18T20:03:10.618+0000] {external_task.py:274} INFO - Poking for DAG '"etl_yfinance_stock"' on 2025-09-17T00:00:00+00:00 ... 
[2025-09-18T20:03:10.618+0000] {warnings.py:112} WARNING - /home/***/.local/lib/python3.12/site-packages/***/utils/session.py:79: DeprecationWarning: This method is deprecated and will be removed in future.
  return func(*args, session=session, **kwargs)

[2025-09-18T20:03:10.622+0000] {taskinstance.py:441} INFO - ::group::Post task execution logs
[2025-09-18T20:03:10.628+0000] {taskinstance.py:2865} INFO - Rescheduling task, marking task as UP_FOR_RESCHEDULE
[2025-09-18T20:03:10.666+0000] {local_task_job_runner.py:243} INFO - Task exited with return code 0
[2025-09-18T20:03:10.670+0000] {warnings.py:112} WARNING - /home/***/.local/lib/python3.12/site-packages/***/models/baseoperator.py:1297: AirflowProviderDeprecationWarning: Call to deprecated class SnowflakeOperator. (This class is deprecated. Please use `***.providers.common.sql.operators.sql.SQLExecuteQueryOperator`. Also, you can provide `hook_params={'warehouse': <warehouse>, 'database': <database>, 'role': <role>, 'schema': <schema>, 'authenticator': <authenticator>,'session_parameters': <session_parameters>}`.)
  result = cls.__new__(cls)

[2025-09-18T20:03:10.677+0000] {taskinstance.py:3503} INFO - 0 downstream tasks scheduled from follow-on schedule check
[2025-09-18T20:03:10.677+0000] {local_task_job_runner.py:222} INFO - ::endgroup::
[2025-09-18T20:04:12.251+0000] {local_task_job_runner.py:120} INFO - ::group::Pre task execution logs
[2025-09-18T20:04:12.259+0000] {taskinstance.py:2076} INFO - Dependencies all met for dep_context=non-requeueable deps ti=<TaskInstance: ml_forecast_stock.wait_for_etl scheduled__2025-09-17T00:00:00+00:00 [queued]>
[2025-09-18T20:04:12.261+0000] {taskinstance.py:2076} INFO - Dependencies all met for dep_context=requeueable deps ti=<TaskInstance: ml_forecast_stock.wait_for_etl scheduled__2025-09-17T00:00:00+00:00 [queued]>
[2025-09-18T20:04:12.262+0000] {taskinstance.py:2306} INFO - Starting attempt 2 of 3
[2025-09-18T20:04:12.265+0000] {taskinstance.py:2330} INFO - Executing <Task(ExternalTaskSensor): wait_for_etl> on 2025-09-17 00:00:00+00:00
[2025-09-18T20:04:12.269+0000] {warnings.py:112} WARNING - /home/***/.local/lib/python3.12/site-packages/***/task/task_runner/standard_task_runner.py:62: DeprecationWarning: This process (pid=12121) is multi-threaded, use of fork() may lead to deadlocks in the child.
  pid = os.fork()

[2025-09-18T20:04:12.269+0000] {standard_task_runner.py:64} INFO - Started process 12123 to run task
[2025-09-18T20:04:12.270+0000] {standard_task_runner.py:90} INFO - Running: ['***', 'tasks', 'run', 'ml_forecast_stock', 'wait_for_etl', 'scheduled__2025-09-17T00:00:00+00:00', '--job-id', '99', '--raw', '--subdir', 'DAGS_FOLDER/ml_forecast_stock.py', '--cfg-path', '/tmp/tmpe0tq_mca']
[2025-09-18T20:04:12.270+0000] {standard_task_runner.py:91} INFO - Job 99: Subtask wait_for_etl
[2025-09-18T20:04:12.289+0000] {task_command.py:426} INFO - Running <TaskInstance: ml_forecast_stock.wait_for_etl scheduled__2025-09-17T00:00:00+00:00 [running]> on host 11e1994bdecf
[2025-09-18T20:04:12.320+0000] {taskinstance.py:2648} INFO - Exporting env vars: AIRFLOW_CTX_DAG_OWNER='data226' AIRFLOW_CTX_DAG_ID='ml_forecast_stock' AIRFLOW_CTX_TASK_ID='wait_for_etl' AIRFLOW_CTX_EXECUTION_DATE='2025-09-17T00:00:00+00:00' AIRFLOW_CTX_TRY_NUMBER='2' AIRFLOW_CTX_DAG_RUN_ID='scheduled__2025-09-17T00:00:00+00:00'
[2025-09-18T20:04:12.321+0000] {taskinstance.py:430} INFO - ::endgroup::
[2025-09-18T20:04:12.321+0000] {baseoperator.py:400} WARNING - ExternalTaskSensor.execute cannot be called outside TaskInstance!
[2025-09-18T20:04:12.324+0000] {external_task.py:274} INFO - Poking for DAG '"etl_yfinance_stock"' on 2025-09-17T00:00:00+00:00 ... 
[2025-09-18T20:04:12.324+0000] {warnings.py:112} WARNING - /home/***/.local/lib/python3.12/site-packages/***/utils/session.py:79: DeprecationWarning: This method is deprecated and will be removed in future.
  return func(*args, session=session, **kwargs)

[2025-09-18T20:04:12.327+0000] {taskinstance.py:441} INFO - ::group::Post task execution logs
[2025-09-18T20:04:12.332+0000] {taskinstance.py:2865} INFO - Rescheduling task, marking task as UP_FOR_RESCHEDULE
[2025-09-18T20:04:12.366+0000] {local_task_job_runner.py:243} INFO - Task exited with return code 0
[2025-09-18T20:04:12.370+0000] {warnings.py:112} WARNING - /home/***/.local/lib/python3.12/site-packages/***/models/baseoperator.py:1297: AirflowProviderDeprecationWarning: Call to deprecated class SnowflakeOperator. (This class is deprecated. Please use `***.providers.common.sql.operators.sql.SQLExecuteQueryOperator`. Also, you can provide `hook_params={'warehouse': <warehouse>, 'database': <database>, 'role': <role>, 'schema': <schema>, 'authenticator': <authenticator>,'session_parameters': <session_parameters>}`.)
  result = cls.__new__(cls)

[2025-09-18T20:04:12.376+0000] {taskinstance.py:3503} INFO - 0 downstream tasks scheduled from follow-on schedule check
[2025-09-18T20:04:12.377+0000] {local_task_job_runner.py:222} INFO - ::endgroup::
[2025-09-18T20:05:13.850+0000] {local_task_job_runner.py:120} INFO - ::group::Pre task execution logs
[2025-09-18T20:05:13.861+0000] {taskinstance.py:2076} INFO - Dependencies all met for dep_context=non-requeueable deps ti=<TaskInstance: ml_forecast_stock.wait_for_etl scheduled__2025-09-17T00:00:00+00:00 [queued]>
[2025-09-18T20:05:13.865+0000] {taskinstance.py:2076} INFO - Dependencies all met for dep_context=requeueable deps ti=<TaskInstance: ml_forecast_stock.wait_for_etl scheduled__2025-09-17T00:00:00+00:00 [queued]>
[2025-09-18T20:05:13.865+0000] {taskinstance.py:2306} INFO - Starting attempt 2 of 3
[2025-09-18T20:05:13.873+0000] {taskinstance.py:2330} INFO - Executing <Task(ExternalTaskSensor): wait_for_etl> on 2025-09-17 00:00:00+00:00
[2025-09-18T20:05:13.878+0000] {warnings.py:112} WARNING - /home/***/.local/lib/python3.12/site-packages/***/task/task_runner/standard_task_runner.py:62: DeprecationWarning: This process (pid=12141) is multi-threaded, use of fork() may lead to deadlocks in the child.
  pid = os.fork()

[2025-09-18T20:05:13.880+0000] {standard_task_runner.py:64} INFO - Started process 12143 to run task
[2025-09-18T20:05:13.879+0000] {standard_task_runner.py:90} INFO - Running: ['***', 'tasks', 'run', 'ml_forecast_stock', 'wait_for_etl', 'scheduled__2025-09-17T00:00:00+00:00', '--job-id', '101', '--raw', '--subdir', 'DAGS_FOLDER/ml_forecast_stock.py', '--cfg-path', '/tmp/tmpkivyvnbs']
[2025-09-18T20:05:13.881+0000] {standard_task_runner.py:91} INFO - Job 101: Subtask wait_for_etl
[2025-09-18T20:05:13.918+0000] {task_command.py:426} INFO - Running <TaskInstance: ml_forecast_stock.wait_for_etl scheduled__2025-09-17T00:00:00+00:00 [running]> on host 11e1994bdecf
[2025-09-18T20:05:13.960+0000] {taskinstance.py:2648} INFO - Exporting env vars: AIRFLOW_CTX_DAG_OWNER='data226' AIRFLOW_CTX_DAG_ID='ml_forecast_stock' AIRFLOW_CTX_TASK_ID='wait_for_etl' AIRFLOW_CTX_EXECUTION_DATE='2025-09-17T00:00:00+00:00' AIRFLOW_CTX_TRY_NUMBER='2' AIRFLOW_CTX_DAG_RUN_ID='scheduled__2025-09-17T00:00:00+00:00'
[2025-09-18T20:05:13.962+0000] {taskinstance.py:430} INFO - ::endgroup::
[2025-09-18T20:05:13.962+0000] {baseoperator.py:400} WARNING - ExternalTaskSensor.execute cannot be called outside TaskInstance!
[2025-09-18T20:05:13.968+0000] {external_task.py:274} INFO - Poking for DAG '"etl_yfinance_stock"' on 2025-09-17T00:00:00+00:00 ... 
[2025-09-18T20:05:13.968+0000] {warnings.py:112} WARNING - /home/***/.local/lib/python3.12/site-packages/***/utils/session.py:79: DeprecationWarning: This method is deprecated and will be removed in future.
  return func(*args, session=session, **kwargs)

[2025-09-18T20:05:13.972+0000] {taskinstance.py:441} INFO - ::group::Post task execution logs
[2025-09-18T20:05:13.981+0000] {taskinstance.py:2865} INFO - Rescheduling task, marking task as UP_FOR_RESCHEDULE
[2025-09-18T20:05:14.022+0000] {local_task_job_runner.py:243} INFO - Task exited with return code 0
[2025-09-18T20:05:14.028+0000] {warnings.py:112} WARNING - /home/***/.local/lib/python3.12/site-packages/***/models/baseoperator.py:1297: AirflowProviderDeprecationWarning: Call to deprecated class SnowflakeOperator. (This class is deprecated. Please use `***.providers.common.sql.operators.sql.SQLExecuteQueryOperator`. Also, you can provide `hook_params={'warehouse': <warehouse>, 'database': <database>, 'role': <role>, 'schema': <schema>, 'authenticator': <authenticator>,'session_parameters': <session_parameters>}`.)
  result = cls.__new__(cls)

[2025-09-18T20:05:14.037+0000] {taskinstance.py:3503} INFO - 0 downstream tasks scheduled from follow-on schedule check
[2025-09-18T20:05:14.038+0000] {local_task_job_runner.py:222} INFO - ::endgroup::
[2025-09-18T20:06:15.337+0000] {local_task_job_runner.py:120} INFO - ::group::Pre task execution logs
[2025-09-18T20:06:15.345+0000] {taskinstance.py:2076} INFO - Dependencies all met for dep_context=non-requeueable deps ti=<TaskInstance: ml_forecast_stock.wait_for_etl scheduled__2025-09-17T00:00:00+00:00 [queued]>
[2025-09-18T20:06:15.348+0000] {taskinstance.py:2076} INFO - Dependencies all met for dep_context=requeueable deps ti=<TaskInstance: ml_forecast_stock.wait_for_etl scheduled__2025-09-17T00:00:00+00:00 [queued]>
[2025-09-18T20:06:15.348+0000] {taskinstance.py:2306} INFO - Starting attempt 2 of 3
[2025-09-18T20:06:15.352+0000] {taskinstance.py:2330} INFO - Executing <Task(ExternalTaskSensor): wait_for_etl> on 2025-09-17 00:00:00+00:00
[2025-09-18T20:06:15.356+0000] {warnings.py:112} WARNING - /home/***/.local/lib/python3.12/site-packages/***/task/task_runner/standard_task_runner.py:62: DeprecationWarning: This process (pid=12161) is multi-threaded, use of fork() may lead to deadlocks in the child.
  pid = os.fork()

[2025-09-18T20:06:15.356+0000] {standard_task_runner.py:64} INFO - Started process 12163 to run task
[2025-09-18T20:06:15.357+0000] {standard_task_runner.py:90} INFO - Running: ['***', 'tasks', 'run', 'ml_forecast_stock', 'wait_for_etl', 'scheduled__2025-09-17T00:00:00+00:00', '--job-id', '103', '--raw', '--subdir', 'DAGS_FOLDER/ml_forecast_stock.py', '--cfg-path', '/tmp/tmp6alb7ha1']
[2025-09-18T20:06:15.357+0000] {standard_task_runner.py:91} INFO - Job 103: Subtask wait_for_etl
[2025-09-18T20:06:15.373+0000] {task_command.py:426} INFO - Running <TaskInstance: ml_forecast_stock.wait_for_etl scheduled__2025-09-17T00:00:00+00:00 [running]> on host 11e1994bdecf
[2025-09-18T20:06:15.399+0000] {taskinstance.py:2648} INFO - Exporting env vars: AIRFLOW_CTX_DAG_OWNER='data226' AIRFLOW_CTX_DAG_ID='ml_forecast_stock' AIRFLOW_CTX_TASK_ID='wait_for_etl' AIRFLOW_CTX_EXECUTION_DATE='2025-09-17T00:00:00+00:00' AIRFLOW_CTX_TRY_NUMBER='2' AIRFLOW_CTX_DAG_RUN_ID='scheduled__2025-09-17T00:00:00+00:00'
[2025-09-18T20:06:15.400+0000] {taskinstance.py:430} INFO - ::endgroup::
[2025-09-18T20:06:15.400+0000] {baseoperator.py:400} WARNING - ExternalTaskSensor.execute cannot be called outside TaskInstance!
[2025-09-18T20:06:15.403+0000] {external_task.py:274} INFO - Poking for DAG '"etl_yfinance_stock"' on 2025-09-17T00:00:00+00:00 ... 
[2025-09-18T20:06:15.403+0000] {warnings.py:112} WARNING - /home/***/.local/lib/python3.12/site-packages/***/utils/session.py:79: DeprecationWarning: This method is deprecated and will be removed in future.
  return func(*args, session=session, **kwargs)

[2025-09-18T20:06:15.406+0000] {taskinstance.py:441} INFO - ::group::Post task execution logs
[2025-09-18T20:06:15.412+0000] {taskinstance.py:2865} INFO - Rescheduling task, marking task as UP_FOR_RESCHEDULE
[2025-09-18T20:06:15.456+0000] {local_task_job_runner.py:243} INFO - Task exited with return code 0
[2025-09-18T20:06:15.460+0000] {warnings.py:112} WARNING - /home/***/.local/lib/python3.12/site-packages/***/models/baseoperator.py:1297: AirflowProviderDeprecationWarning: Call to deprecated class SnowflakeOperator. (This class is deprecated. Please use `***.providers.common.sql.operators.sql.SQLExecuteQueryOperator`. Also, you can provide `hook_params={'warehouse': <warehouse>, 'database': <database>, 'role': <role>, 'schema': <schema>, 'authenticator': <authenticator>,'session_parameters': <session_parameters>}`.)
  result = cls.__new__(cls)

[2025-09-18T20:06:15.467+0000] {taskinstance.py:3503} INFO - 0 downstream tasks scheduled from follow-on schedule check
[2025-09-18T20:06:15.467+0000] {local_task_job_runner.py:222} INFO - ::endgroup::
[2025-09-18T20:07:16.837+0000] {local_task_job_runner.py:120} INFO - ::group::Pre task execution logs
[2025-09-18T20:07:16.846+0000] {taskinstance.py:2076} INFO - Dependencies all met for dep_context=non-requeueable deps ti=<TaskInstance: ml_forecast_stock.wait_for_etl scheduled__2025-09-17T00:00:00+00:00 [queued]>
[2025-09-18T20:07:16.848+0000] {taskinstance.py:2076} INFO - Dependencies all met for dep_context=requeueable deps ti=<TaskInstance: ml_forecast_stock.wait_for_etl scheduled__2025-09-17T00:00:00+00:00 [queued]>
[2025-09-18T20:07:16.848+0000] {taskinstance.py:2306} INFO - Starting attempt 2 of 3
[2025-09-18T20:07:16.852+0000] {taskinstance.py:2330} INFO - Executing <Task(ExternalTaskSensor): wait_for_etl> on 2025-09-17 00:00:00+00:00
[2025-09-18T20:07:16.856+0000] {warnings.py:112} WARNING - /home/***/.local/lib/python3.12/site-packages/***/task/task_runner/standard_task_runner.py:62: DeprecationWarning: This process (pid=12181) is multi-threaded, use of fork() may lead to deadlocks in the child.
  pid = os.fork()

[2025-09-18T20:07:16.857+0000] {standard_task_runner.py:64} INFO - Started process 12183 to run task
[2025-09-18T20:07:16.857+0000] {standard_task_runner.py:90} INFO - Running: ['***', 'tasks', 'run', 'ml_forecast_stock', 'wait_for_etl', 'scheduled__2025-09-17T00:00:00+00:00', '--job-id', '105', '--raw', '--subdir', 'DAGS_FOLDER/ml_forecast_stock.py', '--cfg-path', '/tmp/tmpqeqcvjza']
[2025-09-18T20:07:16.858+0000] {standard_task_runner.py:91} INFO - Job 105: Subtask wait_for_etl
[2025-09-18T20:07:16.876+0000] {task_command.py:426} INFO - Running <TaskInstance: ml_forecast_stock.wait_for_etl scheduled__2025-09-17T00:00:00+00:00 [running]> on host 11e1994bdecf
[2025-09-18T20:07:16.903+0000] {taskinstance.py:2648} INFO - Exporting env vars: AIRFLOW_CTX_DAG_OWNER='data226' AIRFLOW_CTX_DAG_ID='ml_forecast_stock' AIRFLOW_CTX_TASK_ID='wait_for_etl' AIRFLOW_CTX_EXECUTION_DATE='2025-09-17T00:00:00+00:00' AIRFLOW_CTX_TRY_NUMBER='2' AIRFLOW_CTX_DAG_RUN_ID='scheduled__2025-09-17T00:00:00+00:00'
[2025-09-18T20:07:16.904+0000] {taskinstance.py:430} INFO - ::endgroup::
[2025-09-18T20:07:16.904+0000] {baseoperator.py:400} WARNING - ExternalTaskSensor.execute cannot be called outside TaskInstance!
[2025-09-18T20:07:16.907+0000] {external_task.py:274} INFO - Poking for DAG '"etl_yfinance_stock"' on 2025-09-17T00:00:00+00:00 ... 
[2025-09-18T20:07:16.907+0000] {warnings.py:112} WARNING - /home/***/.local/lib/python3.12/site-packages/***/utils/session.py:79: DeprecationWarning: This method is deprecated and will be removed in future.
  return func(*args, session=session, **kwargs)

[2025-09-18T20:07:16.910+0000] {taskinstance.py:441} INFO - ::group::Post task execution logs
[2025-09-18T20:07:16.916+0000] {taskinstance.py:2865} INFO - Rescheduling task, marking task as UP_FOR_RESCHEDULE
[2025-09-18T20:07:16.958+0000] {local_task_job_runner.py:243} INFO - Task exited with return code 0
[2025-09-18T20:07:16.963+0000] {warnings.py:112} WARNING - /home/***/.local/lib/python3.12/site-packages/***/models/baseoperator.py:1297: AirflowProviderDeprecationWarning: Call to deprecated class SnowflakeOperator. (This class is deprecated. Please use `***.providers.common.sql.operators.sql.SQLExecuteQueryOperator`. Also, you can provide `hook_params={'warehouse': <warehouse>, 'database': <database>, 'role': <role>, 'schema': <schema>, 'authenticator': <authenticator>,'session_parameters': <session_parameters>}`.)
  result = cls.__new__(cls)

[2025-09-18T20:07:16.970+0000] {taskinstance.py:3503} INFO - 0 downstream tasks scheduled from follow-on schedule check
[2025-09-18T20:07:16.971+0000] {local_task_job_runner.py:222} INFO - ::endgroup::
[2025-09-18T20:08:17.983+0000] {local_task_job_runner.py:120} INFO - ::group::Pre task execution logs
[2025-09-18T20:08:17.992+0000] {taskinstance.py:2076} INFO - Dependencies all met for dep_context=non-requeueable deps ti=<TaskInstance: ml_forecast_stock.wait_for_etl scheduled__2025-09-17T00:00:00+00:00 [queued]>
[2025-09-18T20:08:17.994+0000] {taskinstance.py:2076} INFO - Dependencies all met for dep_context=requeueable deps ti=<TaskInstance: ml_forecast_stock.wait_for_etl scheduled__2025-09-17T00:00:00+00:00 [queued]>
[2025-09-18T20:08:17.994+0000] {taskinstance.py:2306} INFO - Starting attempt 2 of 3
[2025-09-18T20:08:17.998+0000] {taskinstance.py:2330} INFO - Executing <Task(ExternalTaskSensor): wait_for_etl> on 2025-09-17 00:00:00+00:00
[2025-09-18T20:08:18.003+0000] {warnings.py:112} WARNING - /home/***/.local/lib/python3.12/site-packages/***/task/task_runner/standard_task_runner.py:62: DeprecationWarning: This process (pid=12201) is multi-threaded, use of fork() may lead to deadlocks in the child.
  pid = os.fork()

[2025-09-18T20:08:18.005+0000] {standard_task_runner.py:64} INFO - Started process 12203 to run task
[2025-09-18T20:08:18.003+0000] {standard_task_runner.py:90} INFO - Running: ['***', 'tasks', 'run', 'ml_forecast_stock', 'wait_for_etl', 'scheduled__2025-09-17T00:00:00+00:00', '--job-id', '107', '--raw', '--subdir', 'DAGS_FOLDER/ml_forecast_stock.py', '--cfg-path', '/tmp/tmpjhp95u6b']
[2025-09-18T20:08:18.006+0000] {standard_task_runner.py:91} INFO - Job 107: Subtask wait_for_etl
[2025-09-18T20:08:18.025+0000] {task_command.py:426} INFO - Running <TaskInstance: ml_forecast_stock.wait_for_etl scheduled__2025-09-17T00:00:00+00:00 [running]> on host 11e1994bdecf
[2025-09-18T20:08:18.051+0000] {taskinstance.py:2648} INFO - Exporting env vars: AIRFLOW_CTX_DAG_OWNER='data226' AIRFLOW_CTX_DAG_ID='ml_forecast_stock' AIRFLOW_CTX_TASK_ID='wait_for_etl' AIRFLOW_CTX_EXECUTION_DATE='2025-09-17T00:00:00+00:00' AIRFLOW_CTX_TRY_NUMBER='2' AIRFLOW_CTX_DAG_RUN_ID='scheduled__2025-09-17T00:00:00+00:00'
[2025-09-18T20:08:18.052+0000] {taskinstance.py:430} INFO - ::endgroup::
[2025-09-18T20:08:18.052+0000] {baseoperator.py:400} WARNING - ExternalTaskSensor.execute cannot be called outside TaskInstance!
[2025-09-18T20:08:18.054+0000] {external_task.py:274} INFO - Poking for DAG '"etl_yfinance_stock"' on 2025-09-17T00:00:00+00:00 ... 
[2025-09-18T20:08:18.054+0000] {warnings.py:112} WARNING - /home/***/.local/lib/python3.12/site-packages/***/utils/session.py:79: DeprecationWarning: This method is deprecated and will be removed in future.
  return func(*args, session=session, **kwargs)

[2025-09-18T20:08:18.057+0000] {taskinstance.py:441} INFO - ::group::Post task execution logs
[2025-09-18T20:08:18.063+0000] {taskinstance.py:2865} INFO - Rescheduling task, marking task as UP_FOR_RESCHEDULE
[2025-09-18T20:08:18.105+0000] {local_task_job_runner.py:243} INFO - Task exited with return code 0
[2025-09-18T20:08:18.109+0000] {warnings.py:112} WARNING - /home/***/.local/lib/python3.12/site-packages/***/models/baseoperator.py:1297: AirflowProviderDeprecationWarning: Call to deprecated class SnowflakeOperator. (This class is deprecated. Please use `***.providers.common.sql.operators.sql.SQLExecuteQueryOperator`. Also, you can provide `hook_params={'warehouse': <warehouse>, 'database': <database>, 'role': <role>, 'schema': <schema>, 'authenticator': <authenticator>,'session_parameters': <session_parameters>}`.)
  result = cls.__new__(cls)

[2025-09-18T20:08:18.115+0000] {taskinstance.py:3503} INFO - 0 downstream tasks scheduled from follow-on schedule check
[2025-09-18T20:08:18.116+0000] {local_task_job_runner.py:222} INFO - ::endgroup::
[2025-09-18T20:09:19.231+0000] {local_task_job_runner.py:120} INFO - ::group::Pre task execution logs
[2025-09-18T20:09:19.241+0000] {taskinstance.py:2076} INFO - Dependencies all met for dep_context=non-requeueable deps ti=<TaskInstance: ml_forecast_stock.wait_for_etl scheduled__2025-09-17T00:00:00+00:00 [queued]>
[2025-09-18T20:09:19.243+0000] {taskinstance.py:2076} INFO - Dependencies all met for dep_context=requeueable deps ti=<TaskInstance: ml_forecast_stock.wait_for_etl scheduled__2025-09-17T00:00:00+00:00 [queued]>
[2025-09-18T20:09:19.244+0000] {taskinstance.py:2306} INFO - Starting attempt 2 of 3
[2025-09-18T20:09:19.248+0000] {taskinstance.py:2330} INFO - Executing <Task(ExternalTaskSensor): wait_for_etl> on 2025-09-17 00:00:00+00:00
[2025-09-18T20:09:19.251+0000] {warnings.py:112} WARNING - /home/***/.local/lib/python3.12/site-packages/***/task/task_runner/standard_task_runner.py:62: DeprecationWarning: This process (pid=12214) is multi-threaded, use of fork() may lead to deadlocks in the child.
  pid = os.fork()

[2025-09-18T20:09:19.252+0000] {standard_task_runner.py:64} INFO - Started process 12223 to run task
[2025-09-18T20:09:19.252+0000] {standard_task_runner.py:90} INFO - Running: ['***', 'tasks', 'run', 'ml_forecast_stock', 'wait_for_etl', 'scheduled__2025-09-17T00:00:00+00:00', '--job-id', '109', '--raw', '--subdir', 'DAGS_FOLDER/ml_forecast_stock.py', '--cfg-path', '/tmp/tmph2rjeqmt']
[2025-09-18T20:09:19.253+0000] {standard_task_runner.py:91} INFO - Job 109: Subtask wait_for_etl
[2025-09-18T20:09:19.273+0000] {task_command.py:426} INFO - Running <TaskInstance: ml_forecast_stock.wait_for_etl scheduled__2025-09-17T00:00:00+00:00 [running]> on host 11e1994bdecf
[2025-09-18T20:09:19.304+0000] {taskinstance.py:2648} INFO - Exporting env vars: AIRFLOW_CTX_DAG_OWNER='data226' AIRFLOW_CTX_DAG_ID='ml_forecast_stock' AIRFLOW_CTX_TASK_ID='wait_for_etl' AIRFLOW_CTX_EXECUTION_DATE='2025-09-17T00:00:00+00:00' AIRFLOW_CTX_TRY_NUMBER='2' AIRFLOW_CTX_DAG_RUN_ID='scheduled__2025-09-17T00:00:00+00:00'
[2025-09-18T20:09:19.305+0000] {taskinstance.py:430} INFO - ::endgroup::
[2025-09-18T20:09:19.305+0000] {baseoperator.py:400} WARNING - ExternalTaskSensor.execute cannot be called outside TaskInstance!
[2025-09-18T20:09:19.308+0000] {external_task.py:274} INFO - Poking for DAG '"etl_yfinance_stock"' on 2025-09-17T00:00:00+00:00 ... 
[2025-09-18T20:09:19.308+0000] {warnings.py:112} WARNING - /home/***/.local/lib/python3.12/site-packages/***/utils/session.py:79: DeprecationWarning: This method is deprecated and will be removed in future.
  return func(*args, session=session, **kwargs)

[2025-09-18T20:09:19.311+0000] {taskinstance.py:441} INFO - ::group::Post task execution logs
[2025-09-18T20:09:19.319+0000] {taskinstance.py:2865} INFO - Rescheduling task, marking task as UP_FOR_RESCHEDULE
[2025-09-18T20:09:19.351+0000] {local_task_job_runner.py:243} INFO - Task exited with return code 0
[2025-09-18T20:09:19.355+0000] {warnings.py:112} WARNING - /home/***/.local/lib/python3.12/site-packages/***/models/baseoperator.py:1297: AirflowProviderDeprecationWarning: Call to deprecated class SnowflakeOperator. (This class is deprecated. Please use `***.providers.common.sql.operators.sql.SQLExecuteQueryOperator`. Also, you can provide `hook_params={'warehouse': <warehouse>, 'database': <database>, 'role': <role>, 'schema': <schema>, 'authenticator': <authenticator>,'session_parameters': <session_parameters>}`.)
  result = cls.__new__(cls)

[2025-09-18T20:09:19.362+0000] {taskinstance.py:3503} INFO - 0 downstream tasks scheduled from follow-on schedule check
[2025-09-18T20:09:19.362+0000] {local_task_job_runner.py:222} INFO - ::endgroup::
[2025-09-18T20:10:20.732+0000] {local_task_job_runner.py:120} INFO - ::group::Pre task execution logs
[2025-09-18T20:10:20.741+0000] {taskinstance.py:2076} INFO - Dependencies all met for dep_context=non-requeueable deps ti=<TaskInstance: ml_forecast_stock.wait_for_etl scheduled__2025-09-17T00:00:00+00:00 [queued]>
[2025-09-18T20:10:20.743+0000] {taskinstance.py:2076} INFO - Dependencies all met for dep_context=requeueable deps ti=<TaskInstance: ml_forecast_stock.wait_for_etl scheduled__2025-09-17T00:00:00+00:00 [queued]>
[2025-09-18T20:10:20.743+0000] {taskinstance.py:2306} INFO - Starting attempt 2 of 3
[2025-09-18T20:10:20.747+0000] {taskinstance.py:2330} INFO - Executing <Task(ExternalTaskSensor): wait_for_etl> on 2025-09-17 00:00:00+00:00
[2025-09-18T20:10:20.750+0000] {warnings.py:112} WARNING - /home/***/.local/lib/python3.12/site-packages/***/task/task_runner/standard_task_runner.py:62: DeprecationWarning: This process (pid=12234) is multi-threaded, use of fork() may lead to deadlocks in the child.
  pid = os.fork()

[2025-09-18T20:10:20.751+0000] {standard_task_runner.py:64} INFO - Started process 12236 to run task
[2025-09-18T20:10:20.751+0000] {standard_task_runner.py:90} INFO - Running: ['***', 'tasks', 'run', 'ml_forecast_stock', 'wait_for_etl', 'scheduled__2025-09-17T00:00:00+00:00', '--job-id', '111', '--raw', '--subdir', 'DAGS_FOLDER/ml_forecast_stock.py', '--cfg-path', '/tmp/tmpgtu2cano']
[2025-09-18T20:10:20.752+0000] {standard_task_runner.py:91} INFO - Job 111: Subtask wait_for_etl
[2025-09-18T20:10:20.773+0000] {task_command.py:426} INFO - Running <TaskInstance: ml_forecast_stock.wait_for_etl scheduled__2025-09-17T00:00:00+00:00 [running]> on host 11e1994bdecf
[2025-09-18T20:10:20.804+0000] {taskinstance.py:2648} INFO - Exporting env vars: AIRFLOW_CTX_DAG_OWNER='data226' AIRFLOW_CTX_DAG_ID='ml_forecast_stock' AIRFLOW_CTX_TASK_ID='wait_for_etl' AIRFLOW_CTX_EXECUTION_DATE='2025-09-17T00:00:00+00:00' AIRFLOW_CTX_TRY_NUMBER='2' AIRFLOW_CTX_DAG_RUN_ID='scheduled__2025-09-17T00:00:00+00:00'
[2025-09-18T20:10:20.804+0000] {taskinstance.py:430} INFO - ::endgroup::
[2025-09-18T20:10:20.805+0000] {baseoperator.py:400} WARNING - ExternalTaskSensor.execute cannot be called outside TaskInstance!
[2025-09-18T20:10:20.808+0000] {external_task.py:274} INFO - Poking for DAG '"etl_yfinance_stock"' on 2025-09-17T00:00:00+00:00 ... 
[2025-09-18T20:10:20.808+0000] {warnings.py:112} WARNING - /home/***/.local/lib/python3.12/site-packages/***/utils/session.py:79: DeprecationWarning: This method is deprecated and will be removed in future.
  return func(*args, session=session, **kwargs)

[2025-09-18T20:10:20.810+0000] {taskinstance.py:441} INFO - ::group::Post task execution logs
[2025-09-18T20:10:20.816+0000] {taskinstance.py:2865} INFO - Rescheduling task, marking task as UP_FOR_RESCHEDULE
[2025-09-18T20:10:20.851+0000] {local_task_job_runner.py:243} INFO - Task exited with return code 0
[2025-09-18T20:10:20.855+0000] {warnings.py:112} WARNING - /home/***/.local/lib/python3.12/site-packages/***/models/baseoperator.py:1297: AirflowProviderDeprecationWarning: Call to deprecated class SnowflakeOperator. (This class is deprecated. Please use `***.providers.common.sql.operators.sql.SQLExecuteQueryOperator`. Also, you can provide `hook_params={'warehouse': <warehouse>, 'database': <database>, 'role': <role>, 'schema': <schema>, 'authenticator': <authenticator>,'session_parameters': <session_parameters>}`.)
  result = cls.__new__(cls)

[2025-09-18T20:10:20.862+0000] {taskinstance.py:3503} INFO - 0 downstream tasks scheduled from follow-on schedule check
[2025-09-18T20:10:20.862+0000] {local_task_job_runner.py:222} INFO - ::endgroup::
[2025-09-18T20:11:22.161+0000] {local_task_job_runner.py:120} INFO - ::group::Pre task execution logs
[2025-09-18T20:11:22.170+0000] {taskinstance.py:2076} INFO - Dependencies all met for dep_context=non-requeueable deps ti=<TaskInstance: ml_forecast_stock.wait_for_etl scheduled__2025-09-17T00:00:00+00:00 [queued]>
[2025-09-18T20:11:22.172+0000] {taskinstance.py:2076} INFO - Dependencies all met for dep_context=requeueable deps ti=<TaskInstance: ml_forecast_stock.wait_for_etl scheduled__2025-09-17T00:00:00+00:00 [queued]>
[2025-09-18T20:11:22.172+0000] {taskinstance.py:2306} INFO - Starting attempt 2 of 3
[2025-09-18T20:11:22.176+0000] {taskinstance.py:2330} INFO - Executing <Task(ExternalTaskSensor): wait_for_etl> on 2025-09-17 00:00:00+00:00
[2025-09-18T20:11:22.180+0000] {warnings.py:112} WARNING - /home/***/.local/lib/python3.12/site-packages/***/task/task_runner/standard_task_runner.py:62: DeprecationWarning: This process (pid=12254) is multi-threaded, use of fork() may lead to deadlocks in the child.
  pid = os.fork()

[2025-09-18T20:11:22.181+0000] {standard_task_runner.py:64} INFO - Started process 12256 to run task
[2025-09-18T20:11:22.182+0000] {standard_task_runner.py:90} INFO - Running: ['***', 'tasks', 'run', 'ml_forecast_stock', 'wait_for_etl', 'scheduled__2025-09-17T00:00:00+00:00', '--job-id', '113', '--raw', '--subdir', 'DAGS_FOLDER/ml_forecast_stock.py', '--cfg-path', '/tmp/tmppfg7cnyg']
[2025-09-18T20:11:22.183+0000] {standard_task_runner.py:91} INFO - Job 113: Subtask wait_for_etl
[2025-09-18T20:11:22.201+0000] {task_command.py:426} INFO - Running <TaskInstance: ml_forecast_stock.wait_for_etl scheduled__2025-09-17T00:00:00+00:00 [running]> on host 11e1994bdecf
[2025-09-18T20:11:22.229+0000] {taskinstance.py:2648} INFO - Exporting env vars: AIRFLOW_CTX_DAG_OWNER='data226' AIRFLOW_CTX_DAG_ID='ml_forecast_stock' AIRFLOW_CTX_TASK_ID='wait_for_etl' AIRFLOW_CTX_EXECUTION_DATE='2025-09-17T00:00:00+00:00' AIRFLOW_CTX_TRY_NUMBER='2' AIRFLOW_CTX_DAG_RUN_ID='scheduled__2025-09-17T00:00:00+00:00'
[2025-09-18T20:11:22.230+0000] {taskinstance.py:430} INFO - ::endgroup::
[2025-09-18T20:11:22.230+0000] {baseoperator.py:400} WARNING - ExternalTaskSensor.execute cannot be called outside TaskInstance!
[2025-09-18T20:11:22.233+0000] {external_task.py:258} INFO - Poking for tasks ['fetch_and_upsert'] in dag "etl_yfinance_stock" on 2025-09-17T00:00:00+00:00 ... 
[2025-09-18T20:11:22.235+0000] {taskinstance.py:441} INFO - ::group::Post task execution logs
[2025-09-18T20:11:22.235+0000] {taskinstance.py:2506} INFO - Skipping due to soft_fail is set to True.
[2025-09-18T20:11:22.238+0000] {taskinstance.py:1206} INFO - Marking task as SKIPPED. dag_id=ml_forecast_stock, task_id=wait_for_etl, run_id=scheduled__2025-09-17T00:00:00+00:00, execution_date=20250917T000000, start_date=20250918T201122, end_date=20250918T201122
[2025-09-18T20:11:22.283+0000] {local_task_job_runner.py:243} INFO - Task exited with return code 0
[2025-09-18T20:11:22.293+0000] {warnings.py:112} WARNING - /home/***/.local/lib/python3.12/site-packages/***/models/baseoperator.py:1297: AirflowProviderDeprecationWarning: Call to deprecated class SnowflakeOperator. (This class is deprecated. Please use `***.providers.common.sql.operators.sql.SQLExecuteQueryOperator`. Also, you can provide `hook_params={'warehouse': <warehouse>, 'database': <database>, 'role': <role>, 'schema': <schema>, 'authenticator': <authenticator>,'session_parameters': <session_parameters>}`.)
  result = cls.__new__(cls)

[2025-09-18T20:11:22.301+0000] {taskinstance.py:3503} INFO - 0 downstream tasks scheduled from follow-on schedule check
[2025-09-18T20:11:22.303+0000] {local_task_job_runner.py:222} INFO - ::endgroup::
