[2025-09-18T19:45:56.081+0000] {local_task_job_runner.py:120} INFO - ::group::Pre task execution logs
[2025-09-18T19:45:56.102+0000] {taskinstance.py:2076} INFO - Dependencies all met for dep_context=non-requeueable deps ti=<TaskInstance: ml_forecast_stock.wait_for_etl scheduled__2025-09-17T00:00:00+00:00 [queued]>
[2025-09-18T19:45:56.108+0000] {taskinstance.py:2076} INFO - Dependencies all met for dep_context=requeueable deps ti=<TaskInstance: ml_forecast_stock.wait_for_etl scheduled__2025-09-17T00:00:00+00:00 [queued]>
[2025-09-18T19:45:56.109+0000] {taskinstance.py:2306} INFO - Starting attempt 1 of 2
[2025-09-18T19:45:56.118+0000] {taskinstance.py:2330} INFO - Executing <Task(ExternalTaskSensor): wait_for_etl> on 2025-09-17 00:00:00+00:00
[2025-09-18T19:45:56.125+0000] {warnings.py:112} WARNING - /home/***/.local/lib/python3.12/site-packages/***/task/task_runner/standard_task_runner.py:62: DeprecationWarning: This process (pid=11774) is multi-threaded, use of fork() may lead to deadlocks in the child.
  pid = os.fork()

[2025-09-18T19:45:56.128+0000] {standard_task_runner.py:64} INFO - Started process 11778 to run task
[2025-09-18T19:45:56.128+0000] {standard_task_runner.py:90} INFO - Running: ['***', 'tasks', 'run', 'ml_forecast_stock', 'wait_for_etl', 'scheduled__2025-09-17T00:00:00+00:00', '--job-id', '65', '--raw', '--subdir', 'DAGS_FOLDER/ml_forecast_stock.py', '--cfg-path', '/tmp/tmplbhy470u']
[2025-09-18T19:45:56.129+0000] {standard_task_runner.py:91} INFO - Job 65: Subtask wait_for_etl
[2025-09-18T19:45:56.194+0000] {task_command.py:426} INFO - Running <TaskInstance: ml_forecast_stock.wait_for_etl scheduled__2025-09-17T00:00:00+00:00 [running]> on host 11e1994bdecf
[2025-09-18T19:45:56.255+0000] {taskinstance.py:2648} INFO - Exporting env vars: AIRFLOW_CTX_DAG_OWNER='data226' AIRFLOW_CTX_DAG_ID='ml_forecast_stock' AIRFLOW_CTX_TASK_ID='wait_for_etl' AIRFLOW_CTX_EXECUTION_DATE='2025-09-17T00:00:00+00:00' AIRFLOW_CTX_TRY_NUMBER='1' AIRFLOW_CTX_DAG_RUN_ID='scheduled__2025-09-17T00:00:00+00:00'
[2025-09-18T19:45:56.256+0000] {taskinstance.py:430} INFO - ::endgroup::
[2025-09-18T19:45:56.257+0000] {baseoperator.py:400} WARNING - ExternalTaskSensor.execute cannot be called outside TaskInstance!
[2025-09-18T19:45:56.264+0000] {external_task.py:274} INFO - Poking for DAG '"etl_yfinance_stock"' on 2025-09-17T00:00:00+00:00 ... 
[2025-09-18T19:45:56.265+0000] {warnings.py:112} WARNING - /home/***/.local/lib/python3.12/site-packages/***/utils/session.py:79: DeprecationWarning: This method is deprecated and will be removed in future.
  return func(*args, session=session, **kwargs)

[2025-09-18T19:45:56.272+0000] {taskinstance.py:441} INFO - ::group::Post task execution logs
[2025-09-18T19:45:56.284+0000] {taskinstance.py:2865} INFO - Rescheduling task, marking task as UP_FOR_RESCHEDULE
[2025-09-18T19:45:56.311+0000] {local_task_job_runner.py:243} INFO - Task exited with return code 0
[2025-09-18T19:45:56.322+0000] {warnings.py:112} WARNING - /home/***/.local/lib/python3.12/site-packages/***/models/baseoperator.py:1297: AirflowProviderDeprecationWarning: Call to deprecated class SnowflakeOperator. (This class is deprecated. Please use `***.providers.common.sql.operators.sql.SQLExecuteQueryOperator`. Also, you can provide `hook_params={'warehouse': <warehouse>, 'database': <database>, 'role': <role>, 'schema': <schema>, 'authenticator': <authenticator>,'session_parameters': <session_parameters>}`.)
  result = cls.__new__(cls)

[2025-09-18T19:45:56.331+0000] {taskinstance.py:3503} INFO - 0 downstream tasks scheduled from follow-on schedule check
[2025-09-18T19:45:56.332+0000] {local_task_job_runner.py:222} INFO - ::endgroup::
[2025-09-18T19:46:57.172+0000] {local_task_job_runner.py:120} INFO - ::group::Pre task execution logs
[2025-09-18T19:46:57.182+0000] {taskinstance.py:2076} INFO - Dependencies all met for dep_context=non-requeueable deps ti=<TaskInstance: ml_forecast_stock.wait_for_etl scheduled__2025-09-17T00:00:00+00:00 [queued]>
[2025-09-18T19:46:57.186+0000] {taskinstance.py:2076} INFO - Dependencies all met for dep_context=requeueable deps ti=<TaskInstance: ml_forecast_stock.wait_for_etl scheduled__2025-09-17T00:00:00+00:00 [queued]>
[2025-09-18T19:46:57.186+0000] {taskinstance.py:2306} INFO - Starting attempt 1 of 2
[2025-09-18T19:46:57.191+0000] {taskinstance.py:2330} INFO - Executing <Task(ExternalTaskSensor): wait_for_etl> on 2025-09-17 00:00:00+00:00
[2025-09-18T19:46:57.197+0000] {warnings.py:112} WARNING - /home/***/.local/lib/python3.12/site-packages/***/task/task_runner/standard_task_runner.py:62: DeprecationWarning: This process (pid=11795) is multi-threaded, use of fork() may lead to deadlocks in the child.
  pid = os.fork()

[2025-09-18T19:46:57.198+0000] {standard_task_runner.py:64} INFO - Started process 11799 to run task
[2025-09-18T19:46:57.199+0000] {standard_task_runner.py:90} INFO - Running: ['***', 'tasks', 'run', 'ml_forecast_stock', 'wait_for_etl', 'scheduled__2025-09-17T00:00:00+00:00', '--job-id', '68', '--raw', '--subdir', 'DAGS_FOLDER/ml_forecast_stock.py', '--cfg-path', '/tmp/tmpq4ja2xxp']
[2025-09-18T19:46:57.199+0000] {standard_task_runner.py:91} INFO - Job 68: Subtask wait_for_etl
[2025-09-18T19:46:57.217+0000] {task_command.py:426} INFO - Running <TaskInstance: ml_forecast_stock.wait_for_etl scheduled__2025-09-17T00:00:00+00:00 [running]> on host 11e1994bdecf
[2025-09-18T19:46:57.245+0000] {taskinstance.py:2648} INFO - Exporting env vars: AIRFLOW_CTX_DAG_OWNER='data226' AIRFLOW_CTX_DAG_ID='ml_forecast_stock' AIRFLOW_CTX_TASK_ID='wait_for_etl' AIRFLOW_CTX_EXECUTION_DATE='2025-09-17T00:00:00+00:00' AIRFLOW_CTX_TRY_NUMBER='1' AIRFLOW_CTX_DAG_RUN_ID='scheduled__2025-09-17T00:00:00+00:00'
[2025-09-18T19:46:57.246+0000] {taskinstance.py:430} INFO - ::endgroup::
[2025-09-18T19:46:57.246+0000] {baseoperator.py:400} WARNING - ExternalTaskSensor.execute cannot be called outside TaskInstance!
[2025-09-18T19:46:57.249+0000] {external_task.py:274} INFO - Poking for DAG '"etl_yfinance_stock"' on 2025-09-17T00:00:00+00:00 ... 
[2025-09-18T19:46:57.249+0000] {warnings.py:112} WARNING - /home/***/.local/lib/python3.12/site-packages/***/utils/session.py:79: DeprecationWarning: This method is deprecated and will be removed in future.
  return func(*args, session=session, **kwargs)

[2025-09-18T19:46:57.252+0000] {taskinstance.py:441} INFO - ::group::Post task execution logs
[2025-09-18T19:46:57.258+0000] {taskinstance.py:2865} INFO - Rescheduling task, marking task as UP_FOR_RESCHEDULE
[2025-09-18T19:46:57.296+0000] {local_task_job_runner.py:243} INFO - Task exited with return code 0
[2025-09-18T19:46:57.300+0000] {warnings.py:112} WARNING - /home/***/.local/lib/python3.12/site-packages/***/models/baseoperator.py:1297: AirflowProviderDeprecationWarning: Call to deprecated class SnowflakeOperator. (This class is deprecated. Please use `***.providers.common.sql.operators.sql.SQLExecuteQueryOperator`. Also, you can provide `hook_params={'warehouse': <warehouse>, 'database': <database>, 'role': <role>, 'schema': <schema>, 'authenticator': <authenticator>,'session_parameters': <session_parameters>}`.)
  result = cls.__new__(cls)

[2025-09-18T19:46:57.306+0000] {taskinstance.py:3503} INFO - 0 downstream tasks scheduled from follow-on schedule check
[2025-09-18T19:46:57.307+0000] {local_task_job_runner.py:222} INFO - ::endgroup::
[2025-09-18T19:47:58.715+0000] {local_task_job_runner.py:120} INFO - ::group::Pre task execution logs
[2025-09-18T19:47:58.727+0000] {taskinstance.py:2076} INFO - Dependencies all met for dep_context=non-requeueable deps ti=<TaskInstance: ml_forecast_stock.wait_for_etl scheduled__2025-09-17T00:00:00+00:00 [queued]>
[2025-09-18T19:47:58.731+0000] {taskinstance.py:2076} INFO - Dependencies all met for dep_context=requeueable deps ti=<TaskInstance: ml_forecast_stock.wait_for_etl scheduled__2025-09-17T00:00:00+00:00 [queued]>
[2025-09-18T19:47:58.731+0000] {taskinstance.py:2306} INFO - Starting attempt 1 of 2
[2025-09-18T19:47:58.737+0000] {taskinstance.py:2330} INFO - Executing <Task(ExternalTaskSensor): wait_for_etl> on 2025-09-17 00:00:00+00:00
[2025-09-18T19:47:58.740+0000] {warnings.py:112} WARNING - /home/***/.local/lib/python3.12/site-packages/***/task/task_runner/standard_task_runner.py:62: DeprecationWarning: This process (pid=11815) is multi-threaded, use of fork() may lead to deadlocks in the child.
  pid = os.fork()

[2025-09-18T19:47:58.741+0000] {standard_task_runner.py:64} INFO - Started process 11818 to run task
[2025-09-18T19:47:58.742+0000] {standard_task_runner.py:90} INFO - Running: ['***', 'tasks', 'run', 'ml_forecast_stock', 'wait_for_etl', 'scheduled__2025-09-17T00:00:00+00:00', '--job-id', '70', '--raw', '--subdir', 'DAGS_FOLDER/ml_forecast_stock.py', '--cfg-path', '/tmp/tmpwk40722d']
[2025-09-18T19:47:58.742+0000] {standard_task_runner.py:91} INFO - Job 70: Subtask wait_for_etl
[2025-09-18T19:47:58.764+0000] {task_command.py:426} INFO - Running <TaskInstance: ml_forecast_stock.wait_for_etl scheduled__2025-09-17T00:00:00+00:00 [running]> on host 11e1994bdecf
[2025-09-18T19:47:58.810+0000] {taskinstance.py:2648} INFO - Exporting env vars: AIRFLOW_CTX_DAG_OWNER='data226' AIRFLOW_CTX_DAG_ID='ml_forecast_stock' AIRFLOW_CTX_TASK_ID='wait_for_etl' AIRFLOW_CTX_EXECUTION_DATE='2025-09-17T00:00:00+00:00' AIRFLOW_CTX_TRY_NUMBER='1' AIRFLOW_CTX_DAG_RUN_ID='scheduled__2025-09-17T00:00:00+00:00'
[2025-09-18T19:47:58.812+0000] {taskinstance.py:430} INFO - ::endgroup::
[2025-09-18T19:47:58.812+0000] {baseoperator.py:400} WARNING - ExternalTaskSensor.execute cannot be called outside TaskInstance!
[2025-09-18T19:47:58.818+0000] {external_task.py:274} INFO - Poking for DAG '"etl_yfinance_stock"' on 2025-09-17T00:00:00+00:00 ... 
[2025-09-18T19:47:58.819+0000] {warnings.py:112} WARNING - /home/***/.local/lib/python3.12/site-packages/***/utils/session.py:79: DeprecationWarning: This method is deprecated and will be removed in future.
  return func(*args, session=session, **kwargs)

[2025-09-18T19:47:58.824+0000] {taskinstance.py:441} INFO - ::group::Post task execution logs
[2025-09-18T19:47:58.835+0000] {taskinstance.py:2865} INFO - Rescheduling task, marking task as UP_FOR_RESCHEDULE
[2025-09-18T19:47:58.880+0000] {local_task_job_runner.py:243} INFO - Task exited with return code 0
[2025-09-18T19:47:58.886+0000] {warnings.py:112} WARNING - /home/***/.local/lib/python3.12/site-packages/***/models/baseoperator.py:1297: AirflowProviderDeprecationWarning: Call to deprecated class SnowflakeOperator. (This class is deprecated. Please use `***.providers.common.sql.operators.sql.SQLExecuteQueryOperator`. Also, you can provide `hook_params={'warehouse': <warehouse>, 'database': <database>, 'role': <role>, 'schema': <schema>, 'authenticator': <authenticator>,'session_parameters': <session_parameters>}`.)
  result = cls.__new__(cls)

[2025-09-18T19:47:58.894+0000] {taskinstance.py:3503} INFO - 0 downstream tasks scheduled from follow-on schedule check
[2025-09-18T19:47:58.895+0000] {local_task_job_runner.py:222} INFO - ::endgroup::
[2025-09-18T19:48:59.875+0000] {local_task_job_runner.py:120} INFO - ::group::Pre task execution logs
[2025-09-18T19:48:59.886+0000] {taskinstance.py:2076} INFO - Dependencies all met for dep_context=non-requeueable deps ti=<TaskInstance: ml_forecast_stock.wait_for_etl scheduled__2025-09-17T00:00:00+00:00 [queued]>
[2025-09-18T19:48:59.890+0000] {taskinstance.py:2076} INFO - Dependencies all met for dep_context=requeueable deps ti=<TaskInstance: ml_forecast_stock.wait_for_etl scheduled__2025-09-17T00:00:00+00:00 [queued]>
[2025-09-18T19:48:59.890+0000] {taskinstance.py:2306} INFO - Starting attempt 1 of 2
[2025-09-18T19:48:59.895+0000] {taskinstance.py:2330} INFO - Executing <Task(ExternalTaskSensor): wait_for_etl> on 2025-09-17 00:00:00+00:00
[2025-09-18T19:48:59.898+0000] {warnings.py:112} WARNING - /home/***/.local/lib/python3.12/site-packages/***/task/task_runner/standard_task_runner.py:62: DeprecationWarning: This process (pid=11835) is multi-threaded, use of fork() may lead to deadlocks in the child.
  pid = os.fork()

[2025-09-18T19:48:59.899+0000] {standard_task_runner.py:64} INFO - Started process 11838 to run task
[2025-09-18T19:48:59.900+0000] {standard_task_runner.py:90} INFO - Running: ['***', 'tasks', 'run', 'ml_forecast_stock', 'wait_for_etl', 'scheduled__2025-09-17T00:00:00+00:00', '--job-id', '71', '--raw', '--subdir', 'DAGS_FOLDER/ml_forecast_stock.py', '--cfg-path', '/tmp/tmprwpnw9bh']
[2025-09-18T19:48:59.900+0000] {standard_task_runner.py:91} INFO - Job 71: Subtask wait_for_etl
[2025-09-18T19:48:59.920+0000] {task_command.py:426} INFO - Running <TaskInstance: ml_forecast_stock.wait_for_etl scheduled__2025-09-17T00:00:00+00:00 [running]> on host 11e1994bdecf
[2025-09-18T19:48:59.950+0000] {taskinstance.py:2648} INFO - Exporting env vars: AIRFLOW_CTX_DAG_OWNER='data226' AIRFLOW_CTX_DAG_ID='ml_forecast_stock' AIRFLOW_CTX_TASK_ID='wait_for_etl' AIRFLOW_CTX_EXECUTION_DATE='2025-09-17T00:00:00+00:00' AIRFLOW_CTX_TRY_NUMBER='1' AIRFLOW_CTX_DAG_RUN_ID='scheduled__2025-09-17T00:00:00+00:00'
[2025-09-18T19:48:59.951+0000] {taskinstance.py:430} INFO - ::endgroup::
[2025-09-18T19:48:59.951+0000] {baseoperator.py:400} WARNING - ExternalTaskSensor.execute cannot be called outside TaskInstance!
[2025-09-18T19:48:59.954+0000] {external_task.py:274} INFO - Poking for DAG '"etl_yfinance_stock"' on 2025-09-17T00:00:00+00:00 ... 
[2025-09-18T19:48:59.954+0000] {warnings.py:112} WARNING - /home/***/.local/lib/python3.12/site-packages/***/utils/session.py:79: DeprecationWarning: This method is deprecated and will be removed in future.
  return func(*args, session=session, **kwargs)

[2025-09-18T19:48:59.958+0000] {taskinstance.py:441} INFO - ::group::Post task execution logs
[2025-09-18T19:48:59.964+0000] {taskinstance.py:2865} INFO - Rescheduling task, marking task as UP_FOR_RESCHEDULE
[2025-09-18T19:48:59.996+0000] {local_task_job_runner.py:243} INFO - Task exited with return code 0
[2025-09-18T19:49:00.002+0000] {warnings.py:112} WARNING - /home/***/.local/lib/python3.12/site-packages/***/models/baseoperator.py:1297: AirflowProviderDeprecationWarning: Call to deprecated class SnowflakeOperator. (This class is deprecated. Please use `***.providers.common.sql.operators.sql.SQLExecuteQueryOperator`. Also, you can provide `hook_params={'warehouse': <warehouse>, 'database': <database>, 'role': <role>, 'schema': <schema>, 'authenticator': <authenticator>,'session_parameters': <session_parameters>}`.)
  result = cls.__new__(cls)

[2025-09-18T19:49:00.009+0000] {taskinstance.py:3503} INFO - 0 downstream tasks scheduled from follow-on schedule check
[2025-09-18T19:49:00.011+0000] {local_task_job_runner.py:222} INFO - ::endgroup::
[2025-09-18T19:50:01.761+0000] {local_task_job_runner.py:120} INFO - ::group::Pre task execution logs
[2025-09-18T19:50:01.771+0000] {taskinstance.py:2076} INFO - Dependencies all met for dep_context=non-requeueable deps ti=<TaskInstance: ml_forecast_stock.wait_for_etl scheduled__2025-09-17T00:00:00+00:00 [queued]>
[2025-09-18T19:50:01.775+0000] {taskinstance.py:2076} INFO - Dependencies all met for dep_context=requeueable deps ti=<TaskInstance: ml_forecast_stock.wait_for_etl scheduled__2025-09-17T00:00:00+00:00 [queued]>
[2025-09-18T19:50:01.775+0000] {taskinstance.py:2306} INFO - Starting attempt 1 of 2
[2025-09-18T19:50:01.780+0000] {taskinstance.py:2330} INFO - Executing <Task(ExternalTaskSensor): wait_for_etl> on 2025-09-17 00:00:00+00:00
[2025-09-18T19:50:01.785+0000] {warnings.py:112} WARNING - /home/***/.local/lib/python3.12/site-packages/***/task/task_runner/standard_task_runner.py:62: DeprecationWarning: This process (pid=11854) is multi-threaded, use of fork() may lead to deadlocks in the child.
  pid = os.fork()

[2025-09-18T19:50:01.786+0000] {standard_task_runner.py:64} INFO - Started process 11859 to run task
[2025-09-18T19:50:01.786+0000] {standard_task_runner.py:90} INFO - Running: ['***', 'tasks', 'run', 'ml_forecast_stock', 'wait_for_etl', 'scheduled__2025-09-17T00:00:00+00:00', '--job-id', '73', '--raw', '--subdir', 'DAGS_FOLDER/ml_forecast_stock.py', '--cfg-path', '/tmp/tmpeff_w2ng']
[2025-09-18T19:50:01.787+0000] {standard_task_runner.py:91} INFO - Job 73: Subtask wait_for_etl
[2025-09-18T19:50:01.825+0000] {task_command.py:426} INFO - Running <TaskInstance: ml_forecast_stock.wait_for_etl scheduled__2025-09-17T00:00:00+00:00 [running]> on host 11e1994bdecf
[2025-09-18T19:50:01.870+0000] {taskinstance.py:2648} INFO - Exporting env vars: AIRFLOW_CTX_DAG_OWNER='data226' AIRFLOW_CTX_DAG_ID='ml_forecast_stock' AIRFLOW_CTX_TASK_ID='wait_for_etl' AIRFLOW_CTX_EXECUTION_DATE='2025-09-17T00:00:00+00:00' AIRFLOW_CTX_TRY_NUMBER='1' AIRFLOW_CTX_DAG_RUN_ID='scheduled__2025-09-17T00:00:00+00:00'
[2025-09-18T19:50:01.872+0000] {taskinstance.py:430} INFO - ::endgroup::
[2025-09-18T19:50:01.873+0000] {baseoperator.py:400} WARNING - ExternalTaskSensor.execute cannot be called outside TaskInstance!
[2025-09-18T19:50:01.879+0000] {external_task.py:274} INFO - Poking for DAG '"etl_yfinance_stock"' on 2025-09-17T00:00:00+00:00 ... 
[2025-09-18T19:50:01.879+0000] {warnings.py:112} WARNING - /home/***/.local/lib/python3.12/site-packages/***/utils/session.py:79: DeprecationWarning: This method is deprecated and will be removed in future.
  return func(*args, session=session, **kwargs)

[2025-09-18T19:50:01.884+0000] {taskinstance.py:441} INFO - ::group::Post task execution logs
[2025-09-18T19:50:01.893+0000] {taskinstance.py:2865} INFO - Rescheduling task, marking task as UP_FOR_RESCHEDULE
[2025-09-18T19:50:01.926+0000] {local_task_job_runner.py:243} INFO - Task exited with return code 0
[2025-09-18T19:50:01.932+0000] {warnings.py:112} WARNING - /home/***/.local/lib/python3.12/site-packages/***/models/baseoperator.py:1297: AirflowProviderDeprecationWarning: Call to deprecated class SnowflakeOperator. (This class is deprecated. Please use `***.providers.common.sql.operators.sql.SQLExecuteQueryOperator`. Also, you can provide `hook_params={'warehouse': <warehouse>, 'database': <database>, 'role': <role>, 'schema': <schema>, 'authenticator': <authenticator>,'session_parameters': <session_parameters>}`.)
  result = cls.__new__(cls)

[2025-09-18T19:50:01.944+0000] {taskinstance.py:3503} INFO - 0 downstream tasks scheduled from follow-on schedule check
[2025-09-18T19:50:01.945+0000] {local_task_job_runner.py:222} INFO - ::endgroup::
[2025-09-18T19:51:03.112+0000] {local_task_job_runner.py:120} INFO - ::group::Pre task execution logs
[2025-09-18T19:51:03.134+0000] {taskinstance.py:2076} INFO - Dependencies all met for dep_context=non-requeueable deps ti=<TaskInstance: ml_forecast_stock.wait_for_etl scheduled__2025-09-17T00:00:00+00:00 [queued]>
[2025-09-18T19:51:03.142+0000] {taskinstance.py:2076} INFO - Dependencies all met for dep_context=requeueable deps ti=<TaskInstance: ml_forecast_stock.wait_for_etl scheduled__2025-09-17T00:00:00+00:00 [queued]>
[2025-09-18T19:51:03.142+0000] {taskinstance.py:2306} INFO - Starting attempt 1 of 2
[2025-09-18T19:51:03.151+0000] {taskinstance.py:2330} INFO - Executing <Task(ExternalTaskSensor): wait_for_etl> on 2025-09-17 00:00:00+00:00
[2025-09-18T19:51:03.159+0000] {warnings.py:112} WARNING - /home/***/.local/lib/python3.12/site-packages/***/task/task_runner/standard_task_runner.py:62: DeprecationWarning: This process (pid=11875) is multi-threaded, use of fork() may lead to deadlocks in the child.
  pid = os.fork()

[2025-09-18T19:51:03.161+0000] {standard_task_runner.py:64} INFO - Started process 11878 to run task
[2025-09-18T19:51:03.162+0000] {standard_task_runner.py:90} INFO - Running: ['***', 'tasks', 'run', 'ml_forecast_stock', 'wait_for_etl', 'scheduled__2025-09-17T00:00:00+00:00', '--job-id', '75', '--raw', '--subdir', 'DAGS_FOLDER/ml_forecast_stock.py', '--cfg-path', '/tmp/tmp0puz7my9']
[2025-09-18T19:51:03.163+0000] {standard_task_runner.py:91} INFO - Job 75: Subtask wait_for_etl
[2025-09-18T19:51:03.211+0000] {task_command.py:426} INFO - Running <TaskInstance: ml_forecast_stock.wait_for_etl scheduled__2025-09-17T00:00:00+00:00 [running]> on host 11e1994bdecf
[2025-09-18T19:51:03.269+0000] {taskinstance.py:2648} INFO - Exporting env vars: AIRFLOW_CTX_DAG_OWNER='data226' AIRFLOW_CTX_DAG_ID='ml_forecast_stock' AIRFLOW_CTX_TASK_ID='wait_for_etl' AIRFLOW_CTX_EXECUTION_DATE='2025-09-17T00:00:00+00:00' AIRFLOW_CTX_TRY_NUMBER='1' AIRFLOW_CTX_DAG_RUN_ID='scheduled__2025-09-17T00:00:00+00:00'
[2025-09-18T19:51:03.270+0000] {taskinstance.py:430} INFO - ::endgroup::
[2025-09-18T19:51:03.270+0000] {baseoperator.py:400} WARNING - ExternalTaskSensor.execute cannot be called outside TaskInstance!
[2025-09-18T19:51:03.276+0000] {external_task.py:274} INFO - Poking for DAG '"etl_yfinance_stock"' on 2025-09-17T00:00:00+00:00 ... 
[2025-09-18T19:51:03.277+0000] {warnings.py:112} WARNING - /home/***/.local/lib/python3.12/site-packages/***/utils/session.py:79: DeprecationWarning: This method is deprecated and will be removed in future.
  return func(*args, session=session, **kwargs)

[2025-09-18T19:51:03.282+0000] {taskinstance.py:441} INFO - ::group::Post task execution logs
[2025-09-18T19:51:03.298+0000] {taskinstance.py:2865} INFO - Rescheduling task, marking task as UP_FOR_RESCHEDULE
[2025-09-18T19:51:03.306+0000] {local_task_job_runner.py:243} INFO - Task exited with return code 0
[2025-09-18T19:51:03.316+0000] {warnings.py:112} WARNING - /home/***/.local/lib/python3.12/site-packages/***/models/baseoperator.py:1297: AirflowProviderDeprecationWarning: Call to deprecated class SnowflakeOperator. (This class is deprecated. Please use `***.providers.common.sql.operators.sql.SQLExecuteQueryOperator`. Also, you can provide `hook_params={'warehouse': <warehouse>, 'database': <database>, 'role': <role>, 'schema': <schema>, 'authenticator': <authenticator>,'session_parameters': <session_parameters>}`.)
  result = cls.__new__(cls)

[2025-09-18T19:51:03.325+0000] {taskinstance.py:3503} INFO - 0 downstream tasks scheduled from follow-on schedule check
[2025-09-18T19:51:03.325+0000] {local_task_job_runner.py:222} INFO - ::endgroup::
[2025-09-18T19:52:04.440+0000] {local_task_job_runner.py:120} INFO - ::group::Pre task execution logs
[2025-09-18T19:52:04.451+0000] {taskinstance.py:2076} INFO - Dependencies all met for dep_context=non-requeueable deps ti=<TaskInstance: ml_forecast_stock.wait_for_etl scheduled__2025-09-17T00:00:00+00:00 [queued]>
[2025-09-18T19:52:04.456+0000] {taskinstance.py:2076} INFO - Dependencies all met for dep_context=requeueable deps ti=<TaskInstance: ml_forecast_stock.wait_for_etl scheduled__2025-09-17T00:00:00+00:00 [queued]>
[2025-09-18T19:52:04.457+0000] {taskinstance.py:2306} INFO - Starting attempt 1 of 2
[2025-09-18T19:52:04.463+0000] {taskinstance.py:2330} INFO - Executing <Task(ExternalTaskSensor): wait_for_etl> on 2025-09-17 00:00:00+00:00
[2025-09-18T19:52:04.467+0000] {warnings.py:112} WARNING - /home/***/.local/lib/python3.12/site-packages/***/task/task_runner/standard_task_runner.py:62: DeprecationWarning: This process (pid=11887) is multi-threaded, use of fork() may lead to deadlocks in the child.
  pid = os.fork()

[2025-09-18T19:52:04.468+0000] {standard_task_runner.py:64} INFO - Started process 11892 to run task
[2025-09-18T19:52:04.468+0000] {standard_task_runner.py:90} INFO - Running: ['***', 'tasks', 'run', 'ml_forecast_stock', 'wait_for_etl', 'scheduled__2025-09-17T00:00:00+00:00', '--job-id', '78', '--raw', '--subdir', 'DAGS_FOLDER/ml_forecast_stock.py', '--cfg-path', '/tmp/tmpxth91xuf']
[2025-09-18T19:52:04.469+0000] {standard_task_runner.py:91} INFO - Job 78: Subtask wait_for_etl
[2025-09-18T19:52:04.492+0000] {task_command.py:426} INFO - Running <TaskInstance: ml_forecast_stock.wait_for_etl scheduled__2025-09-17T00:00:00+00:00 [running]> on host 11e1994bdecf
[2025-09-18T19:52:04.522+0000] {taskinstance.py:2648} INFO - Exporting env vars: AIRFLOW_CTX_DAG_OWNER='data226' AIRFLOW_CTX_DAG_ID='ml_forecast_stock' AIRFLOW_CTX_TASK_ID='wait_for_etl' AIRFLOW_CTX_EXECUTION_DATE='2025-09-17T00:00:00+00:00' AIRFLOW_CTX_TRY_NUMBER='1' AIRFLOW_CTX_DAG_RUN_ID='scheduled__2025-09-17T00:00:00+00:00'
[2025-09-18T19:52:04.523+0000] {taskinstance.py:430} INFO - ::endgroup::
[2025-09-18T19:52:04.523+0000] {baseoperator.py:400} WARNING - ExternalTaskSensor.execute cannot be called outside TaskInstance!
[2025-09-18T19:52:04.526+0000] {external_task.py:274} INFO - Poking for DAG '"etl_yfinance_stock"' on 2025-09-17T00:00:00+00:00 ... 
[2025-09-18T19:52:04.526+0000] {warnings.py:112} WARNING - /home/***/.local/lib/python3.12/site-packages/***/utils/session.py:79: DeprecationWarning: This method is deprecated and will be removed in future.
  return func(*args, session=session, **kwargs)

[2025-09-18T19:52:04.529+0000] {taskinstance.py:441} INFO - ::group::Post task execution logs
[2025-09-18T19:52:04.535+0000] {taskinstance.py:2865} INFO - Rescheduling task, marking task as UP_FOR_RESCHEDULE
[2025-09-18T19:52:04.566+0000] {local_task_job_runner.py:243} INFO - Task exited with return code 0
[2025-09-18T19:52:04.573+0000] {warnings.py:112} WARNING - /home/***/.local/lib/python3.12/site-packages/***/models/baseoperator.py:1297: AirflowProviderDeprecationWarning: Call to deprecated class SnowflakeOperator. (This class is deprecated. Please use `***.providers.common.sql.operators.sql.SQLExecuteQueryOperator`. Also, you can provide `hook_params={'warehouse': <warehouse>, 'database': <database>, 'role': <role>, 'schema': <schema>, 'authenticator': <authenticator>,'session_parameters': <session_parameters>}`.)
  result = cls.__new__(cls)

[2025-09-18T19:52:04.582+0000] {taskinstance.py:3503} INFO - 0 downstream tasks scheduled from follow-on schedule check
[2025-09-18T19:52:04.582+0000] {local_task_job_runner.py:222} INFO - ::endgroup::
[2025-09-18T19:53:06.031+0000] {local_task_job_runner.py:120} INFO - ::group::Pre task execution logs
[2025-09-18T19:53:06.041+0000] {taskinstance.py:2076} INFO - Dependencies all met for dep_context=non-requeueable deps ti=<TaskInstance: ml_forecast_stock.wait_for_etl scheduled__2025-09-17T00:00:00+00:00 [queued]>
[2025-09-18T19:53:06.045+0000] {taskinstance.py:2076} INFO - Dependencies all met for dep_context=requeueable deps ti=<TaskInstance: ml_forecast_stock.wait_for_etl scheduled__2025-09-17T00:00:00+00:00 [queued]>
[2025-09-18T19:53:06.046+0000] {taskinstance.py:2306} INFO - Starting attempt 1 of 2
[2025-09-18T19:53:06.050+0000] {taskinstance.py:2330} INFO - Executing <Task(ExternalTaskSensor): wait_for_etl> on 2025-09-17 00:00:00+00:00
[2025-09-18T19:53:06.054+0000] {warnings.py:112} WARNING - /home/***/.local/lib/python3.12/site-packages/***/task/task_runner/standard_task_runner.py:62: DeprecationWarning: This process (pid=11908) is multi-threaded, use of fork() may lead to deadlocks in the child.
  pid = os.fork()

[2025-09-18T19:53:06.055+0000] {standard_task_runner.py:64} INFO - Started process 11912 to run task
[2025-09-18T19:53:06.055+0000] {standard_task_runner.py:90} INFO - Running: ['***', 'tasks', 'run', 'ml_forecast_stock', 'wait_for_etl', 'scheduled__2025-09-17T00:00:00+00:00', '--job-id', '80', '--raw', '--subdir', 'DAGS_FOLDER/ml_forecast_stock.py', '--cfg-path', '/tmp/tmp417xzykw']
[2025-09-18T19:53:06.055+0000] {standard_task_runner.py:91} INFO - Job 80: Subtask wait_for_etl
[2025-09-18T19:53:06.077+0000] {task_command.py:426} INFO - Running <TaskInstance: ml_forecast_stock.wait_for_etl scheduled__2025-09-17T00:00:00+00:00 [running]> on host 11e1994bdecf
[2025-09-18T19:53:06.109+0000] {taskinstance.py:2648} INFO - Exporting env vars: AIRFLOW_CTX_DAG_OWNER='data226' AIRFLOW_CTX_DAG_ID='ml_forecast_stock' AIRFLOW_CTX_TASK_ID='wait_for_etl' AIRFLOW_CTX_EXECUTION_DATE='2025-09-17T00:00:00+00:00' AIRFLOW_CTX_TRY_NUMBER='1' AIRFLOW_CTX_DAG_RUN_ID='scheduled__2025-09-17T00:00:00+00:00'
[2025-09-18T19:53:06.110+0000] {taskinstance.py:430} INFO - ::endgroup::
[2025-09-18T19:53:06.110+0000] {baseoperator.py:400} WARNING - ExternalTaskSensor.execute cannot be called outside TaskInstance!
[2025-09-18T19:53:06.113+0000] {external_task.py:274} INFO - Poking for DAG '"etl_yfinance_stock"' on 2025-09-17T00:00:00+00:00 ... 
[2025-09-18T19:53:06.113+0000] {warnings.py:112} WARNING - /home/***/.local/lib/python3.12/site-packages/***/utils/session.py:79: DeprecationWarning: This method is deprecated and will be removed in future.
  return func(*args, session=session, **kwargs)

[2025-09-18T19:53:06.117+0000] {taskinstance.py:441} INFO - ::group::Post task execution logs
[2025-09-18T19:53:06.125+0000] {taskinstance.py:2865} INFO - Rescheduling task, marking task as UP_FOR_RESCHEDULE
[2025-09-18T19:53:06.153+0000] {local_task_job_runner.py:243} INFO - Task exited with return code 0
[2025-09-18T19:53:06.158+0000] {warnings.py:112} WARNING - /home/***/.local/lib/python3.12/site-packages/***/models/baseoperator.py:1297: AirflowProviderDeprecationWarning: Call to deprecated class SnowflakeOperator. (This class is deprecated. Please use `***.providers.common.sql.operators.sql.SQLExecuteQueryOperator`. Also, you can provide `hook_params={'warehouse': <warehouse>, 'database': <database>, 'role': <role>, 'schema': <schema>, 'authenticator': <authenticator>,'session_parameters': <session_parameters>}`.)
  result = cls.__new__(cls)

[2025-09-18T19:53:06.165+0000] {taskinstance.py:3503} INFO - 0 downstream tasks scheduled from follow-on schedule check
[2025-09-18T19:53:06.166+0000] {local_task_job_runner.py:222} INFO - ::endgroup::
[2025-09-18T19:54:07.476+0000] {local_task_job_runner.py:120} INFO - ::group::Pre task execution logs
[2025-09-18T19:54:07.486+0000] {taskinstance.py:2076} INFO - Dependencies all met for dep_context=non-requeueable deps ti=<TaskInstance: ml_forecast_stock.wait_for_etl scheduled__2025-09-17T00:00:00+00:00 [queued]>
[2025-09-18T19:54:07.490+0000] {taskinstance.py:2076} INFO - Dependencies all met for dep_context=requeueable deps ti=<TaskInstance: ml_forecast_stock.wait_for_etl scheduled__2025-09-17T00:00:00+00:00 [queued]>
[2025-09-18T19:54:07.491+0000] {taskinstance.py:2306} INFO - Starting attempt 1 of 2
[2025-09-18T19:54:07.496+0000] {taskinstance.py:2330} INFO - Executing <Task(ExternalTaskSensor): wait_for_etl> on 2025-09-17 00:00:00+00:00
[2025-09-18T19:54:07.499+0000] {warnings.py:112} WARNING - /home/***/.local/lib/python3.12/site-packages/***/task/task_runner/standard_task_runner.py:62: DeprecationWarning: This process (pid=11927) is multi-threaded, use of fork() may lead to deadlocks in the child.
  pid = os.fork()

[2025-09-18T19:54:07.501+0000] {standard_task_runner.py:64} INFO - Started process 11932 to run task
[2025-09-18T19:54:07.501+0000] {standard_task_runner.py:90} INFO - Running: ['***', 'tasks', 'run', 'ml_forecast_stock', 'wait_for_etl', 'scheduled__2025-09-17T00:00:00+00:00', '--job-id', '82', '--raw', '--subdir', 'DAGS_FOLDER/ml_forecast_stock.py', '--cfg-path', '/tmp/tmprnxhqp0v']
[2025-09-18T19:54:07.501+0000] {standard_task_runner.py:91} INFO - Job 82: Subtask wait_for_etl
[2025-09-18T19:54:07.522+0000] {task_command.py:426} INFO - Running <TaskInstance: ml_forecast_stock.wait_for_etl scheduled__2025-09-17T00:00:00+00:00 [running]> on host 11e1994bdecf
[2025-09-18T19:54:07.553+0000] {taskinstance.py:2648} INFO - Exporting env vars: AIRFLOW_CTX_DAG_OWNER='data226' AIRFLOW_CTX_DAG_ID='ml_forecast_stock' AIRFLOW_CTX_TASK_ID='wait_for_etl' AIRFLOW_CTX_EXECUTION_DATE='2025-09-17T00:00:00+00:00' AIRFLOW_CTX_TRY_NUMBER='1' AIRFLOW_CTX_DAG_RUN_ID='scheduled__2025-09-17T00:00:00+00:00'
[2025-09-18T19:54:07.554+0000] {taskinstance.py:430} INFO - ::endgroup::
[2025-09-18T19:54:07.554+0000] {baseoperator.py:400} WARNING - ExternalTaskSensor.execute cannot be called outside TaskInstance!
[2025-09-18T19:54:07.558+0000] {external_task.py:274} INFO - Poking for DAG '"etl_yfinance_stock"' on 2025-09-17T00:00:00+00:00 ... 
[2025-09-18T19:54:07.558+0000] {warnings.py:112} WARNING - /home/***/.local/lib/python3.12/site-packages/***/utils/session.py:79: DeprecationWarning: This method is deprecated and will be removed in future.
  return func(*args, session=session, **kwargs)

[2025-09-18T19:54:07.561+0000] {taskinstance.py:441} INFO - ::group::Post task execution logs
[2025-09-18T19:54:07.568+0000] {taskinstance.py:2865} INFO - Rescheduling task, marking task as UP_FOR_RESCHEDULE
[2025-09-18T19:54:07.601+0000] {local_task_job_runner.py:243} INFO - Task exited with return code 0
[2025-09-18T19:54:07.608+0000] {warnings.py:112} WARNING - /home/***/.local/lib/python3.12/site-packages/***/models/baseoperator.py:1297: AirflowProviderDeprecationWarning: Call to deprecated class SnowflakeOperator. (This class is deprecated. Please use `***.providers.common.sql.operators.sql.SQLExecuteQueryOperator`. Also, you can provide `hook_params={'warehouse': <warehouse>, 'database': <database>, 'role': <role>, 'schema': <schema>, 'authenticator': <authenticator>,'session_parameters': <session_parameters>}`.)
  result = cls.__new__(cls)

[2025-09-18T19:54:07.618+0000] {taskinstance.py:3503} INFO - 0 downstream tasks scheduled from follow-on schedule check
[2025-09-18T19:54:07.619+0000] {local_task_job_runner.py:222} INFO - ::endgroup::
[2025-09-18T19:55:09.293+0000] {local_task_job_runner.py:120} INFO - ::group::Pre task execution logs
[2025-09-18T19:55:09.304+0000] {taskinstance.py:2076} INFO - Dependencies all met for dep_context=non-requeueable deps ti=<TaskInstance: ml_forecast_stock.wait_for_etl scheduled__2025-09-17T00:00:00+00:00 [queued]>
[2025-09-18T19:55:09.308+0000] {taskinstance.py:2076} INFO - Dependencies all met for dep_context=requeueable deps ti=<TaskInstance: ml_forecast_stock.wait_for_etl scheduled__2025-09-17T00:00:00+00:00 [queued]>
[2025-09-18T19:55:09.310+0000] {taskinstance.py:2306} INFO - Starting attempt 1 of 2
[2025-09-18T19:55:09.315+0000] {taskinstance.py:2330} INFO - Executing <Task(ExternalTaskSensor): wait_for_etl> on 2025-09-17 00:00:00+00:00
[2025-09-18T19:55:09.319+0000] {warnings.py:112} WARNING - /home/***/.local/lib/python3.12/site-packages/***/task/task_runner/standard_task_runner.py:62: DeprecationWarning: This process (pid=11947) is multi-threaded, use of fork() may lead to deadlocks in the child.
  pid = os.fork()

[2025-09-18T19:55:09.320+0000] {standard_task_runner.py:64} INFO - Started process 11952 to run task
[2025-09-18T19:55:09.320+0000] {standard_task_runner.py:90} INFO - Running: ['***', 'tasks', 'run', 'ml_forecast_stock', 'wait_for_etl', 'scheduled__2025-09-17T00:00:00+00:00', '--job-id', '84', '--raw', '--subdir', 'DAGS_FOLDER/ml_forecast_stock.py', '--cfg-path', '/tmp/tmpmt_jcfjj']
[2025-09-18T19:55:09.320+0000] {standard_task_runner.py:91} INFO - Job 84: Subtask wait_for_etl
[2025-09-18T19:55:09.342+0000] {task_command.py:426} INFO - Running <TaskInstance: ml_forecast_stock.wait_for_etl scheduled__2025-09-17T00:00:00+00:00 [running]> on host 11e1994bdecf
[2025-09-18T19:55:09.382+0000] {taskinstance.py:2648} INFO - Exporting env vars: AIRFLOW_CTX_DAG_OWNER='data226' AIRFLOW_CTX_DAG_ID='ml_forecast_stock' AIRFLOW_CTX_TASK_ID='wait_for_etl' AIRFLOW_CTX_EXECUTION_DATE='2025-09-17T00:00:00+00:00' AIRFLOW_CTX_TRY_NUMBER='1' AIRFLOW_CTX_DAG_RUN_ID='scheduled__2025-09-17T00:00:00+00:00'
[2025-09-18T19:55:09.383+0000] {taskinstance.py:430} INFO - ::endgroup::
[2025-09-18T19:55:09.383+0000] {baseoperator.py:400} WARNING - ExternalTaskSensor.execute cannot be called outside TaskInstance!
[2025-09-18T19:55:09.386+0000] {external_task.py:274} INFO - Poking for DAG '"etl_yfinance_stock"' on 2025-09-17T00:00:00+00:00 ... 
[2025-09-18T19:55:09.387+0000] {warnings.py:112} WARNING - /home/***/.local/lib/python3.12/site-packages/***/utils/session.py:79: DeprecationWarning: This method is deprecated and will be removed in future.
  return func(*args, session=session, **kwargs)

[2025-09-18T19:55:09.390+0000] {taskinstance.py:441} INFO - ::group::Post task execution logs
[2025-09-18T19:55:09.397+0000] {taskinstance.py:2865} INFO - Rescheduling task, marking task as UP_FOR_RESCHEDULE
[2025-09-18T19:55:09.418+0000] {local_task_job_runner.py:243} INFO - Task exited with return code 0
[2025-09-18T19:55:09.424+0000] {warnings.py:112} WARNING - /home/***/.local/lib/python3.12/site-packages/***/models/baseoperator.py:1297: AirflowProviderDeprecationWarning: Call to deprecated class SnowflakeOperator. (This class is deprecated. Please use `***.providers.common.sql.operators.sql.SQLExecuteQueryOperator`. Also, you can provide `hook_params={'warehouse': <warehouse>, 'database': <database>, 'role': <role>, 'schema': <schema>, 'authenticator': <authenticator>,'session_parameters': <session_parameters>}`.)
  result = cls.__new__(cls)

[2025-09-18T19:55:09.433+0000] {taskinstance.py:3503} INFO - 0 downstream tasks scheduled from follow-on schedule check
[2025-09-18T19:55:09.434+0000] {local_task_job_runner.py:222} INFO - ::endgroup::
