[2025-09-23T00:12:03.138+0000] {local_task_job_runner.py:120} INFO - ::group::Pre task execution logs
[2025-09-23T00:12:03.150+0000] {taskinstance.py:2076} INFO - Dependencies all met for dep_context=non-requeueable deps ti=<TaskInstance: etl_yfinance_stock.fetch_and_upsert scheduled__2025-09-22T00:00:00+00:00 [queued]>
[2025-09-23T00:12:03.156+0000] {taskinstance.py:2076} INFO - Dependencies all met for dep_context=requeueable deps ti=<TaskInstance: etl_yfinance_stock.fetch_and_upsert scheduled__2025-09-22T00:00:00+00:00 [queued]>
[2025-09-23T00:12:03.156+0000] {taskinstance.py:2306} INFO - Starting attempt 1 of 2
[2025-09-23T00:12:03.165+0000] {taskinstance.py:2330} INFO - Executing <Task(PythonOperator): fetch_and_upsert> on 2025-09-22 00:00:00+00:00
[2025-09-23T00:12:03.169+0000] {warnings.py:112} WARNING - /home/***/.local/lib/python3.12/site-packages/***/task/task_runner/standard_task_runner.py:62: DeprecationWarning: This process (pid=38393) is multi-threaded, use of fork() may lead to deadlocks in the child.
  pid = os.fork()

[2025-09-23T00:12:03.170+0000] {standard_task_runner.py:64} INFO - Started process 38399 to run task
[2025-09-23T00:12:03.171+0000] {standard_task_runner.py:90} INFO - Running: ['***', 'tasks', 'run', 'etl_yfinance_stock', 'fetch_and_upsert', 'scheduled__2025-09-22T00:00:00+00:00', '--job-id', '309', '--raw', '--subdir', 'DAGS_FOLDER/etl_yfinance_stock.py', '--cfg-path', '/tmp/tmp9vpbb3mv']
[2025-09-23T00:12:03.172+0000] {standard_task_runner.py:91} INFO - Job 309: Subtask fetch_and_upsert
[2025-09-23T00:12:03.197+0000] {task_command.py:426} INFO - Running <TaskInstance: etl_yfinance_stock.fetch_and_upsert scheduled__2025-09-22T00:00:00+00:00 [running]> on host 11e1994bdecf
[2025-09-23T00:12:03.422+0000] {taskinstance.py:2648} INFO - Exporting env vars: AIRFLOW_CTX_DAG_OWNER='dingyuyao' AIRFLOW_CTX_DAG_ID='etl_yfinance_stock' AIRFLOW_CTX_TASK_ID='fetch_and_upsert' AIRFLOW_CTX_EXECUTION_DATE='2025-09-22T00:00:00+00:00' AIRFLOW_CTX_TRY_NUMBER='1' AIRFLOW_CTX_DAG_RUN_ID='scheduled__2025-09-22T00:00:00+00:00'
[2025-09-23T00:12:03.423+0000] {taskinstance.py:430} INFO - ::endgroup::
[2025-09-23T00:12:03.424+0000] {logging_mixin.py:188} INFO - [DEBUG] Date range: 2025-03-27 to 2025-09-23
[2025-09-23T00:12:03.429+0000] {logging_mixin.py:188} INFO - [DEBUG] Stock symbols: ['AAPL', 'MSFT', 'GOOGL', 'TSLA', 'NVDA']
[2025-09-23T00:12:03.431+0000] {logging_mixin.py:188} INFO - [DEBUG] Fetching data for AAPL...
[2025-09-23T00:12:03.432+0000] {warnings.py:112} WARNING - /opt/***/dags/etl_yfinance_stock.py:41: FutureWarning: YF.download() has changed argument auto_adjust default to True
  df = yf.download(symbol, start = start_date.isoformat(), end = end_date.isoformat(), progress = False)

[2025-09-23T00:12:03.743+0000] {logging_mixin.py:188} INFO - [DEBUG] Processed data shape for AAPL: (123, 7)
[2025-09-23T00:12:03.744+0000] {logging_mixin.py:188} INFO - [DEBUG] Processed columns for AAPL: ['SYMBOL', 'DATE', 'OPEN', 'CLOSE', 'MIN', 'MAX', 'VOLUME']
[2025-09-23T00:12:03.744+0000] {logging_mixin.py:188} INFO - [DEBUG] Sample data for AAPL:
[2025-09-23T00:12:03.750+0000] {logging_mixin.py:188} INFO - Price SYMBOL       DATE        OPEN  ...         MIN         MAX    VOLUME
0       AAPL 2025-03-27  220.849421  ...  220.021446  224.440637  37094800
1       AAPL 2025-03-28  221.128734  ...  217.148471  223.263508  39818600

[2 rows x 7 columns]
[2025-09-23T00:12:03.751+0000] {logging_mixin.py:188} INFO - [DEBUG] Fetching data for MSFT...
[2025-09-23T00:12:03.751+0000] {warnings.py:112} WARNING - /opt/***/dags/etl_yfinance_stock.py:41: FutureWarning: YF.download() has changed argument auto_adjust default to True
  df = yf.download(symbol, start = start_date.isoformat(), end = end_date.isoformat(), progress = False)

[2025-09-23T00:12:03.904+0000] {logging_mixin.py:188} INFO - [DEBUG] Processed data shape for MSFT: (123, 7)
[2025-09-23T00:12:03.907+0000] {logging_mixin.py:188} INFO - [DEBUG] Processed columns for MSFT: ['SYMBOL', 'DATE', 'OPEN', 'CLOSE', 'MIN', 'MAX', 'VOLUME']
[2025-09-23T00:12:03.907+0000] {logging_mixin.py:188} INFO - [DEBUG] Sample data for MSFT:
[2025-09-23T00:12:03.911+0000] {logging_mixin.py:188} INFO - Price SYMBOL       DATE        OPEN  ...         MIN         MAX    VOLUME
0       MSFT 2025-03-27  388.775976  ...  386.055440  390.878638  13766800
1       MSFT 2025-03-28  386.733081  ...  375.621786  387.779455  21632000

[2 rows x 7 columns]
[2025-09-23T00:12:03.913+0000] {logging_mixin.py:188} INFO - [DEBUG] Fetching data for GOOGL...
[2025-09-23T00:12:03.914+0000] {warnings.py:112} WARNING - /opt/***/dags/etl_yfinance_stock.py:41: FutureWarning: YF.download() has changed argument auto_adjust default to True
  df = yf.download(symbol, start = start_date.isoformat(), end = end_date.isoformat(), progress = False)

[2025-09-23T00:12:04.008+0000] {logging_mixin.py:188} INFO - [DEBUG] Processed data shape for GOOGL: (123, 7)
[2025-09-23T00:12:04.008+0000] {logging_mixin.py:188} INFO - [DEBUG] Processed columns for GOOGL: ['SYMBOL', 'DATE', 'OPEN', 'CLOSE', 'MIN', 'MAX', 'VOLUME']
[2025-09-23T00:12:04.008+0000] {logging_mixin.py:188} INFO - [DEBUG] Sample data for GOOGL:
[2025-09-23T00:12:04.010+0000] {logging_mixin.py:188} INFO - Price SYMBOL       DATE        OPEN  ...         MIN         MAX    VOLUME
0      GOOGL 2025-03-27  164.284009  ...  161.659532  165.072342  24508300
1      GOOGL 2025-03-28  160.152719  ...  153.307135  161.479925  48669300

[2 rows x 7 columns]
[2025-09-23T00:12:04.010+0000] {logging_mixin.py:188} INFO - [DEBUG] Fetching data for TSLA...
[2025-09-23T00:12:04.011+0000] {warnings.py:112} WARNING - /opt/***/dags/etl_yfinance_stock.py:41: FutureWarning: YF.download() has changed argument auto_adjust default to True
  df = yf.download(symbol, start = start_date.isoformat(), end = end_date.isoformat(), progress = False)

[2025-09-23T00:12:04.093+0000] {logging_mixin.py:188} INFO - [DEBUG] Processed data shape for TSLA: (123, 7)
[2025-09-23T00:12:04.093+0000] {logging_mixin.py:188} INFO - [DEBUG] Processed columns for TSLA: ['SYMBOL', 'DATE', 'OPEN', 'CLOSE', 'MIN', 'MAX', 'VOLUME']
[2025-09-23T00:12:04.094+0000] {logging_mixin.py:188} INFO - [DEBUG] Sample data for TSLA:
[2025-09-23T00:12:04.096+0000] {logging_mixin.py:188} INFO - Price SYMBOL       DATE        OPEN  ...         MIN         MAX     VOLUME
0       TSLA 2025-03-27  272.480011  ...  271.820007  291.850006  162572100
1       TSLA 2025-03-28  275.579987  ...  260.570007  276.100006  123809400

[2 rows x 7 columns]
[2025-09-23T00:12:04.096+0000] {logging_mixin.py:188} INFO - [DEBUG] Fetching data for NVDA...
[2025-09-23T00:12:04.096+0000] {warnings.py:112} WARNING - /opt/***/dags/etl_yfinance_stock.py:41: FutureWarning: YF.download() has changed argument auto_adjust default to True
  df = yf.download(symbol, start = start_date.isoformat(), end = end_date.isoformat(), progress = False)

[2025-09-23T00:12:04.190+0000] {logging_mixin.py:188} INFO - [DEBUG] Processed data shape for NVDA: (123, 7)
[2025-09-23T00:12:04.191+0000] {logging_mixin.py:188} INFO - [DEBUG] Processed columns for NVDA: ['SYMBOL', 'DATE', 'OPEN', 'CLOSE', 'MIN', 'MAX', 'VOLUME']
[2025-09-23T00:12:04.191+0000] {logging_mixin.py:188} INFO - [DEBUG] Sample data for NVDA:
[2025-09-23T00:12:04.194+0000] {logging_mixin.py:188} INFO - Price SYMBOL       DATE        OPEN  ...         MIN         MAX     VOLUME
0       NVDA 2025-03-27  111.335986  ...  110.646078  114.435594  236902100
1       NVDA 2025-03-28  111.475967  ...  109.056274  112.855798  229872500

[2 rows x 7 columns]
[2025-09-23T00:12:04.194+0000] {logging_mixin.py:188} INFO - [DEBUG] Combined data shape: (615, 7)
[2025-09-23T00:12:04.194+0000] {logging_mixin.py:188} INFO - [DEBUG] Combined data columns: ['SYMBOL', 'DATE', 'OPEN', 'CLOSE', 'MIN', 'MAX', 'VOLUME']
[2025-09-23T00:12:04.196+0000] {logging_mixin.py:188} INFO - [DEBUG] NaN count per column:
[2025-09-23T00:12:04.197+0000] {logging_mixin.py:188} INFO - Price
SYMBOL    0
DATE      0
OPEN      0
CLOSE     0
MIN       0
MAX       0
VOLUME    0
dtype: int64
[2025-09-23T00:12:04.198+0000] {logging_mixin.py:188} INFO - [DEBUG] Final data shape: (615, 7)
[2025-09-23T00:12:04.198+0000] {logging_mixin.py:188} INFO - [DEBUG] Final data sample:
[2025-09-23T00:12:04.200+0000] {logging_mixin.py:188} INFO - Price SYMBOL        DATE        OPEN  ...         MIN         MAX    VOLUME
0       AAPL  2025-03-27  220.849421  ...  220.021446  224.440637  37094800
1       AAPL  2025-03-28  221.128734  ...  217.148471  223.263508  39818600
2       AAPL  2025-03-31  216.480107  ...  215.702013  225.069084  65299300
3       AAPL  2025-04-01  219.273283  ...  218.365501  223.133829  36412700
4       AAPL  2025-04-02  220.779606  ...  220.480335  224.640152  35905900

[5 rows x 7 columns]
[2025-09-23T00:12:04.206+0000] {base.py:84} INFO - Using connection ID 'snowflake_default' for task execution.
[2025-09-23T00:12:04.207+0000] {connection.py:408} INFO - Snowflake Connector for Python Version: 3.11.0, Python Version: 3.12.4, Platform: Linux-6.10.14-linuxkit-aarch64-with-glibc2.36
[2025-09-23T00:12:04.207+0000] {connection.py:1258} INFO - This connection is in OCSP Fail Open Mode. TLS Certificates would be checked for validity and revocation status. Any other Certificate Revocation related exceptions or OCSP Responder failures would be disregarded in favor of connectivity.
[2025-09-23T00:12:04.993+0000] {cursor.py:1149} INFO - Number of results in first chunk: 1
[2025-09-23T00:12:05.399+0000] {cursor.py:1149} INFO - Number of results in first chunk: 1
[2025-09-23T00:12:05.573+0000] {cursor.py:1149} INFO - Number of results in first chunk: 1
[2025-09-23T00:12:05.741+0000] {cursor.py:1149} INFO - Number of results in first chunk: 1
[2025-09-23T00:12:05.878+0000] {cursor.py:1149} INFO - Number of results in first chunk: 1
[2025-09-23T00:12:05.880+0000] {logging_mixin.py:188} INFO - [ctx] version=9.28.1, wh=BEETLE_QUERY_WH, role=TRAINING_ROLE, db=ASH_DB, schema=STOCK_SCHEMA
[2025-09-23T00:12:07.161+0000] {cursor.py:1149} INFO - Number of results in first chunk: 1
[2025-09-23T00:12:07.172+0000] {logging_mixin.py:188} INFO - [DEBUG] Prepared 615 rows for insertion
[2025-09-23T00:12:07.173+0000] {logging_mixin.py:188} INFO - [DEBUG] First row sample: {'SYMBOL': 'AAPL', 'DATE': datetime.date(2025, 3, 27), 'OPEN': 220.84942102067788, 'CLOSE': 223.3034210205078, 'MIN': 220.02144584411215, 'MAX': 224.4406368200556, 'VOLUME': 37094800}
[2025-09-23T00:12:09.532+0000] {cursor.py:1149} INFO - Number of results in first chunk: 1
[2025-09-23T00:12:09.535+0000] {logging_mixin.py:188} INFO - [fetch_and_upsert] Upserted 615 rows into fact_stock_price_daily.
[2025-09-23T00:12:09.536+0000] {connection.py:773} INFO - closed
[2025-09-23T00:12:09.612+0000] {connection.py:779} INFO - No async queries seem to be running, deleting session
[2025-09-23T00:12:09.723+0000] {python.py:237} INFO - Done. Returned value was: 615
[2025-09-23T00:12:09.724+0000] {taskinstance.py:441} INFO - ::group::Post task execution logs
[2025-09-23T00:12:09.759+0000] {taskinstance.py:1206} INFO - Marking task as SUCCESS. dag_id=etl_yfinance_stock, task_id=fetch_and_upsert, run_id=scheduled__2025-09-22T00:00:00+00:00, execution_date=20250922T000000, start_date=20250923T001203, end_date=20250923T001209
[2025-09-23T00:12:09.811+0000] {local_task_job_runner.py:243} INFO - Task exited with return code 0
[2025-09-23T00:12:09.833+0000] {taskinstance.py:3503} INFO - 0 downstream tasks scheduled from follow-on schedule check
[2025-09-23T00:12:09.833+0000] {local_task_job_runner.py:222} INFO - ::endgroup::
