[2025-10-01T01:52:21.597+0000] {local_task_job_runner.py:120} INFO - ::group::Pre task execution logs
[2025-10-01T01:52:21.607+0000] {taskinstance.py:2076} INFO - Dependencies all met for dep_context=non-requeueable deps ti=<TaskInstance: etl_yfinance_stock.fetch_and_upsert scheduled__2025-09-30T00:00:00+00:00 [queued]>
[2025-10-01T01:52:21.613+0000] {taskinstance.py:2076} INFO - Dependencies all met for dep_context=requeueable deps ti=<TaskInstance: etl_yfinance_stock.fetch_and_upsert scheduled__2025-09-30T00:00:00+00:00 [queued]>
[2025-10-01T01:52:21.613+0000] {taskinstance.py:2306} INFO - Starting attempt 1 of 2
[2025-10-01T01:52:21.618+0000] {taskinstance.py:2330} INFO - Executing <Task(PythonOperator): fetch_and_upsert> on 2025-09-30 00:00:00+00:00
[2025-10-01T01:52:21.621+0000] {warnings.py:112} WARNING - /home/***/.local/lib/python3.12/site-packages/***/task/task_runner/standard_task_runner.py:62: DeprecationWarning: This process (pid=82) is multi-threaded, use of fork() may lead to deadlocks in the child.
  pid = os.fork()

[2025-10-01T01:52:21.622+0000] {standard_task_runner.py:64} INFO - Started process 88 to run task
[2025-10-01T01:52:21.623+0000] {standard_task_runner.py:90} INFO - Running: ['***', 'tasks', 'run', 'etl_yfinance_stock', 'fetch_and_upsert', 'scheduled__2025-09-30T00:00:00+00:00', '--job-id', '449', '--raw', '--subdir', 'DAGS_FOLDER/etl_yfinance_stock.py', '--cfg-path', '/tmp/tmpgz0y63w0']
[2025-10-01T01:52:21.623+0000] {standard_task_runner.py:91} INFO - Job 449: Subtask fetch_and_upsert
[2025-10-01T01:52:21.645+0000] {task_command.py:426} INFO - Running <TaskInstance: etl_yfinance_stock.fetch_and_upsert scheduled__2025-09-30T00:00:00+00:00 [running]> on host 11e1994bdecf
[2025-10-01T01:52:21.803+0000] {taskinstance.py:2648} INFO - Exporting env vars: AIRFLOW_CTX_DAG_OWNER='dingyuyao' AIRFLOW_CTX_DAG_ID='etl_yfinance_stock' AIRFLOW_CTX_TASK_ID='fetch_and_upsert' AIRFLOW_CTX_EXECUTION_DATE='2025-09-30T00:00:00+00:00' AIRFLOW_CTX_TRY_NUMBER='1' AIRFLOW_CTX_DAG_RUN_ID='scheduled__2025-09-30T00:00:00+00:00'
[2025-10-01T01:52:21.804+0000] {taskinstance.py:430} INFO - ::endgroup::
[2025-10-01T01:52:21.805+0000] {logging_mixin.py:188} INFO - [DEBUG] Date range: 2025-04-04 to 2025-10-01
[2025-10-01T01:52:21.808+0000] {logging_mixin.py:188} INFO - [DEBUG] Stock symbols: ['AAPL', 'MSFT', 'GOOGL', 'TSLA', 'NVDA']
[2025-10-01T01:52:21.808+0000] {logging_mixin.py:188} INFO - [DEBUG] Fetching data for AAPL...
[2025-10-01T01:52:21.809+0000] {warnings.py:112} WARNING - /opt/***/dags/etl_yfinance_stock.py:41: FutureWarning: YF.download() has changed argument auto_adjust default to True
  df = yf.download(symbol, start = start_date.isoformat(), end = end_date.isoformat(), progress = False)

[2025-10-01T01:52:22.085+0000] {logging_mixin.py:188} INFO - [DEBUG] Processed data shape for AAPL: (123, 7)
[2025-10-01T01:52:22.085+0000] {logging_mixin.py:188} INFO - [DEBUG] Processed columns for AAPL: ['SYMBOL', 'DATE', 'OPEN', 'CLOSE', 'MIN', 'MAX', 'VOLUME']
[2025-10-01T01:52:22.085+0000] {logging_mixin.py:188} INFO - [DEBUG] Sample data for AAPL:
[2025-10-01T01:52:22.091+0000] {logging_mixin.py:188} INFO - Price SYMBOL       DATE        OPEN  ...         MIN         MAX     VOLUME
0       AAPL 2025-04-04  193.416569  ...  186.882560  199.391949  125910900
1       AAPL 2025-04-07  176.767314  ...  174.193612  193.675923  160466300

[2 rows x 7 columns]
[2025-10-01T01:52:22.091+0000] {logging_mixin.py:188} INFO - [DEBUG] Fetching data for MSFT...
[2025-10-01T01:52:22.092+0000] {warnings.py:112} WARNING - /opt/***/dags/etl_yfinance_stock.py:41: FutureWarning: YF.download() has changed argument auto_adjust default to True
  df = yf.download(symbol, start = start_date.isoformat(), end = end_date.isoformat(), progress = False)

[2025-10-01T01:52:22.210+0000] {logging_mixin.py:188} INFO - [DEBUG] Processed data shape for MSFT: (123, 7)
[2025-10-01T01:52:22.210+0000] {logging_mixin.py:188} INFO - [DEBUG] Processed columns for MSFT: ['SYMBOL', 'DATE', 'OPEN', 'CLOSE', 'MIN', 'MAX', 'VOLUME']
[2025-10-01T01:52:22.211+0000] {logging_mixin.py:188} INFO - [DEBUG] Sample data for MSFT:
[2025-10-01T01:52:22.213+0000] {logging_mixin.py:188} INFO - Price SYMBOL       DATE        OPEN  ...         MIN         MAX    VOLUME
0       MSFT 2025-04-04  362.866214  ...  358.232359  373.289902  49209900
1       MSFT 2025-04-07  349.662226  ...  343.593365  369.712391  50425000

[2 rows x 7 columns]
[2025-10-01T01:52:22.213+0000] {logging_mixin.py:188} INFO - [DEBUG] Fetching data for GOOGL...
[2025-10-01T01:52:22.213+0000] {warnings.py:112} WARNING - /opt/***/dags/etl_yfinance_stock.py:41: FutureWarning: YF.download() has changed argument auto_adjust default to True
  df = yf.download(symbol, start = start_date.isoformat(), end = end_date.isoformat(), progress = False)

[2025-10-01T01:52:22.304+0000] {logging_mixin.py:188} INFO - [DEBUG] Processed data shape for GOOGL: (123, 7)
[2025-10-01T01:52:22.304+0000] {logging_mixin.py:188} INFO - [DEBUG] Processed columns for GOOGL: ['SYMBOL', 'DATE', 'OPEN', 'CLOSE', 'MIN', 'MAX', 'VOLUME']
[2025-10-01T01:52:22.305+0000] {logging_mixin.py:188} INFO - [DEBUG] Sample data for GOOGL:
[2025-10-01T01:52:22.307+0000] {logging_mixin.py:188} INFO - Price SYMBOL       DATE        OPEN  ...         MIN         MAX    VOLUME
0      GOOGL 2025-04-04  147.698930  ...  145.074467  150.752512  62259500
1      GOOGL 2025-04-07  141.252506  ...  140.234646  152.528760  76794100

[2 rows x 7 columns]
[2025-10-01T01:52:22.307+0000] {logging_mixin.py:188} INFO - [DEBUG] Fetching data for TSLA...
[2025-10-01T01:52:22.307+0000] {warnings.py:112} WARNING - /opt/***/dags/etl_yfinance_stock.py:41: FutureWarning: YF.download() has changed argument auto_adjust default to True
  df = yf.download(symbol, start = start_date.isoformat(), end = end_date.isoformat(), progress = False)

[2025-10-01T01:52:22.399+0000] {logging_mixin.py:188} INFO - [DEBUG] Processed data shape for TSLA: (123, 7)
[2025-10-01T01:52:22.400+0000] {logging_mixin.py:188} INFO - [DEBUG] Processed columns for TSLA: ['SYMBOL', 'DATE', 'OPEN', 'CLOSE', 'MIN', 'MAX', 'VOLUME']
[2025-10-01T01:52:22.400+0000] {logging_mixin.py:188} INFO - [DEBUG] Sample data for TSLA:
[2025-10-01T01:52:22.402+0000] {logging_mixin.py:188} INFO - Price SYMBOL       DATE        OPEN       CLOSE     MIN    MAX     VOLUME
0       TSLA 2025-04-04  255.380005  239.429993  236.00  261.0  181229400
1       TSLA 2025-04-07  223.779999  233.289993  214.25  252.0  183453800
[2025-10-01T01:52:22.402+0000] {logging_mixin.py:188} INFO - [DEBUG] Fetching data for NVDA...
[2025-10-01T01:52:22.402+0000] {warnings.py:112} WARNING - /opt/***/dags/etl_yfinance_stock.py:41: FutureWarning: YF.download() has changed argument auto_adjust default to True
  df = yf.download(symbol, start = start_date.isoformat(), end = end_date.isoformat(), progress = False)

[2025-10-01T01:52:22.512+0000] {logging_mixin.py:188} INFO - [DEBUG] Processed data shape for NVDA: (123, 7)
[2025-10-01T01:52:22.512+0000] {logging_mixin.py:188} INFO - [DEBUG] Processed columns for NVDA: ['SYMBOL', 'DATE', 'OPEN', 'CLOSE', 'MIN', 'MAX', 'VOLUME']
[2025-10-01T01:52:22.513+0000] {logging_mixin.py:188} INFO - [DEBUG] Sample data for NVDA:
[2025-10-01T01:52:22.514+0000] {logging_mixin.py:188} INFO - Price SYMBOL       DATE       OPEN      CLOSE        MIN         MAX     VOLUME
0       NVDA 2025-04-04  98.897561  94.298134  92.098414  100.117401  532273800
1       NVDA 2025-04-07  87.448990  97.627708  86.609099  101.737192  611041300
[2025-10-01T01:52:22.515+0000] {logging_mixin.py:188} INFO - [DEBUG] Combined data shape: (615, 7)
[2025-10-01T01:52:22.515+0000] {logging_mixin.py:188} INFO - [DEBUG] Combined data columns: ['SYMBOL', 'DATE', 'OPEN', 'CLOSE', 'MIN', 'MAX', 'VOLUME']
[2025-10-01T01:52:22.516+0000] {logging_mixin.py:188} INFO - [DEBUG] NaN count per column:
[2025-10-01T01:52:22.518+0000] {logging_mixin.py:188} INFO - Price
SYMBOL    0
DATE      0
OPEN      0
CLOSE     0
MIN       0
MAX       0
VOLUME    0
dtype: int64
[2025-10-01T01:52:22.519+0000] {logging_mixin.py:188} INFO - [DEBUG] Final data shape: (615, 7)
[2025-10-01T01:52:22.519+0000] {logging_mixin.py:188} INFO - [DEBUG] Final data sample:
[2025-10-01T01:52:22.522+0000] {logging_mixin.py:188} INFO - Price SYMBOL        DATE        OPEN  ...         MIN         MAX     VOLUME
0       AAPL  2025-04-04  193.416569  ...  186.882560  199.391949  125910900
1       AAPL  2025-04-07  176.767314  ...  174.193612  193.675923  160466300
2       AAPL  2025-04-08  186.244124  ...  168.796839  189.875235  120859500
3       AAPL  2025-04-09  171.530131  ...  171.470280  200.120153  184395900
4       AAPL  2025-04-10  188.608353  ...  182.553167  194.304402  121880000

[5 rows x 7 columns]
[2025-10-01T01:52:22.531+0000] {base.py:84} INFO - Using connection ID 'snowflake_default' for task execution.
[2025-10-01T01:52:22.531+0000] {connection.py:408} INFO - Snowflake Connector for Python Version: 3.11.0, Python Version: 3.12.4, Platform: Linux-6.10.14-linuxkit-aarch64-with-glibc2.36
[2025-10-01T01:52:22.532+0000] {connection.py:1258} INFO - This connection is in OCSP Fail Open Mode. TLS Certificates would be checked for validity and revocation status. Any other Certificate Revocation related exceptions or OCSP Responder failures would be disregarded in favor of connectivity.
[2025-10-01T01:52:23.075+0000] {cursor.py:1149} INFO - Number of results in first chunk: 1
[2025-10-01T01:52:23.201+0000] {cursor.py:1149} INFO - Number of results in first chunk: 1
[2025-10-01T01:52:23.325+0000] {cursor.py:1149} INFO - Number of results in first chunk: 1
[2025-10-01T01:52:23.477+0000] {cursor.py:1149} INFO - Number of results in first chunk: 1
[2025-10-01T01:52:23.582+0000] {cursor.py:1149} INFO - Number of results in first chunk: 1
[2025-10-01T01:52:23.584+0000] {logging_mixin.py:188} INFO - [ctx] version=9.30.0, wh=BEETLE_QUERY_WH, role=TRAINING_ROLE, db=ASH_DB, schema=STOCK_SCHEMA
[2025-10-01T01:52:24.704+0000] {cursor.py:1149} INFO - Number of results in first chunk: 1
[2025-10-01T01:52:24.713+0000] {logging_mixin.py:188} INFO - [DEBUG] Prepared 615 rows for insertion
[2025-10-01T01:52:24.714+0000] {logging_mixin.py:188} INFO - [DEBUG] First row sample: {'SYMBOL': 'AAPL', 'DATE': datetime.date(2025, 4, 4), 'OPEN': 193.4165691841804, 'CLOSE': 187.92002868652344, 'MIN': 186.88255957870848, 'MAX': 199.39194860307396, 'VOLUME': 125910900}
[2025-10-01T01:52:26.714+0000] {cursor.py:1149} INFO - Number of results in first chunk: 1
[2025-10-01T01:52:26.715+0000] {logging_mixin.py:188} INFO - [fetch_and_upsert] Upserted 615 rows into fact_stock_price_daily.
[2025-10-01T01:52:26.715+0000] {connection.py:773} INFO - closed
[2025-10-01T01:52:26.783+0000] {connection.py:779} INFO - No async queries seem to be running, deleting session
[2025-10-01T01:52:26.879+0000] {python.py:237} INFO - Done. Returned value was: 615
[2025-10-01T01:52:26.880+0000] {taskinstance.py:441} INFO - ::group::Post task execution logs
[2025-10-01T01:52:26.908+0000] {taskinstance.py:1206} INFO - Marking task as SUCCESS. dag_id=etl_yfinance_stock, task_id=fetch_and_upsert, run_id=scheduled__2025-09-30T00:00:00+00:00, execution_date=20250930T000000, start_date=20251001T015221, end_date=20251001T015226
[2025-10-01T01:52:26.949+0000] {local_task_job_runner.py:243} INFO - Task exited with return code 0
[2025-10-01T01:52:26.964+0000] {taskinstance.py:3503} INFO - 0 downstream tasks scheduled from follow-on schedule check
[2025-10-01T01:52:26.965+0000] {local_task_job_runner.py:222} INFO - ::endgroup::
