[2025-09-13T00:59:15.929+0000] {local_task_job_runner.py:120} INFO - ::group::Pre task execution logs
[2025-09-13T00:59:15.941+0000] {taskinstance.py:2076} INFO - Dependencies all met for dep_context=non-requeueable deps ti=<TaskInstance: hello_airflow.say_hello scheduled__2025-09-09T00:00:00+00:00 [queued]>
[2025-09-13T00:59:15.945+0000] {taskinstance.py:2076} INFO - Dependencies all met for dep_context=requeueable deps ti=<TaskInstance: hello_airflow.say_hello scheduled__2025-09-09T00:00:00+00:00 [queued]>
[2025-09-13T00:59:15.946+0000] {taskinstance.py:2306} INFO - Starting attempt 1 of 2
[2025-09-13T00:59:15.951+0000] {taskinstance.py:2330} INFO - Executing <Task(PythonOperator): say_hello> on 2025-09-09 00:00:00+00:00
[2025-09-13T00:59:15.954+0000] {warnings.py:112} WARNING - /home/***/.local/lib/python3.12/site-packages/***/task/task_runner/standard_task_runner.py:62: DeprecationWarning: This process (pid=57) is multi-threaded, use of fork() may lead to deadlocks in the child.
  pid = os.fork()

[2025-09-13T00:59:15.956+0000] {standard_task_runner.py:64} INFO - Started process 61 to run task
[2025-09-13T00:59:15.955+0000] {standard_task_runner.py:90} INFO - Running: ['***', 'tasks', 'run', 'hello_***', 'say_hello', 'scheduled__2025-09-09T00:00:00+00:00', '--job-id', '10', '--raw', '--subdir', 'DAGS_FOLDER/hello_***.py', '--cfg-path', '/tmp/tmp7pj0lk_m']
[2025-09-13T00:59:15.956+0000] {standard_task_runner.py:91} INFO - Job 10: Subtask say_hello
[2025-09-13T00:59:15.981+0000] {task_command.py:426} INFO - Running <TaskInstance: hello_airflow.say_hello scheduled__2025-09-09T00:00:00+00:00 [running]> on host d08febd080d9
[2025-09-13T00:59:16.021+0000] {taskinstance.py:2648} INFO - Exporting env vars: AIRFLOW_CTX_DAG_OWNER='dingyuyao' AIRFLOW_CTX_DAG_ID='hello_***' AIRFLOW_CTX_TASK_ID='say_hello' AIRFLOW_CTX_EXECUTION_DATE='2025-09-09T00:00:00+00:00' AIRFLOW_CTX_TRY_NUMBER='1' AIRFLOW_CTX_DAG_RUN_ID='scheduled__2025-09-09T00:00:00+00:00'
[2025-09-13T00:59:16.022+0000] {taskinstance.py:430} INFO - ::endgroup::
[2025-09-13T00:59:16.022+0000] {logging_mixin.py:188} INFO - Hello Airflow! Your environment is working 🚀
[2025-09-13T00:59:16.022+0000] {python.py:237} INFO - Done. Returned value was: None
[2025-09-13T00:59:16.022+0000] {taskinstance.py:441} INFO - ::group::Post task execution logs
[2025-09-13T00:59:16.025+0000] {taskinstance.py:1206} INFO - Marking task as SUCCESS. dag_id=hello_***, task_id=say_hello, run_id=scheduled__2025-09-09T00:00:00+00:00, execution_date=20250909T000000, start_date=20250913T005915, end_date=20250913T005916
[2025-09-13T00:59:16.054+0000] {local_task_job_runner.py:243} INFO - Task exited with return code 0
[2025-09-13T00:59:16.061+0000] {taskinstance.py:3503} INFO - 0 downstream tasks scheduled from follow-on schedule check
[2025-09-13T00:59:16.062+0000] {local_task_job_runner.py:222} INFO - ::endgroup::
