[2025-09-17T00:00:48.167+0000] {local_task_job_runner.py:120} INFO - ::group::Pre task execution logs
[2025-09-17T00:00:48.193+0000] {taskinstance.py:2076} INFO - Dependencies all met for dep_context=non-requeueable deps ti=<TaskInstance: hello_airflow.say_hello scheduled__2025-09-16T00:00:00+00:00 [queued]>
[2025-09-17T00:00:48.202+0000] {taskinstance.py:2076} INFO - Dependencies all met for dep_context=requeueable deps ti=<TaskInstance: hello_airflow.say_hello scheduled__2025-09-16T00:00:00+00:00 [queued]>
[2025-09-17T00:00:48.202+0000] {taskinstance.py:2306} INFO - Starting attempt 1 of 2
[2025-09-17T00:00:48.213+0000] {taskinstance.py:2330} INFO - Executing <Task(PythonOperator): say_hello> on 2025-09-16 00:00:00+00:00
[2025-09-17T00:00:48.249+0000] {warnings.py:112} WARNING - /home/***/.local/lib/python3.12/site-packages/***/task/task_runner/standard_task_runner.py:62: DeprecationWarning: This process (pid=18585) is multi-threaded, use of fork() may lead to deadlocks in the child.
  pid = os.fork()

[2025-09-17T00:00:48.227+0000] {standard_task_runner.py:90} INFO - Running: ['***', 'tasks', 'run', 'hello_***', 'say_hello', 'scheduled__2025-09-16T00:00:00+00:00', '--job-id', '37', '--raw', '--subdir', 'DAGS_FOLDER/hello_***.py', '--cfg-path', '/tmp/tmpwog22snb']
[2025-09-17T00:00:48.273+0000] {standard_task_runner.py:64} INFO - Started process 18588 to run task
[2025-09-17T00:00:48.300+0000] {standard_task_runner.py:91} INFO - Job 37: Subtask say_hello
[2025-09-17T00:00:49.309+0000] {task_command.py:426} INFO - Running <TaskInstance: hello_airflow.say_hello scheduled__2025-09-16T00:00:00+00:00 [running]> on host 11e1994bdecf
[2025-09-17T00:00:49.487+0000] {taskinstance.py:2648} INFO - Exporting env vars: AIRFLOW_CTX_DAG_OWNER='dingyuyao' AIRFLOW_CTX_DAG_ID='hello_***' AIRFLOW_CTX_TASK_ID='say_hello' AIRFLOW_CTX_EXECUTION_DATE='2025-09-16T00:00:00+00:00' AIRFLOW_CTX_TRY_NUMBER='1' AIRFLOW_CTX_DAG_RUN_ID='scheduled__2025-09-16T00:00:00+00:00'
[2025-09-17T00:00:49.491+0000] {taskinstance.py:430} INFO - ::endgroup::
[2025-09-17T00:00:49.493+0000] {logging_mixin.py:188} INFO - Hello Airflow! Your environment is working 🚀
[2025-09-17T00:00:49.493+0000] {python.py:237} INFO - Done. Returned value was: None
[2025-09-17T00:00:49.493+0000] {taskinstance.py:441} INFO - ::group::Post task execution logs
[2025-09-17T00:00:49.506+0000] {taskinstance.py:1206} INFO - Marking task as SUCCESS. dag_id=hello_***, task_id=say_hello, run_id=scheduled__2025-09-16T00:00:00+00:00, execution_date=20250916T000000, start_date=20250917T000048, end_date=20250917T000049
[2025-09-17T00:00:49.543+0000] {local_task_job_runner.py:243} INFO - Task exited with return code 0
[2025-09-17T00:00:49.580+0000] {taskinstance.py:3503} INFO - 0 downstream tasks scheduled from follow-on schedule check
[2025-09-17T00:00:49.582+0000] {local_task_job_runner.py:222} INFO - ::endgroup::
