[2025-09-24T00:00:02.448+0000] {local_task_job_runner.py:120} INFO - ::group::Pre task execution logs
[2025-09-24T00:00:02.456+0000] {taskinstance.py:2076} INFO - Dependencies all met for dep_context=non-requeueable deps ti=<TaskInstance: ml_forecast_stock.wait_for_etl scheduled__2025-09-23T00:00:00+00:00 [queued]>
[2025-09-24T00:00:02.459+0000] {taskinstance.py:2076} INFO - Dependencies all met for dep_context=requeueable deps ti=<TaskInstance: ml_forecast_stock.wait_for_etl scheduled__2025-09-23T00:00:00+00:00 [queued]>
[2025-09-24T00:00:02.459+0000] {taskinstance.py:2306} INFO - Starting attempt 1 of 2
[2025-09-24T00:00:02.463+0000] {taskinstance.py:2330} INFO - Executing <Task(ExternalTaskSensor): wait_for_etl> on 2025-09-23 00:00:00+00:00
[2025-09-24T00:00:02.466+0000] {warnings.py:112} WARNING - /home/***/.local/lib/python3.12/site-packages/***/task/task_runner/standard_task_runner.py:62: DeprecationWarning: This process (pid=48307) is multi-threaded, use of fork() may lead to deadlocks in the child.
  pid = os.fork()

[2025-09-24T00:00:02.467+0000] {standard_task_runner.py:64} INFO - Started process 48314 to run task
[2025-09-24T00:00:02.467+0000] {standard_task_runner.py:90} INFO - Running: ['***', 'tasks', 'run', 'ml_forecast_stock', 'wait_for_etl', 'scheduled__2025-09-23T00:00:00+00:00', '--job-id', '365', '--raw', '--subdir', 'DAGS_FOLDER/ml_forecast_stock.py', '--cfg-path', '/tmp/tmp01g8ifzf']
[2025-09-24T00:00:02.468+0000] {standard_task_runner.py:91} INFO - Job 365: Subtask wait_for_etl
[2025-09-24T00:00:02.484+0000] {task_command.py:426} INFO - Running <TaskInstance: ml_forecast_stock.wait_for_etl scheduled__2025-09-23T00:00:00+00:00 [running]> on host 11e1994bdecf
[2025-09-24T00:00:02.515+0000] {taskinstance.py:2648} INFO - Exporting env vars: AIRFLOW_CTX_DAG_OWNER='data226' AIRFLOW_CTX_DAG_ID='ml_forecast_stock' AIRFLOW_CTX_TASK_ID='wait_for_etl' AIRFLOW_CTX_EXECUTION_DATE='2025-09-23T00:00:00+00:00' AIRFLOW_CTX_TRY_NUMBER='1' AIRFLOW_CTX_DAG_RUN_ID='scheduled__2025-09-23T00:00:00+00:00'
[2025-09-24T00:00:02.515+0000] {taskinstance.py:430} INFO - ::endgroup::
[2025-09-24T00:00:02.516+0000] {baseoperator.py:400} WARNING - ExternalTaskSensor.execute cannot be called outside TaskInstance!
[2025-09-24T00:00:02.518+0000] {external_task.py:258} INFO - Poking for tasks ['fetch_and_upsert'] in dag "etl_yfinance_stock" on 2025-09-23T00:00:00+00:00 ... 
[2025-09-24T00:00:02.519+0000] {warnings.py:112} WARNING - /home/***/.local/lib/python3.12/site-packages/***/utils/session.py:79: DeprecationWarning: This method is deprecated and will be removed in future.
  return func(*args, session=session, **kwargs)

[2025-09-24T00:00:02.523+0000] {taskinstance.py:441} INFO - ::group::Post task execution logs
[2025-09-24T00:00:02.529+0000] {taskinstance.py:2865} INFO - Rescheduling task, marking task as UP_FOR_RESCHEDULE
[2025-09-24T00:00:02.566+0000] {local_task_job_runner.py:243} INFO - Task exited with return code 0
[2025-09-24T00:00:02.571+0000] {warnings.py:112} WARNING - /home/***/.local/lib/python3.12/site-packages/***/models/baseoperator.py:1297: AirflowProviderDeprecationWarning: Call to deprecated class SnowflakeOperator. (This class is deprecated. Please use `***.providers.common.sql.operators.sql.SQLExecuteQueryOperator`. Also, you can provide `hook_params={'warehouse': <warehouse>, 'database': <database>, 'role': <role>, 'schema': <schema>, 'authenticator': <authenticator>,'session_parameters': <session_parameters>}`.)
  result = cls.__new__(cls)

[2025-09-24T00:00:02.579+0000] {taskinstance.py:3503} INFO - 0 downstream tasks scheduled from follow-on schedule check
[2025-09-24T00:00:02.579+0000] {local_task_job_runner.py:222} INFO - ::endgroup::
[2025-09-24T00:01:03.158+0000] {local_task_job_runner.py:120} INFO - ::group::Pre task execution logs
[2025-09-24T00:01:03.166+0000] {taskinstance.py:2076} INFO - Dependencies all met for dep_context=non-requeueable deps ti=<TaskInstance: ml_forecast_stock.wait_for_etl scheduled__2025-09-23T00:00:00+00:00 [queued]>
[2025-09-24T00:01:03.169+0000] {taskinstance.py:2076} INFO - Dependencies all met for dep_context=requeueable deps ti=<TaskInstance: ml_forecast_stock.wait_for_etl scheduled__2025-09-23T00:00:00+00:00 [queued]>
[2025-09-24T00:01:03.169+0000] {taskinstance.py:2306} INFO - Starting attempt 1 of 2
[2025-09-24T00:01:03.173+0000] {taskinstance.py:2330} INFO - Executing <Task(ExternalTaskSensor): wait_for_etl> on 2025-09-23 00:00:00+00:00
[2025-09-24T00:01:03.176+0000] {warnings.py:112} WARNING - /home/***/.local/lib/python3.12/site-packages/***/task/task_runner/standard_task_runner.py:62: DeprecationWarning: This process (pid=48341) is multi-threaded, use of fork() may lead to deadlocks in the child.
  pid = os.fork()

[2025-09-24T00:01:03.176+0000] {standard_task_runner.py:64} INFO - Started process 48343 to run task
[2025-09-24T00:01:03.177+0000] {standard_task_runner.py:90} INFO - Running: ['***', 'tasks', 'run', 'ml_forecast_stock', 'wait_for_etl', 'scheduled__2025-09-23T00:00:00+00:00', '--job-id', '367', '--raw', '--subdir', 'DAGS_FOLDER/ml_forecast_stock.py', '--cfg-path', '/tmp/tmpf4kkcnq_']
[2025-09-24T00:01:03.177+0000] {standard_task_runner.py:91} INFO - Job 367: Subtask wait_for_etl
[2025-09-24T00:01:03.193+0000] {task_command.py:426} INFO - Running <TaskInstance: ml_forecast_stock.wait_for_etl scheduled__2025-09-23T00:00:00+00:00 [running]> on host 11e1994bdecf
[2025-09-24T00:01:03.221+0000] {taskinstance.py:2648} INFO - Exporting env vars: AIRFLOW_CTX_DAG_OWNER='data226' AIRFLOW_CTX_DAG_ID='ml_forecast_stock' AIRFLOW_CTX_TASK_ID='wait_for_etl' AIRFLOW_CTX_EXECUTION_DATE='2025-09-23T00:00:00+00:00' AIRFLOW_CTX_TRY_NUMBER='1' AIRFLOW_CTX_DAG_RUN_ID='scheduled__2025-09-23T00:00:00+00:00'
[2025-09-24T00:01:03.221+0000] {taskinstance.py:430} INFO - ::endgroup::
[2025-09-24T00:01:03.221+0000] {baseoperator.py:400} WARNING - ExternalTaskSensor.execute cannot be called outside TaskInstance!
[2025-09-24T00:01:03.223+0000] {external_task.py:258} INFO - Poking for tasks ['fetch_and_upsert'] in dag "etl_yfinance_stock" on 2025-09-23T00:00:00+00:00 ... 
[2025-09-24T00:01:03.224+0000] {warnings.py:112} WARNING - /home/***/.local/lib/python3.12/site-packages/***/utils/session.py:79: DeprecationWarning: This method is deprecated and will be removed in future.
  return func(*args, session=session, **kwargs)

[2025-09-24T00:01:03.227+0000] {taskinstance.py:441} INFO - ::group::Post task execution logs
[2025-09-24T00:01:03.232+0000] {taskinstance.py:2865} INFO - Rescheduling task, marking task as UP_FOR_RESCHEDULE
[2025-09-24T00:01:03.275+0000] {local_task_job_runner.py:243} INFO - Task exited with return code 0
[2025-09-24T00:01:03.280+0000] {warnings.py:112} WARNING - /home/***/.local/lib/python3.12/site-packages/***/models/baseoperator.py:1297: AirflowProviderDeprecationWarning: Call to deprecated class SnowflakeOperator. (This class is deprecated. Please use `***.providers.common.sql.operators.sql.SQLExecuteQueryOperator`. Also, you can provide `hook_params={'warehouse': <warehouse>, 'database': <database>, 'role': <role>, 'schema': <schema>, 'authenticator': <authenticator>,'session_parameters': <session_parameters>}`.)
  result = cls.__new__(cls)

[2025-09-24T00:01:03.286+0000] {taskinstance.py:3503} INFO - 0 downstream tasks scheduled from follow-on schedule check
[2025-09-24T00:01:03.287+0000] {local_task_job_runner.py:222} INFO - ::endgroup::
[2025-09-24T00:02:04.400+0000] {local_task_job_runner.py:120} INFO - ::group::Pre task execution logs
[2025-09-24T00:02:04.408+0000] {taskinstance.py:2076} INFO - Dependencies all met for dep_context=non-requeueable deps ti=<TaskInstance: ml_forecast_stock.wait_for_etl scheduled__2025-09-23T00:00:00+00:00 [queued]>
[2025-09-24T00:02:04.410+0000] {taskinstance.py:2076} INFO - Dependencies all met for dep_context=requeueable deps ti=<TaskInstance: ml_forecast_stock.wait_for_etl scheduled__2025-09-23T00:00:00+00:00 [queued]>
[2025-09-24T00:02:04.410+0000] {taskinstance.py:2306} INFO - Starting attempt 1 of 2
[2025-09-24T00:02:04.414+0000] {taskinstance.py:2330} INFO - Executing <Task(ExternalTaskSensor): wait_for_etl> on 2025-09-23 00:00:00+00:00
[2025-09-24T00:02:04.417+0000] {warnings.py:112} WARNING - /home/***/.local/lib/python3.12/site-packages/***/task/task_runner/standard_task_runner.py:62: DeprecationWarning: This process (pid=48358) is multi-threaded, use of fork() may lead to deadlocks in the child.
  pid = os.fork()

[2025-09-24T00:02:04.417+0000] {standard_task_runner.py:64} INFO - Started process 48360 to run task
[2025-09-24T00:02:04.417+0000] {standard_task_runner.py:90} INFO - Running: ['***', 'tasks', 'run', 'ml_forecast_stock', 'wait_for_etl', 'scheduled__2025-09-23T00:00:00+00:00', '--job-id', '368', '--raw', '--subdir', 'DAGS_FOLDER/ml_forecast_stock.py', '--cfg-path', '/tmp/tmpqf40yb9o']
[2025-09-24T00:02:04.418+0000] {standard_task_runner.py:91} INFO - Job 368: Subtask wait_for_etl
[2025-09-24T00:02:04.433+0000] {task_command.py:426} INFO - Running <TaskInstance: ml_forecast_stock.wait_for_etl scheduled__2025-09-23T00:00:00+00:00 [running]> on host 11e1994bdecf
[2025-09-24T00:02:04.460+0000] {taskinstance.py:2648} INFO - Exporting env vars: AIRFLOW_CTX_DAG_OWNER='data226' AIRFLOW_CTX_DAG_ID='ml_forecast_stock' AIRFLOW_CTX_TASK_ID='wait_for_etl' AIRFLOW_CTX_EXECUTION_DATE='2025-09-23T00:00:00+00:00' AIRFLOW_CTX_TRY_NUMBER='1' AIRFLOW_CTX_DAG_RUN_ID='scheduled__2025-09-23T00:00:00+00:00'
[2025-09-24T00:02:04.460+0000] {taskinstance.py:430} INFO - ::endgroup::
[2025-09-24T00:02:04.461+0000] {baseoperator.py:400} WARNING - ExternalTaskSensor.execute cannot be called outside TaskInstance!
[2025-09-24T00:02:04.463+0000] {external_task.py:258} INFO - Poking for tasks ['fetch_and_upsert'] in dag "etl_yfinance_stock" on 2025-09-23T00:00:00+00:00 ... 
[2025-09-24T00:02:04.463+0000] {warnings.py:112} WARNING - /home/***/.local/lib/python3.12/site-packages/***/utils/session.py:79: DeprecationWarning: This method is deprecated and will be removed in future.
  return func(*args, session=session, **kwargs)

[2025-09-24T00:02:04.466+0000] {taskinstance.py:441} INFO - ::group::Post task execution logs
[2025-09-24T00:02:04.472+0000] {taskinstance.py:2865} INFO - Rescheduling task, marking task as UP_FOR_RESCHEDULE
[2025-09-24T00:02:04.476+0000] {local_task_job_runner.py:243} INFO - Task exited with return code 0
[2025-09-24T00:02:04.480+0000] {warnings.py:112} WARNING - /home/***/.local/lib/python3.12/site-packages/***/models/baseoperator.py:1297: AirflowProviderDeprecationWarning: Call to deprecated class SnowflakeOperator. (This class is deprecated. Please use `***.providers.common.sql.operators.sql.SQLExecuteQueryOperator`. Also, you can provide `hook_params={'warehouse': <warehouse>, 'database': <database>, 'role': <role>, 'schema': <schema>, 'authenticator': <authenticator>,'session_parameters': <session_parameters>}`.)
  result = cls.__new__(cls)

[2025-09-24T00:02:04.485+0000] {taskinstance.py:3503} INFO - 0 downstream tasks scheduled from follow-on schedule check
[2025-09-24T00:02:04.486+0000] {local_task_job_runner.py:222} INFO - ::endgroup::
[2025-09-24T00:03:06.059+0000] {local_task_job_runner.py:120} INFO - ::group::Pre task execution logs
[2025-09-24T00:03:06.067+0000] {taskinstance.py:2076} INFO - Dependencies all met for dep_context=non-requeueable deps ti=<TaskInstance: ml_forecast_stock.wait_for_etl scheduled__2025-09-23T00:00:00+00:00 [queued]>
[2025-09-24T00:03:06.070+0000] {taskinstance.py:2076} INFO - Dependencies all met for dep_context=requeueable deps ti=<TaskInstance: ml_forecast_stock.wait_for_etl scheduled__2025-09-23T00:00:00+00:00 [queued]>
[2025-09-24T00:03:06.070+0000] {taskinstance.py:2306} INFO - Starting attempt 1 of 2
[2025-09-24T00:03:06.074+0000] {taskinstance.py:2330} INFO - Executing <Task(ExternalTaskSensor): wait_for_etl> on 2025-09-23 00:00:00+00:00
[2025-09-24T00:03:06.076+0000] {warnings.py:112} WARNING - /home/***/.local/lib/python3.12/site-packages/***/task/task_runner/standard_task_runner.py:62: DeprecationWarning: This process (pid=48375) is multi-threaded, use of fork() may lead to deadlocks in the child.
  pid = os.fork()

[2025-09-24T00:03:06.077+0000] {standard_task_runner.py:64} INFO - Started process 48377 to run task
[2025-09-24T00:03:06.077+0000] {standard_task_runner.py:90} INFO - Running: ['***', 'tasks', 'run', 'ml_forecast_stock', 'wait_for_etl', 'scheduled__2025-09-23T00:00:00+00:00', '--job-id', '369', '--raw', '--subdir', 'DAGS_FOLDER/ml_forecast_stock.py', '--cfg-path', '/tmp/tmp_8iit0j6']
[2025-09-24T00:03:06.078+0000] {standard_task_runner.py:91} INFO - Job 369: Subtask wait_for_etl
[2025-09-24T00:03:06.093+0000] {task_command.py:426} INFO - Running <TaskInstance: ml_forecast_stock.wait_for_etl scheduled__2025-09-23T00:00:00+00:00 [running]> on host 11e1994bdecf
[2025-09-24T00:03:06.121+0000] {taskinstance.py:2648} INFO - Exporting env vars: AIRFLOW_CTX_DAG_OWNER='data226' AIRFLOW_CTX_DAG_ID='ml_forecast_stock' AIRFLOW_CTX_TASK_ID='wait_for_etl' AIRFLOW_CTX_EXECUTION_DATE='2025-09-23T00:00:00+00:00' AIRFLOW_CTX_TRY_NUMBER='1' AIRFLOW_CTX_DAG_RUN_ID='scheduled__2025-09-23T00:00:00+00:00'
[2025-09-24T00:03:06.122+0000] {taskinstance.py:430} INFO - ::endgroup::
[2025-09-24T00:03:06.122+0000] {baseoperator.py:400} WARNING - ExternalTaskSensor.execute cannot be called outside TaskInstance!
[2025-09-24T00:03:06.125+0000] {external_task.py:258} INFO - Poking for tasks ['fetch_and_upsert'] in dag "etl_yfinance_stock" on 2025-09-23T00:00:00+00:00 ... 
[2025-09-24T00:03:06.125+0000] {warnings.py:112} WARNING - /home/***/.local/lib/python3.12/site-packages/***/utils/session.py:79: DeprecationWarning: This method is deprecated and will be removed in future.
  return func(*args, session=session, **kwargs)

[2025-09-24T00:03:06.129+0000] {taskinstance.py:441} INFO - ::group::Post task execution logs
[2025-09-24T00:03:06.134+0000] {taskinstance.py:2865} INFO - Rescheduling task, marking task as UP_FOR_RESCHEDULE
[2025-09-24T00:03:06.176+0000] {local_task_job_runner.py:243} INFO - Task exited with return code 0
[2025-09-24T00:03:06.181+0000] {warnings.py:112} WARNING - /home/***/.local/lib/python3.12/site-packages/***/models/baseoperator.py:1297: AirflowProviderDeprecationWarning: Call to deprecated class SnowflakeOperator. (This class is deprecated. Please use `***.providers.common.sql.operators.sql.SQLExecuteQueryOperator`. Also, you can provide `hook_params={'warehouse': <warehouse>, 'database': <database>, 'role': <role>, 'schema': <schema>, 'authenticator': <authenticator>,'session_parameters': <session_parameters>}`.)
  result = cls.__new__(cls)

[2025-09-24T00:03:06.187+0000] {taskinstance.py:3503} INFO - 0 downstream tasks scheduled from follow-on schedule check
[2025-09-24T00:03:06.188+0000] {local_task_job_runner.py:222} INFO - ::endgroup::
[2025-09-24T00:04:07.583+0000] {local_task_job_runner.py:120} INFO - ::group::Pre task execution logs
[2025-09-24T00:04:07.590+0000] {taskinstance.py:2076} INFO - Dependencies all met for dep_context=non-requeueable deps ti=<TaskInstance: ml_forecast_stock.wait_for_etl scheduled__2025-09-23T00:00:00+00:00 [queued]>
[2025-09-24T00:04:07.593+0000] {taskinstance.py:2076} INFO - Dependencies all met for dep_context=requeueable deps ti=<TaskInstance: ml_forecast_stock.wait_for_etl scheduled__2025-09-23T00:00:00+00:00 [queued]>
[2025-09-24T00:04:07.593+0000] {taskinstance.py:2306} INFO - Starting attempt 1 of 2
[2025-09-24T00:04:07.596+0000] {taskinstance.py:2330} INFO - Executing <Task(ExternalTaskSensor): wait_for_etl> on 2025-09-23 00:00:00+00:00
[2025-09-24T00:04:07.599+0000] {warnings.py:112} WARNING - /home/***/.local/lib/python3.12/site-packages/***/task/task_runner/standard_task_runner.py:62: DeprecationWarning: This process (pid=48392) is multi-threaded, use of fork() may lead to deadlocks in the child.
  pid = os.fork()

[2025-09-24T00:04:07.600+0000] {standard_task_runner.py:64} INFO - Started process 48394 to run task
[2025-09-24T00:04:07.600+0000] {standard_task_runner.py:90} INFO - Running: ['***', 'tasks', 'run', 'ml_forecast_stock', 'wait_for_etl', 'scheduled__2025-09-23T00:00:00+00:00', '--job-id', '370', '--raw', '--subdir', 'DAGS_FOLDER/ml_forecast_stock.py', '--cfg-path', '/tmp/tmpednhqp27']
[2025-09-24T00:04:07.600+0000] {standard_task_runner.py:91} INFO - Job 370: Subtask wait_for_etl
[2025-09-24T00:04:07.616+0000] {task_command.py:426} INFO - Running <TaskInstance: ml_forecast_stock.wait_for_etl scheduled__2025-09-23T00:00:00+00:00 [running]> on host 11e1994bdecf
[2025-09-24T00:04:07.643+0000] {taskinstance.py:2648} INFO - Exporting env vars: AIRFLOW_CTX_DAG_OWNER='data226' AIRFLOW_CTX_DAG_ID='ml_forecast_stock' AIRFLOW_CTX_TASK_ID='wait_for_etl' AIRFLOW_CTX_EXECUTION_DATE='2025-09-23T00:00:00+00:00' AIRFLOW_CTX_TRY_NUMBER='1' AIRFLOW_CTX_DAG_RUN_ID='scheduled__2025-09-23T00:00:00+00:00'
[2025-09-24T00:04:07.643+0000] {taskinstance.py:430} INFO - ::endgroup::
[2025-09-24T00:04:07.643+0000] {baseoperator.py:400} WARNING - ExternalTaskSensor.execute cannot be called outside TaskInstance!
[2025-09-24T00:04:07.646+0000] {external_task.py:258} INFO - Poking for tasks ['fetch_and_upsert'] in dag "etl_yfinance_stock" on 2025-09-23T00:00:00+00:00 ... 
[2025-09-24T00:04:07.646+0000] {warnings.py:112} WARNING - /home/***/.local/lib/python3.12/site-packages/***/utils/session.py:79: DeprecationWarning: This method is deprecated and will be removed in future.
  return func(*args, session=session, **kwargs)

[2025-09-24T00:04:07.649+0000] {taskinstance.py:441} INFO - ::group::Post task execution logs
[2025-09-24T00:04:07.654+0000] {taskinstance.py:2865} INFO - Rescheduling task, marking task as UP_FOR_RESCHEDULE
[2025-09-24T00:04:07.659+0000] {local_task_job_runner.py:243} INFO - Task exited with return code 0
[2025-09-24T00:04:07.663+0000] {warnings.py:112} WARNING - /home/***/.local/lib/python3.12/site-packages/***/models/baseoperator.py:1297: AirflowProviderDeprecationWarning: Call to deprecated class SnowflakeOperator. (This class is deprecated. Please use `***.providers.common.sql.operators.sql.SQLExecuteQueryOperator`. Also, you can provide `hook_params={'warehouse': <warehouse>, 'database': <database>, 'role': <role>, 'schema': <schema>, 'authenticator': <authenticator>,'session_parameters': <session_parameters>}`.)
  result = cls.__new__(cls)

[2025-09-24T00:04:07.669+0000] {taskinstance.py:3503} INFO - 0 downstream tasks scheduled from follow-on schedule check
[2025-09-24T00:04:07.669+0000] {local_task_job_runner.py:222} INFO - ::endgroup::
[2025-09-24T00:05:08.957+0000] {local_task_job_runner.py:120} INFO - ::group::Pre task execution logs
[2025-09-24T00:05:08.965+0000] {taskinstance.py:2076} INFO - Dependencies all met for dep_context=non-requeueable deps ti=<TaskInstance: ml_forecast_stock.wait_for_etl scheduled__2025-09-23T00:00:00+00:00 [queued]>
[2025-09-24T00:05:08.967+0000] {taskinstance.py:2076} INFO - Dependencies all met for dep_context=requeueable deps ti=<TaskInstance: ml_forecast_stock.wait_for_etl scheduled__2025-09-23T00:00:00+00:00 [queued]>
[2025-09-24T00:05:08.967+0000] {taskinstance.py:2306} INFO - Starting attempt 1 of 2
[2025-09-24T00:05:08.971+0000] {taskinstance.py:2330} INFO - Executing <Task(ExternalTaskSensor): wait_for_etl> on 2025-09-23 00:00:00+00:00
[2025-09-24T00:05:08.974+0000] {warnings.py:112} WARNING - /home/***/.local/lib/python3.12/site-packages/***/task/task_runner/standard_task_runner.py:62: DeprecationWarning: This process (pid=48409) is multi-threaded, use of fork() may lead to deadlocks in the child.
  pid = os.fork()

[2025-09-24T00:05:08.974+0000] {standard_task_runner.py:64} INFO - Started process 48411 to run task
[2025-09-24T00:05:08.974+0000] {standard_task_runner.py:90} INFO - Running: ['***', 'tasks', 'run', 'ml_forecast_stock', 'wait_for_etl', 'scheduled__2025-09-23T00:00:00+00:00', '--job-id', '371', '--raw', '--subdir', 'DAGS_FOLDER/ml_forecast_stock.py', '--cfg-path', '/tmp/tmp3dm5t3zl']
[2025-09-24T00:05:08.975+0000] {standard_task_runner.py:91} INFO - Job 371: Subtask wait_for_etl
[2025-09-24T00:05:08.990+0000] {task_command.py:426} INFO - Running <TaskInstance: ml_forecast_stock.wait_for_etl scheduled__2025-09-23T00:00:00+00:00 [running]> on host 11e1994bdecf
[2025-09-24T00:05:09.016+0000] {taskinstance.py:2648} INFO - Exporting env vars: AIRFLOW_CTX_DAG_OWNER='data226' AIRFLOW_CTX_DAG_ID='ml_forecast_stock' AIRFLOW_CTX_TASK_ID='wait_for_etl' AIRFLOW_CTX_EXECUTION_DATE='2025-09-23T00:00:00+00:00' AIRFLOW_CTX_TRY_NUMBER='1' AIRFLOW_CTX_DAG_RUN_ID='scheduled__2025-09-23T00:00:00+00:00'
[2025-09-24T00:05:09.017+0000] {taskinstance.py:430} INFO - ::endgroup::
[2025-09-24T00:05:09.017+0000] {baseoperator.py:400} WARNING - ExternalTaskSensor.execute cannot be called outside TaskInstance!
[2025-09-24T00:05:09.019+0000] {external_task.py:258} INFO - Poking for tasks ['fetch_and_upsert'] in dag "etl_yfinance_stock" on 2025-09-23T00:00:00+00:00 ... 
[2025-09-24T00:05:09.020+0000] {warnings.py:112} WARNING - /home/***/.local/lib/python3.12/site-packages/***/utils/session.py:79: DeprecationWarning: This method is deprecated and will be removed in future.
  return func(*args, session=session, **kwargs)

[2025-09-24T00:05:09.023+0000] {taskinstance.py:441} INFO - ::group::Post task execution logs
[2025-09-24T00:05:09.028+0000] {taskinstance.py:2865} INFO - Rescheduling task, marking task as UP_FOR_RESCHEDULE
[2025-09-24T00:05:09.033+0000] {local_task_job_runner.py:243} INFO - Task exited with return code 0
[2025-09-24T00:05:09.037+0000] {warnings.py:112} WARNING - /home/***/.local/lib/python3.12/site-packages/***/models/baseoperator.py:1297: AirflowProviderDeprecationWarning: Call to deprecated class SnowflakeOperator. (This class is deprecated. Please use `***.providers.common.sql.operators.sql.SQLExecuteQueryOperator`. Also, you can provide `hook_params={'warehouse': <warehouse>, 'database': <database>, 'role': <role>, 'schema': <schema>, 'authenticator': <authenticator>,'session_parameters': <session_parameters>}`.)
  result = cls.__new__(cls)

[2025-09-24T00:05:09.042+0000] {taskinstance.py:3503} INFO - 0 downstream tasks scheduled from follow-on schedule check
[2025-09-24T00:05:09.043+0000] {local_task_job_runner.py:222} INFO - ::endgroup::
[2025-09-24T00:06:10.202+0000] {local_task_job_runner.py:120} INFO - ::group::Pre task execution logs
[2025-09-24T00:06:10.210+0000] {taskinstance.py:2076} INFO - Dependencies all met for dep_context=non-requeueable deps ti=<TaskInstance: ml_forecast_stock.wait_for_etl scheduled__2025-09-23T00:00:00+00:00 [queued]>
[2025-09-24T00:06:10.212+0000] {taskinstance.py:2076} INFO - Dependencies all met for dep_context=requeueable deps ti=<TaskInstance: ml_forecast_stock.wait_for_etl scheduled__2025-09-23T00:00:00+00:00 [queued]>
[2025-09-24T00:06:10.212+0000] {taskinstance.py:2306} INFO - Starting attempt 1 of 2
[2025-09-24T00:06:10.216+0000] {taskinstance.py:2330} INFO - Executing <Task(ExternalTaskSensor): wait_for_etl> on 2025-09-23 00:00:00+00:00
[2025-09-24T00:06:10.218+0000] {warnings.py:112} WARNING - /home/***/.local/lib/python3.12/site-packages/***/task/task_runner/standard_task_runner.py:62: DeprecationWarning: This process (pid=48425) is multi-threaded, use of fork() may lead to deadlocks in the child.
  pid = os.fork()

[2025-09-24T00:06:10.219+0000] {standard_task_runner.py:64} INFO - Started process 48427 to run task
[2025-09-24T00:06:10.219+0000] {standard_task_runner.py:90} INFO - Running: ['***', 'tasks', 'run', 'ml_forecast_stock', 'wait_for_etl', 'scheduled__2025-09-23T00:00:00+00:00', '--job-id', '372', '--raw', '--subdir', 'DAGS_FOLDER/ml_forecast_stock.py', '--cfg-path', '/tmp/tmpq36zm1xg']
[2025-09-24T00:06:10.220+0000] {standard_task_runner.py:91} INFO - Job 372: Subtask wait_for_etl
[2025-09-24T00:06:10.236+0000] {task_command.py:426} INFO - Running <TaskInstance: ml_forecast_stock.wait_for_etl scheduled__2025-09-23T00:00:00+00:00 [running]> on host 11e1994bdecf
[2025-09-24T00:06:10.264+0000] {taskinstance.py:2648} INFO - Exporting env vars: AIRFLOW_CTX_DAG_OWNER='data226' AIRFLOW_CTX_DAG_ID='ml_forecast_stock' AIRFLOW_CTX_TASK_ID='wait_for_etl' AIRFLOW_CTX_EXECUTION_DATE='2025-09-23T00:00:00+00:00' AIRFLOW_CTX_TRY_NUMBER='1' AIRFLOW_CTX_DAG_RUN_ID='scheduled__2025-09-23T00:00:00+00:00'
[2025-09-24T00:06:10.265+0000] {taskinstance.py:430} INFO - ::endgroup::
[2025-09-24T00:06:10.265+0000] {baseoperator.py:400} WARNING - ExternalTaskSensor.execute cannot be called outside TaskInstance!
[2025-09-24T00:06:10.267+0000] {external_task.py:258} INFO - Poking for tasks ['fetch_and_upsert'] in dag "etl_yfinance_stock" on 2025-09-23T00:00:00+00:00 ... 
[2025-09-24T00:06:10.268+0000] {warnings.py:112} WARNING - /home/***/.local/lib/python3.12/site-packages/***/utils/session.py:79: DeprecationWarning: This method is deprecated and will be removed in future.
  return func(*args, session=session, **kwargs)

[2025-09-24T00:06:10.271+0000] {taskinstance.py:441} INFO - ::group::Post task execution logs
[2025-09-24T00:06:10.277+0000] {taskinstance.py:2865} INFO - Rescheduling task, marking task as UP_FOR_RESCHEDULE
[2025-09-24T00:06:10.320+0000] {local_task_job_runner.py:243} INFO - Task exited with return code 0
[2025-09-24T00:06:10.324+0000] {warnings.py:112} WARNING - /home/***/.local/lib/python3.12/site-packages/***/models/baseoperator.py:1297: AirflowProviderDeprecationWarning: Call to deprecated class SnowflakeOperator. (This class is deprecated. Please use `***.providers.common.sql.operators.sql.SQLExecuteQueryOperator`. Also, you can provide `hook_params={'warehouse': <warehouse>, 'database': <database>, 'role': <role>, 'schema': <schema>, 'authenticator': <authenticator>,'session_parameters': <session_parameters>}`.)
  result = cls.__new__(cls)

[2025-09-24T00:06:10.330+0000] {taskinstance.py:3503} INFO - 0 downstream tasks scheduled from follow-on schedule check
[2025-09-24T00:06:10.331+0000] {local_task_job_runner.py:222} INFO - ::endgroup::
[2025-09-24T00:07:11.538+0000] {local_task_job_runner.py:120} INFO - ::group::Pre task execution logs
[2025-09-24T00:07:11.547+0000] {taskinstance.py:2076} INFO - Dependencies all met for dep_context=non-requeueable deps ti=<TaskInstance: ml_forecast_stock.wait_for_etl scheduled__2025-09-23T00:00:00+00:00 [queued]>
[2025-09-24T00:07:11.549+0000] {taskinstance.py:2076} INFO - Dependencies all met for dep_context=requeueable deps ti=<TaskInstance: ml_forecast_stock.wait_for_etl scheduled__2025-09-23T00:00:00+00:00 [queued]>
[2025-09-24T00:07:11.550+0000] {taskinstance.py:2306} INFO - Starting attempt 1 of 2
[2025-09-24T00:07:11.553+0000] {taskinstance.py:2330} INFO - Executing <Task(ExternalTaskSensor): wait_for_etl> on 2025-09-23 00:00:00+00:00
[2025-09-24T00:07:11.557+0000] {warnings.py:112} WARNING - /home/***/.local/lib/python3.12/site-packages/***/task/task_runner/standard_task_runner.py:62: DeprecationWarning: This process (pid=48442) is multi-threaded, use of fork() may lead to deadlocks in the child.
  pid = os.fork()

[2025-09-24T00:07:11.557+0000] {standard_task_runner.py:64} INFO - Started process 48444 to run task
[2025-09-24T00:07:11.557+0000] {standard_task_runner.py:90} INFO - Running: ['***', 'tasks', 'run', 'ml_forecast_stock', 'wait_for_etl', 'scheduled__2025-09-23T00:00:00+00:00', '--job-id', '373', '--raw', '--subdir', 'DAGS_FOLDER/ml_forecast_stock.py', '--cfg-path', '/tmp/tmp_pl1mgbc']
[2025-09-24T00:07:11.558+0000] {standard_task_runner.py:91} INFO - Job 373: Subtask wait_for_etl
[2025-09-24T00:07:11.574+0000] {task_command.py:426} INFO - Running <TaskInstance: ml_forecast_stock.wait_for_etl scheduled__2025-09-23T00:00:00+00:00 [running]> on host 11e1994bdecf
[2025-09-24T00:07:11.604+0000] {taskinstance.py:2648} INFO - Exporting env vars: AIRFLOW_CTX_DAG_OWNER='data226' AIRFLOW_CTX_DAG_ID='ml_forecast_stock' AIRFLOW_CTX_TASK_ID='wait_for_etl' AIRFLOW_CTX_EXECUTION_DATE='2025-09-23T00:00:00+00:00' AIRFLOW_CTX_TRY_NUMBER='1' AIRFLOW_CTX_DAG_RUN_ID='scheduled__2025-09-23T00:00:00+00:00'
[2025-09-24T00:07:11.605+0000] {taskinstance.py:430} INFO - ::endgroup::
[2025-09-24T00:07:11.605+0000] {baseoperator.py:400} WARNING - ExternalTaskSensor.execute cannot be called outside TaskInstance!
[2025-09-24T00:07:11.608+0000] {external_task.py:258} INFO - Poking for tasks ['fetch_and_upsert'] in dag "etl_yfinance_stock" on 2025-09-23T00:00:00+00:00 ... 
[2025-09-24T00:07:11.609+0000] {warnings.py:112} WARNING - /home/***/.local/lib/python3.12/site-packages/***/utils/session.py:79: DeprecationWarning: This method is deprecated and will be removed in future.
  return func(*args, session=session, **kwargs)

[2025-09-24T00:07:11.612+0000] {taskinstance.py:441} INFO - ::group::Post task execution logs
[2025-09-24T00:07:11.619+0000] {taskinstance.py:2865} INFO - Rescheduling task, marking task as UP_FOR_RESCHEDULE
[2025-09-24T00:07:11.661+0000] {local_task_job_runner.py:243} INFO - Task exited with return code 0
[2025-09-24T00:07:11.665+0000] {warnings.py:112} WARNING - /home/***/.local/lib/python3.12/site-packages/***/models/baseoperator.py:1297: AirflowProviderDeprecationWarning: Call to deprecated class SnowflakeOperator. (This class is deprecated. Please use `***.providers.common.sql.operators.sql.SQLExecuteQueryOperator`. Also, you can provide `hook_params={'warehouse': <warehouse>, 'database': <database>, 'role': <role>, 'schema': <schema>, 'authenticator': <authenticator>,'session_parameters': <session_parameters>}`.)
  result = cls.__new__(cls)

[2025-09-24T00:07:11.671+0000] {taskinstance.py:3503} INFO - 0 downstream tasks scheduled from follow-on schedule check
[2025-09-24T00:07:11.672+0000] {local_task_job_runner.py:222} INFO - ::endgroup::
[2025-09-24T00:08:12.771+0000] {local_task_job_runner.py:120} INFO - ::group::Pre task execution logs
[2025-09-24T00:08:12.779+0000] {taskinstance.py:2076} INFO - Dependencies all met for dep_context=non-requeueable deps ti=<TaskInstance: ml_forecast_stock.wait_for_etl scheduled__2025-09-23T00:00:00+00:00 [queued]>
[2025-09-24T00:08:12.782+0000] {taskinstance.py:2076} INFO - Dependencies all met for dep_context=requeueable deps ti=<TaskInstance: ml_forecast_stock.wait_for_etl scheduled__2025-09-23T00:00:00+00:00 [queued]>
[2025-09-24T00:08:12.782+0000] {taskinstance.py:2306} INFO - Starting attempt 1 of 2
[2025-09-24T00:08:12.785+0000] {taskinstance.py:2330} INFO - Executing <Task(ExternalTaskSensor): wait_for_etl> on 2025-09-23 00:00:00+00:00
[2025-09-24T00:08:12.788+0000] {warnings.py:112} WARNING - /home/***/.local/lib/python3.12/site-packages/***/task/task_runner/standard_task_runner.py:62: DeprecationWarning: This process (pid=48459) is multi-threaded, use of fork() may lead to deadlocks in the child.
  pid = os.fork()

[2025-09-24T00:08:12.789+0000] {standard_task_runner.py:64} INFO - Started process 48461 to run task
[2025-09-24T00:08:12.789+0000] {standard_task_runner.py:90} INFO - Running: ['***', 'tasks', 'run', 'ml_forecast_stock', 'wait_for_etl', 'scheduled__2025-09-23T00:00:00+00:00', '--job-id', '374', '--raw', '--subdir', 'DAGS_FOLDER/ml_forecast_stock.py', '--cfg-path', '/tmp/tmpvt36o6xx']
[2025-09-24T00:08:12.789+0000] {standard_task_runner.py:91} INFO - Job 374: Subtask wait_for_etl
[2025-09-24T00:08:12.806+0000] {task_command.py:426} INFO - Running <TaskInstance: ml_forecast_stock.wait_for_etl scheduled__2025-09-23T00:00:00+00:00 [running]> on host 11e1994bdecf
[2025-09-24T00:08:12.833+0000] {taskinstance.py:2648} INFO - Exporting env vars: AIRFLOW_CTX_DAG_OWNER='data226' AIRFLOW_CTX_DAG_ID='ml_forecast_stock' AIRFLOW_CTX_TASK_ID='wait_for_etl' AIRFLOW_CTX_EXECUTION_DATE='2025-09-23T00:00:00+00:00' AIRFLOW_CTX_TRY_NUMBER='1' AIRFLOW_CTX_DAG_RUN_ID='scheduled__2025-09-23T00:00:00+00:00'
[2025-09-24T00:08:12.834+0000] {taskinstance.py:430} INFO - ::endgroup::
[2025-09-24T00:08:12.834+0000] {baseoperator.py:400} WARNING - ExternalTaskSensor.execute cannot be called outside TaskInstance!
[2025-09-24T00:08:12.836+0000] {external_task.py:258} INFO - Poking for tasks ['fetch_and_upsert'] in dag "etl_yfinance_stock" on 2025-09-23T00:00:00+00:00 ... 
[2025-09-24T00:08:12.836+0000] {warnings.py:112} WARNING - /home/***/.local/lib/python3.12/site-packages/***/utils/session.py:79: DeprecationWarning: This method is deprecated and will be removed in future.
  return func(*args, session=session, **kwargs)

[2025-09-24T00:08:12.840+0000] {taskinstance.py:441} INFO - ::group::Post task execution logs
[2025-09-24T00:08:12.845+0000] {taskinstance.py:2865} INFO - Rescheduling task, marking task as UP_FOR_RESCHEDULE
[2025-09-24T00:08:12.892+0000] {local_task_job_runner.py:243} INFO - Task exited with return code 0
[2025-09-24T00:08:12.896+0000] {warnings.py:112} WARNING - /home/***/.local/lib/python3.12/site-packages/***/models/baseoperator.py:1297: AirflowProviderDeprecationWarning: Call to deprecated class SnowflakeOperator. (This class is deprecated. Please use `***.providers.common.sql.operators.sql.SQLExecuteQueryOperator`. Also, you can provide `hook_params={'warehouse': <warehouse>, 'database': <database>, 'role': <role>, 'schema': <schema>, 'authenticator': <authenticator>,'session_parameters': <session_parameters>}`.)
  result = cls.__new__(cls)

[2025-09-24T00:08:12.903+0000] {taskinstance.py:3503} INFO - 0 downstream tasks scheduled from follow-on schedule check
[2025-09-24T00:08:12.903+0000] {local_task_job_runner.py:222} INFO - ::endgroup::
[2025-09-24T00:09:14.471+0000] {local_task_job_runner.py:120} INFO - ::group::Pre task execution logs
[2025-09-24T00:09:14.480+0000] {taskinstance.py:2076} INFO - Dependencies all met for dep_context=non-requeueable deps ti=<TaskInstance: ml_forecast_stock.wait_for_etl scheduled__2025-09-23T00:00:00+00:00 [queued]>
[2025-09-24T00:09:14.482+0000] {taskinstance.py:2076} INFO - Dependencies all met for dep_context=requeueable deps ti=<TaskInstance: ml_forecast_stock.wait_for_etl scheduled__2025-09-23T00:00:00+00:00 [queued]>
[2025-09-24T00:09:14.483+0000] {taskinstance.py:2306} INFO - Starting attempt 1 of 2
[2025-09-24T00:09:14.487+0000] {taskinstance.py:2330} INFO - Executing <Task(ExternalTaskSensor): wait_for_etl> on 2025-09-23 00:00:00+00:00
[2025-09-24T00:09:14.491+0000] {warnings.py:112} WARNING - /home/***/.local/lib/python3.12/site-packages/***/task/task_runner/standard_task_runner.py:62: DeprecationWarning: This process (pid=48476) is multi-threaded, use of fork() may lead to deadlocks in the child.
  pid = os.fork()

[2025-09-24T00:09:14.491+0000] {standard_task_runner.py:64} INFO - Started process 48478 to run task
[2025-09-24T00:09:14.492+0000] {standard_task_runner.py:90} INFO - Running: ['***', 'tasks', 'run', 'ml_forecast_stock', 'wait_for_etl', 'scheduled__2025-09-23T00:00:00+00:00', '--job-id', '375', '--raw', '--subdir', 'DAGS_FOLDER/ml_forecast_stock.py', '--cfg-path', '/tmp/tmpf9gfa1ij']
[2025-09-24T00:09:14.492+0000] {standard_task_runner.py:91} INFO - Job 375: Subtask wait_for_etl
[2025-09-24T00:09:14.510+0000] {task_command.py:426} INFO - Running <TaskInstance: ml_forecast_stock.wait_for_etl scheduled__2025-09-23T00:00:00+00:00 [running]> on host 11e1994bdecf
[2025-09-24T00:09:14.539+0000] {taskinstance.py:2648} INFO - Exporting env vars: AIRFLOW_CTX_DAG_OWNER='data226' AIRFLOW_CTX_DAG_ID='ml_forecast_stock' AIRFLOW_CTX_TASK_ID='wait_for_etl' AIRFLOW_CTX_EXECUTION_DATE='2025-09-23T00:00:00+00:00' AIRFLOW_CTX_TRY_NUMBER='1' AIRFLOW_CTX_DAG_RUN_ID='scheduled__2025-09-23T00:00:00+00:00'
[2025-09-24T00:09:14.539+0000] {taskinstance.py:430} INFO - ::endgroup::
[2025-09-24T00:09:14.539+0000] {baseoperator.py:400} WARNING - ExternalTaskSensor.execute cannot be called outside TaskInstance!
[2025-09-24T00:09:14.542+0000] {external_task.py:258} INFO - Poking for tasks ['fetch_and_upsert'] in dag "etl_yfinance_stock" on 2025-09-23T00:00:00+00:00 ... 
[2025-09-24T00:09:14.542+0000] {warnings.py:112} WARNING - /home/***/.local/lib/python3.12/site-packages/***/utils/session.py:79: DeprecationWarning: This method is deprecated and will be removed in future.
  return func(*args, session=session, **kwargs)

[2025-09-24T00:09:14.545+0000] {taskinstance.py:441} INFO - ::group::Post task execution logs
[2025-09-24T00:09:14.550+0000] {taskinstance.py:2865} INFO - Rescheduling task, marking task as UP_FOR_RESCHEDULE
[2025-09-24T00:09:14.593+0000] {local_task_job_runner.py:243} INFO - Task exited with return code 0
[2025-09-24T00:09:14.597+0000] {warnings.py:112} WARNING - /home/***/.local/lib/python3.12/site-packages/***/models/baseoperator.py:1297: AirflowProviderDeprecationWarning: Call to deprecated class SnowflakeOperator. (This class is deprecated. Please use `***.providers.common.sql.operators.sql.SQLExecuteQueryOperator`. Also, you can provide `hook_params={'warehouse': <warehouse>, 'database': <database>, 'role': <role>, 'schema': <schema>, 'authenticator': <authenticator>,'session_parameters': <session_parameters>}`.)
  result = cls.__new__(cls)

[2025-09-24T00:09:14.603+0000] {taskinstance.py:3503} INFO - 0 downstream tasks scheduled from follow-on schedule check
[2025-09-24T00:09:14.604+0000] {local_task_job_runner.py:222} INFO - ::endgroup::
[2025-09-24T00:10:15.976+0000] {local_task_job_runner.py:120} INFO - ::group::Pre task execution logs
[2025-09-24T00:10:15.984+0000] {taskinstance.py:2076} INFO - Dependencies all met for dep_context=non-requeueable deps ti=<TaskInstance: ml_forecast_stock.wait_for_etl scheduled__2025-09-23T00:00:00+00:00 [queued]>
[2025-09-24T00:10:15.986+0000] {taskinstance.py:2076} INFO - Dependencies all met for dep_context=requeueable deps ti=<TaskInstance: ml_forecast_stock.wait_for_etl scheduled__2025-09-23T00:00:00+00:00 [queued]>
[2025-09-24T00:10:15.986+0000] {taskinstance.py:2306} INFO - Starting attempt 1 of 2
[2025-09-24T00:10:15.990+0000] {taskinstance.py:2330} INFO - Executing <Task(ExternalTaskSensor): wait_for_etl> on 2025-09-23 00:00:00+00:00
[2025-09-24T00:10:15.993+0000] {warnings.py:112} WARNING - /home/***/.local/lib/python3.12/site-packages/***/task/task_runner/standard_task_runner.py:62: DeprecationWarning: This process (pid=48493) is multi-threaded, use of fork() may lead to deadlocks in the child.
  pid = os.fork()

[2025-09-24T00:10:15.993+0000] {standard_task_runner.py:64} INFO - Started process 48495 to run task
[2025-09-24T00:10:15.994+0000] {standard_task_runner.py:90} INFO - Running: ['***', 'tasks', 'run', 'ml_forecast_stock', 'wait_for_etl', 'scheduled__2025-09-23T00:00:00+00:00', '--job-id', '376', '--raw', '--subdir', 'DAGS_FOLDER/ml_forecast_stock.py', '--cfg-path', '/tmp/tmpgy9oe_62']
[2025-09-24T00:10:15.994+0000] {standard_task_runner.py:91} INFO - Job 376: Subtask wait_for_etl
[2025-09-24T00:10:16.009+0000] {task_command.py:426} INFO - Running <TaskInstance: ml_forecast_stock.wait_for_etl scheduled__2025-09-23T00:00:00+00:00 [running]> on host 11e1994bdecf
[2025-09-24T00:10:16.036+0000] {taskinstance.py:2648} INFO - Exporting env vars: AIRFLOW_CTX_DAG_OWNER='data226' AIRFLOW_CTX_DAG_ID='ml_forecast_stock' AIRFLOW_CTX_TASK_ID='wait_for_etl' AIRFLOW_CTX_EXECUTION_DATE='2025-09-23T00:00:00+00:00' AIRFLOW_CTX_TRY_NUMBER='1' AIRFLOW_CTX_DAG_RUN_ID='scheduled__2025-09-23T00:00:00+00:00'
[2025-09-24T00:10:16.036+0000] {taskinstance.py:430} INFO - ::endgroup::
[2025-09-24T00:10:16.036+0000] {baseoperator.py:400} WARNING - ExternalTaskSensor.execute cannot be called outside TaskInstance!
[2025-09-24T00:10:16.038+0000] {external_task.py:258} INFO - Poking for tasks ['fetch_and_upsert'] in dag "etl_yfinance_stock" on 2025-09-23T00:00:00+00:00 ... 
[2025-09-24T00:10:16.039+0000] {warnings.py:112} WARNING - /home/***/.local/lib/python3.12/site-packages/***/utils/session.py:79: DeprecationWarning: This method is deprecated and will be removed in future.
  return func(*args, session=session, **kwargs)

[2025-09-24T00:10:16.042+0000] {taskinstance.py:441} INFO - ::group::Post task execution logs
[2025-09-24T00:10:16.047+0000] {taskinstance.py:2865} INFO - Rescheduling task, marking task as UP_FOR_RESCHEDULE
[2025-09-24T00:10:16.052+0000] {local_task_job_runner.py:243} INFO - Task exited with return code 0
[2025-09-24T00:10:16.055+0000] {warnings.py:112} WARNING - /home/***/.local/lib/python3.12/site-packages/***/models/baseoperator.py:1297: AirflowProviderDeprecationWarning: Call to deprecated class SnowflakeOperator. (This class is deprecated. Please use `***.providers.common.sql.operators.sql.SQLExecuteQueryOperator`. Also, you can provide `hook_params={'warehouse': <warehouse>, 'database': <database>, 'role': <role>, 'schema': <schema>, 'authenticator': <authenticator>,'session_parameters': <session_parameters>}`.)
  result = cls.__new__(cls)

[2025-09-24T00:10:16.061+0000] {taskinstance.py:3503} INFO - 0 downstream tasks scheduled from follow-on schedule check
[2025-09-24T00:10:16.061+0000] {local_task_job_runner.py:222} INFO - ::endgroup::
[2025-09-24T00:11:16.985+0000] {local_task_job_runner.py:120} INFO - ::group::Pre task execution logs
[2025-09-24T00:11:16.994+0000] {taskinstance.py:2076} INFO - Dependencies all met for dep_context=non-requeueable deps ti=<TaskInstance: ml_forecast_stock.wait_for_etl scheduled__2025-09-23T00:00:00+00:00 [queued]>
[2025-09-24T00:11:16.996+0000] {taskinstance.py:2076} INFO - Dependencies all met for dep_context=requeueable deps ti=<TaskInstance: ml_forecast_stock.wait_for_etl scheduled__2025-09-23T00:00:00+00:00 [queued]>
[2025-09-24T00:11:16.996+0000] {taskinstance.py:2306} INFO - Starting attempt 1 of 2
[2025-09-24T00:11:17.000+0000] {taskinstance.py:2330} INFO - Executing <Task(ExternalTaskSensor): wait_for_etl> on 2025-09-23 00:00:00+00:00
[2025-09-24T00:11:17.003+0000] {warnings.py:112} WARNING - /home/***/.local/lib/python3.12/site-packages/***/task/task_runner/standard_task_runner.py:62: DeprecationWarning: This process (pid=48503) is multi-threaded, use of fork() may lead to deadlocks in the child.
  pid = os.fork()

[2025-09-24T00:11:17.003+0000] {standard_task_runner.py:64} INFO - Started process 48505 to run task
[2025-09-24T00:11:17.004+0000] {standard_task_runner.py:90} INFO - Running: ['***', 'tasks', 'run', 'ml_forecast_stock', 'wait_for_etl', 'scheduled__2025-09-23T00:00:00+00:00', '--job-id', '377', '--raw', '--subdir', 'DAGS_FOLDER/ml_forecast_stock.py', '--cfg-path', '/tmp/tmppft1zslr']
[2025-09-24T00:11:17.004+0000] {standard_task_runner.py:91} INFO - Job 377: Subtask wait_for_etl
[2025-09-24T00:11:17.020+0000] {task_command.py:426} INFO - Running <TaskInstance: ml_forecast_stock.wait_for_etl scheduled__2025-09-23T00:00:00+00:00 [running]> on host 11e1994bdecf
[2025-09-24T00:11:17.048+0000] {taskinstance.py:2648} INFO - Exporting env vars: AIRFLOW_CTX_DAG_OWNER='data226' AIRFLOW_CTX_DAG_ID='ml_forecast_stock' AIRFLOW_CTX_TASK_ID='wait_for_etl' AIRFLOW_CTX_EXECUTION_DATE='2025-09-23T00:00:00+00:00' AIRFLOW_CTX_TRY_NUMBER='1' AIRFLOW_CTX_DAG_RUN_ID='scheduled__2025-09-23T00:00:00+00:00'
[2025-09-24T00:11:17.048+0000] {taskinstance.py:430} INFO - ::endgroup::
[2025-09-24T00:11:17.048+0000] {baseoperator.py:400} WARNING - ExternalTaskSensor.execute cannot be called outside TaskInstance!
[2025-09-24T00:11:17.051+0000] {external_task.py:258} INFO - Poking for tasks ['fetch_and_upsert'] in dag "etl_yfinance_stock" on 2025-09-23T00:00:00+00:00 ... 
[2025-09-24T00:11:17.051+0000] {warnings.py:112} WARNING - /home/***/.local/lib/python3.12/site-packages/***/utils/session.py:79: DeprecationWarning: This method is deprecated and will be removed in future.
  return func(*args, session=session, **kwargs)

[2025-09-24T00:11:17.054+0000] {taskinstance.py:441} INFO - ::group::Post task execution logs
[2025-09-24T00:11:17.060+0000] {taskinstance.py:2865} INFO - Rescheduling task, marking task as UP_FOR_RESCHEDULE
[2025-09-24T00:11:17.101+0000] {local_task_job_runner.py:243} INFO - Task exited with return code 0
[2025-09-24T00:11:17.105+0000] {warnings.py:112} WARNING - /home/***/.local/lib/python3.12/site-packages/***/models/baseoperator.py:1297: AirflowProviderDeprecationWarning: Call to deprecated class SnowflakeOperator. (This class is deprecated. Please use `***.providers.common.sql.operators.sql.SQLExecuteQueryOperator`. Also, you can provide `hook_params={'warehouse': <warehouse>, 'database': <database>, 'role': <role>, 'schema': <schema>, 'authenticator': <authenticator>,'session_parameters': <session_parameters>}`.)
  result = cls.__new__(cls)

[2025-09-24T00:11:17.111+0000] {taskinstance.py:3503} INFO - 0 downstream tasks scheduled from follow-on schedule check
[2025-09-24T00:11:17.112+0000] {local_task_job_runner.py:222} INFO - ::endgroup::
[2025-09-24T00:23:20.898+0000] {local_task_job_runner.py:120} INFO - ::group::Pre task execution logs
[2025-09-24T00:23:20.921+0000] {taskinstance.py:2076} INFO - Dependencies all met for dep_context=non-requeueable deps ti=<TaskInstance: ml_forecast_stock.wait_for_etl scheduled__2025-09-23T00:00:00+00:00 [queued]>
[2025-09-24T00:23:20.929+0000] {taskinstance.py:2076} INFO - Dependencies all met for dep_context=requeueable deps ti=<TaskInstance: ml_forecast_stock.wait_for_etl scheduled__2025-09-23T00:00:00+00:00 [queued]>
[2025-09-24T00:23:20.930+0000] {taskinstance.py:2306} INFO - Starting attempt 1 of 2
[2025-09-24T00:23:20.938+0000] {taskinstance.py:2330} INFO - Executing <Task(ExternalTaskSensor): wait_for_etl> on 2025-09-23 00:00:00+00:00
[2025-09-24T00:23:20.943+0000] {warnings.py:112} WARNING - /home/***/.local/lib/python3.12/site-packages/***/task/task_runner/standard_task_runner.py:62: DeprecationWarning: This process (pid=48513) is multi-threaded, use of fork() may lead to deadlocks in the child.
  pid = os.fork()

[2025-09-24T00:23:20.944+0000] {standard_task_runner.py:64} INFO - Started process 48515 to run task
[2025-09-24T00:23:20.945+0000] {standard_task_runner.py:90} INFO - Running: ['***', 'tasks', 'run', 'ml_forecast_stock', 'wait_for_etl', 'scheduled__2025-09-23T00:00:00+00:00', '--job-id', '378', '--raw', '--subdir', 'DAGS_FOLDER/ml_forecast_stock.py', '--cfg-path', '/tmp/tmpjzwgv_x6']
[2025-09-24T00:23:20.947+0000] {standard_task_runner.py:91} INFO - Job 378: Subtask wait_for_etl
[2025-09-24T00:23:20.986+0000] {task_command.py:426} INFO - Running <TaskInstance: ml_forecast_stock.wait_for_etl scheduled__2025-09-23T00:00:00+00:00 [running]> on host 11e1994bdecf
[2025-09-24T00:23:21.044+0000] {taskinstance.py:2648} INFO - Exporting env vars: AIRFLOW_CTX_DAG_OWNER='data226' AIRFLOW_CTX_DAG_ID='ml_forecast_stock' AIRFLOW_CTX_TASK_ID='wait_for_etl' AIRFLOW_CTX_EXECUTION_DATE='2025-09-23T00:00:00+00:00' AIRFLOW_CTX_TRY_NUMBER='1' AIRFLOW_CTX_DAG_RUN_ID='scheduled__2025-09-23T00:00:00+00:00'
[2025-09-24T00:23:21.046+0000] {taskinstance.py:430} INFO - ::endgroup::
[2025-09-24T00:23:21.047+0000] {baseoperator.py:400} WARNING - ExternalTaskSensor.execute cannot be called outside TaskInstance!
[2025-09-24T00:23:21.055+0000] {external_task.py:258} INFO - Poking for tasks ['fetch_and_upsert'] in dag "etl_yfinance_stock" on 2025-09-23T00:00:00+00:00 ... 
[2025-09-24T00:23:21.056+0000] {warnings.py:112} WARNING - /home/***/.local/lib/python3.12/site-packages/***/utils/session.py:79: DeprecationWarning: This method is deprecated and will be removed in future.
  return func(*args, session=session, **kwargs)

[2025-09-24T00:23:21.066+0000] {taskinstance.py:441} INFO - ::group::Post task execution logs
[2025-09-24T00:23:21.080+0000] {taskinstance.py:2865} INFO - Rescheduling task, marking task as UP_FOR_RESCHEDULE
[2025-09-24T00:23:21.124+0000] {local_task_job_runner.py:243} INFO - Task exited with return code 0
[2025-09-24T00:23:21.129+0000] {warnings.py:112} WARNING - /home/***/.local/lib/python3.12/site-packages/***/models/baseoperator.py:1297: AirflowProviderDeprecationWarning: Call to deprecated class SnowflakeOperator. (This class is deprecated. Please use `***.providers.common.sql.operators.sql.SQLExecuteQueryOperator`. Also, you can provide `hook_params={'warehouse': <warehouse>, 'database': <database>, 'role': <role>, 'schema': <schema>, 'authenticator': <authenticator>,'session_parameters': <session_parameters>}`.)
  result = cls.__new__(cls)

[2025-09-24T00:23:21.141+0000] {taskinstance.py:3503} INFO - 0 downstream tasks scheduled from follow-on schedule check
[2025-09-24T00:23:21.143+0000] {local_task_job_runner.py:222} INFO - ::endgroup::
[2025-09-24T00:54:02.424+0000] {local_task_job_runner.py:120} INFO - ::group::Pre task execution logs
[2025-09-24T00:54:02.437+0000] {taskinstance.py:2076} INFO - Dependencies all met for dep_context=non-requeueable deps ti=<TaskInstance: ml_forecast_stock.wait_for_etl scheduled__2025-09-23T00:00:00+00:00 [queued]>
[2025-09-24T00:54:02.441+0000] {taskinstance.py:2076} INFO - Dependencies all met for dep_context=requeueable deps ti=<TaskInstance: ml_forecast_stock.wait_for_etl scheduled__2025-09-23T00:00:00+00:00 [queued]>
[2025-09-24T00:54:02.441+0000] {taskinstance.py:2306} INFO - Starting attempt 1 of 2
[2025-09-24T00:54:02.447+0000] {taskinstance.py:2330} INFO - Executing <Task(ExternalTaskSensor): wait_for_etl> on 2025-09-23 00:00:00+00:00
[2025-09-24T00:54:02.453+0000] {warnings.py:112} WARNING - /home/***/.local/lib/python3.12/site-packages/***/task/task_runner/standard_task_runner.py:62: DeprecationWarning: This process (pid=48530) is multi-threaded, use of fork() may lead to deadlocks in the child.
  pid = os.fork()

[2025-09-24T00:54:02.454+0000] {standard_task_runner.py:90} INFO - Running: ['***', 'tasks', 'run', 'ml_forecast_stock', 'wait_for_etl', 'scheduled__2025-09-23T00:00:00+00:00', '--job-id', '379', '--raw', '--subdir', 'DAGS_FOLDER/ml_forecast_stock.py', '--cfg-path', '/tmp/tmpo0zgk_zl']
[2025-09-24T00:54:02.455+0000] {standard_task_runner.py:64} INFO - Started process 48532 to run task
[2025-09-24T00:54:02.455+0000] {standard_task_runner.py:91} INFO - Job 379: Subtask wait_for_etl
[2025-09-24T00:54:02.481+0000] {task_command.py:426} INFO - Running <TaskInstance: ml_forecast_stock.wait_for_etl scheduled__2025-09-23T00:00:00+00:00 [running]> on host 11e1994bdecf
[2025-09-24T00:54:02.528+0000] {taskinstance.py:2648} INFO - Exporting env vars: AIRFLOW_CTX_DAG_OWNER='data226' AIRFLOW_CTX_DAG_ID='ml_forecast_stock' AIRFLOW_CTX_TASK_ID='wait_for_etl' AIRFLOW_CTX_EXECUTION_DATE='2025-09-23T00:00:00+00:00' AIRFLOW_CTX_TRY_NUMBER='1' AIRFLOW_CTX_DAG_RUN_ID='scheduled__2025-09-23T00:00:00+00:00'
[2025-09-24T00:54:02.529+0000] {taskinstance.py:430} INFO - ::endgroup::
[2025-09-24T00:54:02.530+0000] {baseoperator.py:400} WARNING - ExternalTaskSensor.execute cannot be called outside TaskInstance!
[2025-09-24T00:54:02.536+0000] {external_task.py:258} INFO - Poking for tasks ['fetch_and_upsert'] in dag "etl_yfinance_stock" on 2025-09-23T00:00:00+00:00 ... 
[2025-09-24T00:54:02.536+0000] {warnings.py:112} WARNING - /home/***/.local/lib/python3.12/site-packages/***/utils/session.py:79: DeprecationWarning: This method is deprecated and will be removed in future.
  return func(*args, session=session, **kwargs)

[2025-09-24T00:54:02.542+0000] {taskinstance.py:441} INFO - ::group::Post task execution logs
[2025-09-24T00:54:02.553+0000] {taskinstance.py:2865} INFO - Rescheduling task, marking task as UP_FOR_RESCHEDULE
[2025-09-24T00:54:02.594+0000] {local_task_job_runner.py:243} INFO - Task exited with return code 0
[2025-09-24T00:54:02.600+0000] {warnings.py:112} WARNING - /home/***/.local/lib/python3.12/site-packages/***/models/baseoperator.py:1297: AirflowProviderDeprecationWarning: Call to deprecated class SnowflakeOperator. (This class is deprecated. Please use `***.providers.common.sql.operators.sql.SQLExecuteQueryOperator`. Also, you can provide `hook_params={'warehouse': <warehouse>, 'database': <database>, 'role': <role>, 'schema': <schema>, 'authenticator': <authenticator>,'session_parameters': <session_parameters>}`.)
  result = cls.__new__(cls)

[2025-09-24T00:54:02.609+0000] {taskinstance.py:3503} INFO - 0 downstream tasks scheduled from follow-on schedule check
[2025-09-24T00:54:02.610+0000] {local_task_job_runner.py:222} INFO - ::endgroup::
[2025-09-24T00:59:12.660+0000] {local_task_job_runner.py:120} INFO - ::group::Pre task execution logs
[2025-09-24T00:59:12.674+0000] {taskinstance.py:2076} INFO - Dependencies all met for dep_context=non-requeueable deps ti=<TaskInstance: ml_forecast_stock.wait_for_etl scheduled__2025-09-23T00:00:00+00:00 [queued]>
[2025-09-24T00:59:12.677+0000] {taskinstance.py:2076} INFO - Dependencies all met for dep_context=requeueable deps ti=<TaskInstance: ml_forecast_stock.wait_for_etl scheduled__2025-09-23T00:00:00+00:00 [queued]>
[2025-09-24T00:59:12.678+0000] {taskinstance.py:2306} INFO - Starting attempt 1 of 2
[2025-09-24T00:59:12.685+0000] {taskinstance.py:2330} INFO - Executing <Task(ExternalTaskSensor): wait_for_etl> on 2025-09-23 00:00:00+00:00
[2025-09-24T00:59:12.689+0000] {warnings.py:112} WARNING - /home/***/.local/lib/python3.12/site-packages/***/task/task_runner/standard_task_runner.py:62: DeprecationWarning: This process (pid=48547) is multi-threaded, use of fork() may lead to deadlocks in the child.
  pid = os.fork()

[2025-09-24T00:59:12.690+0000] {standard_task_runner.py:64} INFO - Started process 48549 to run task
[2025-09-24T00:59:12.690+0000] {standard_task_runner.py:90} INFO - Running: ['***', 'tasks', 'run', 'ml_forecast_stock', 'wait_for_etl', 'scheduled__2025-09-23T00:00:00+00:00', '--job-id', '380', '--raw', '--subdir', 'DAGS_FOLDER/ml_forecast_stock.py', '--cfg-path', '/tmp/tmpkxkxgd0u']
[2025-09-24T00:59:12.691+0000] {standard_task_runner.py:91} INFO - Job 380: Subtask wait_for_etl
[2025-09-24T00:59:12.716+0000] {task_command.py:426} INFO - Running <TaskInstance: ml_forecast_stock.wait_for_etl scheduled__2025-09-23T00:00:00+00:00 [running]> on host 11e1994bdecf
[2025-09-24T00:59:12.765+0000] {taskinstance.py:2648} INFO - Exporting env vars: AIRFLOW_CTX_DAG_OWNER='data226' AIRFLOW_CTX_DAG_ID='ml_forecast_stock' AIRFLOW_CTX_TASK_ID='wait_for_etl' AIRFLOW_CTX_EXECUTION_DATE='2025-09-23T00:00:00+00:00' AIRFLOW_CTX_TRY_NUMBER='1' AIRFLOW_CTX_DAG_RUN_ID='scheduled__2025-09-23T00:00:00+00:00'
[2025-09-24T00:59:12.766+0000] {taskinstance.py:430} INFO - ::endgroup::
[2025-09-24T00:59:12.767+0000] {baseoperator.py:400} WARNING - ExternalTaskSensor.execute cannot be called outside TaskInstance!
[2025-09-24T00:59:12.773+0000] {external_task.py:258} INFO - Poking for tasks ['fetch_and_upsert'] in dag "etl_yfinance_stock" on 2025-09-23T00:00:00+00:00 ... 
[2025-09-24T00:59:12.774+0000] {warnings.py:112} WARNING - /home/***/.local/lib/python3.12/site-packages/***/utils/session.py:79: DeprecationWarning: This method is deprecated and will be removed in future.
  return func(*args, session=session, **kwargs)

[2025-09-24T00:59:12.781+0000] {taskinstance.py:441} INFO - ::group::Post task execution logs
[2025-09-24T00:59:12.794+0000] {taskinstance.py:2865} INFO - Rescheduling task, marking task as UP_FOR_RESCHEDULE
[2025-09-24T00:59:12.829+0000] {local_task_job_runner.py:243} INFO - Task exited with return code 0
[2025-09-24T00:59:12.836+0000] {warnings.py:112} WARNING - /home/***/.local/lib/python3.12/site-packages/***/models/baseoperator.py:1297: AirflowProviderDeprecationWarning: Call to deprecated class SnowflakeOperator. (This class is deprecated. Please use `***.providers.common.sql.operators.sql.SQLExecuteQueryOperator`. Also, you can provide `hook_params={'warehouse': <warehouse>, 'database': <database>, 'role': <role>, 'schema': <schema>, 'authenticator': <authenticator>,'session_parameters': <session_parameters>}`.)
  result = cls.__new__(cls)

[2025-09-24T00:59:12.844+0000] {taskinstance.py:3503} INFO - 0 downstream tasks scheduled from follow-on schedule check
[2025-09-24T00:59:12.844+0000] {local_task_job_runner.py:222} INFO - ::endgroup::
[2025-09-24T01:00:13.583+0000] {local_task_job_runner.py:120} INFO - ::group::Pre task execution logs
[2025-09-24T01:00:13.591+0000] {taskinstance.py:2076} INFO - Dependencies all met for dep_context=non-requeueable deps ti=<TaskInstance: ml_forecast_stock.wait_for_etl scheduled__2025-09-23T00:00:00+00:00 [queued]>
[2025-09-24T01:00:13.594+0000] {taskinstance.py:2076} INFO - Dependencies all met for dep_context=requeueable deps ti=<TaskInstance: ml_forecast_stock.wait_for_etl scheduled__2025-09-23T00:00:00+00:00 [queued]>
[2025-09-24T01:00:13.594+0000] {taskinstance.py:2306} INFO - Starting attempt 1 of 2
[2025-09-24T01:00:13.597+0000] {taskinstance.py:2330} INFO - Executing <Task(ExternalTaskSensor): wait_for_etl> on 2025-09-23 00:00:00+00:00
[2025-09-24T01:00:13.600+0000] {warnings.py:112} WARNING - /home/***/.local/lib/python3.12/site-packages/***/task/task_runner/standard_task_runner.py:62: DeprecationWarning: This process (pid=48564) is multi-threaded, use of fork() may lead to deadlocks in the child.
  pid = os.fork()

[2025-09-24T01:00:13.601+0000] {standard_task_runner.py:64} INFO - Started process 48566 to run task
[2025-09-24T01:00:13.601+0000] {standard_task_runner.py:90} INFO - Running: ['***', 'tasks', 'run', 'ml_forecast_stock', 'wait_for_etl', 'scheduled__2025-09-23T00:00:00+00:00', '--job-id', '381', '--raw', '--subdir', 'DAGS_FOLDER/ml_forecast_stock.py', '--cfg-path', '/tmp/tmp8mqy_row']
[2025-09-24T01:00:13.602+0000] {standard_task_runner.py:91} INFO - Job 381: Subtask wait_for_etl
[2025-09-24T01:00:13.616+0000] {task_command.py:426} INFO - Running <TaskInstance: ml_forecast_stock.wait_for_etl scheduled__2025-09-23T00:00:00+00:00 [running]> on host 11e1994bdecf
[2025-09-24T01:00:13.648+0000] {taskinstance.py:2648} INFO - Exporting env vars: AIRFLOW_CTX_DAG_OWNER='data226' AIRFLOW_CTX_DAG_ID='ml_forecast_stock' AIRFLOW_CTX_TASK_ID='wait_for_etl' AIRFLOW_CTX_EXECUTION_DATE='2025-09-23T00:00:00+00:00' AIRFLOW_CTX_TRY_NUMBER='1' AIRFLOW_CTX_DAG_RUN_ID='scheduled__2025-09-23T00:00:00+00:00'
[2025-09-24T01:00:13.648+0000] {taskinstance.py:430} INFO - ::endgroup::
[2025-09-24T01:00:13.649+0000] {baseoperator.py:400} WARNING - ExternalTaskSensor.execute cannot be called outside TaskInstance!
[2025-09-24T01:00:13.651+0000] {external_task.py:258} INFO - Poking for tasks ['fetch_and_upsert'] in dag "etl_yfinance_stock" on 2025-09-23T00:00:00+00:00 ... 
[2025-09-24T01:00:13.651+0000] {warnings.py:112} WARNING - /home/***/.local/lib/python3.12/site-packages/***/utils/session.py:79: DeprecationWarning: This method is deprecated and will be removed in future.
  return func(*args, session=session, **kwargs)

[2025-09-24T01:00:13.655+0000] {taskinstance.py:441} INFO - ::group::Post task execution logs
[2025-09-24T01:00:13.656+0000] {taskinstance.py:2506} INFO - Sensor has timed out; run duration of 3611.161022 seconds exceeds the specified timeout of 3600.0.
[2025-09-24T01:00:13.659+0000] {taskinstance.py:1206} INFO - Marking task as SKIPPED. dag_id=ml_forecast_stock, task_id=wait_for_etl, run_id=scheduled__2025-09-23T00:00:00+00:00, execution_date=20250923T000000, start_date=20250924T010013, end_date=20250924T010013
[2025-09-24T01:00:13.702+0000] {local_task_job_runner.py:243} INFO - Task exited with return code 0
[2025-09-24T01:00:13.706+0000] {warnings.py:112} WARNING - /home/***/.local/lib/python3.12/site-packages/***/models/baseoperator.py:1297: AirflowProviderDeprecationWarning: Call to deprecated class SnowflakeOperator. (This class is deprecated. Please use `***.providers.common.sql.operators.sql.SQLExecuteQueryOperator`. Also, you can provide `hook_params={'warehouse': <warehouse>, 'database': <database>, 'role': <role>, 'schema': <schema>, 'authenticator': <authenticator>,'session_parameters': <session_parameters>}`.)
  result = cls.__new__(cls)

[2025-09-24T01:00:13.713+0000] {taskinstance.py:3503} INFO - 0 downstream tasks scheduled from follow-on schedule check
[2025-09-24T01:00:13.715+0000] {local_task_job_runner.py:222} INFO - ::endgroup::
