[2025-09-18T19:55:22.770+0000] {local_task_job_runner.py:120} INFO - ::group::Pre task execution logs
[2025-09-18T19:55:22.791+0000] {taskinstance.py:2076} INFO - Dependencies all met for dep_context=non-requeueable deps ti=<TaskInstance: ml_forecast_stock.create_training_view manual__2025-09-18T19:45:54.767741+00:00 [queued]>
[2025-09-18T19:55:22.796+0000] {taskinstance.py:2076} INFO - Dependencies all met for dep_context=requeueable deps ti=<TaskInstance: ml_forecast_stock.create_training_view manual__2025-09-18T19:45:54.767741+00:00 [queued]>
[2025-09-18T19:55:22.797+0000] {taskinstance.py:2306} INFO - Starting attempt 1 of 2
[2025-09-18T19:55:22.805+0000] {taskinstance.py:2330} INFO - Executing <Task(SnowflakeOperator): create_training_view> on 2025-09-18 19:45:54.767741+00:00
[2025-09-18T19:55:22.810+0000] {warnings.py:112} WARNING - /home/***/.local/lib/python3.12/site-packages/***/task/task_runner/standard_task_runner.py:62: DeprecationWarning: This process (pid=11960) is multi-threaded, use of fork() may lead to deadlocks in the child.
  pid = os.fork()

[2025-09-18T19:55:22.811+0000] {standard_task_runner.py:64} INFO - Started process 11962 to run task
[2025-09-18T19:55:22.811+0000] {standard_task_runner.py:90} INFO - Running: ['***', 'tasks', 'run', 'ml_forecast_stock', 'create_training_view', 'manual__2025-09-18T19:45:54.767741+00:00', '--job-id', '85', '--raw', '--subdir', 'DAGS_FOLDER/ml_forecast_stock.py', '--cfg-path', '/tmp/tmpvpczh4i9']
[2025-09-18T19:55:22.812+0000] {standard_task_runner.py:91} INFO - Job 85: Subtask create_training_view
[2025-09-18T19:55:22.835+0000] {task_command.py:426} INFO - Running <TaskInstance: ml_forecast_stock.create_training_view manual__2025-09-18T19:45:54.767741+00:00 [running]> on host 11e1994bdecf
[2025-09-18T19:55:22.898+0000] {taskinstance.py:2648} INFO - Exporting env vars: AIRFLOW_CTX_DAG_OWNER='data226' AIRFLOW_CTX_DAG_ID='ml_forecast_stock' AIRFLOW_CTX_TASK_ID='create_training_view' AIRFLOW_CTX_EXECUTION_DATE='2025-09-18T19:45:54.767741+00:00' AIRFLOW_CTX_TRY_NUMBER='1' AIRFLOW_CTX_DAG_RUN_ID='manual__2025-09-18T19:45:54.767741+00:00'
[2025-09-18T19:55:22.899+0000] {taskinstance.py:430} INFO - ::endgroup::
[2025-09-18T19:55:22.899+0000] {sql.py:282} INFO - Executing: 
        USE WAREHOUSE "BEETLE_QUERY_WH";
        USE DATABASE "ASH_DB";
        USE SCHEMA "STOCK_SCHEMA";

        CREATE OR REPLACE VIEW stock_price_daily_v1 AS
        SELECT
            TO_TIMESTAMP_NTZ("DATE") AS DATE_V1,
            CLOSE,
            SYMBOL
        FROM "ASH_DB"."STOCK_SCHEMA".fact_stock_price_daily
        WHERE "DATE" >= DATEADD(DAY, -180, CURRENT_DATE());
        
[2025-09-18T19:55:22.905+0000] {base.py:84} INFO - Using connection ID 'snowflake_default' for task execution.
[2025-09-18T19:55:22.911+0000] {base.py:84} INFO - Using connection ID 'snowflake_default' for task execution.
[2025-09-18T19:55:22.913+0000] {connection.py:408} INFO - Snowflake Connector for Python Version: 3.11.0, Python Version: 3.12.4, Platform: Linux-6.10.14-linuxkit-aarch64-with-glibc2.36
[2025-09-18T19:55:22.914+0000] {connection.py:1258} INFO - This connection is in OCSP Fail Open Mode. TLS Certificates would be checked for validity and revocation status. Any other Certificate Revocation related exceptions or OCSP Responder failures would be disregarded in favor of connectivity.
[2025-09-18T19:55:23.640+0000] {cursor.py:1149} INFO - Number of results in first chunk: 1
[2025-09-18T19:55:23.642+0000] {sql.py:495} INFO - Running statement: USE WAREHOUSE "BEETLE_QUERY_WH";, parameters: None
[2025-09-18T19:55:23.722+0000] {cursor.py:1149} INFO - Number of results in first chunk: 1
[2025-09-18T19:55:23.723+0000] {sql.py:504} INFO - Rows affected: 1
[2025-09-18T19:55:23.723+0000] {snowflake.py:422} INFO - Rows affected: 1
[2025-09-18T19:55:23.724+0000] {snowflake.py:423} INFO - Snowflake query id: 01bf23cb-0106-766b-000f-c0df0022315a
[2025-09-18T19:55:23.724+0000] {sql.py:495} INFO - Running statement: USE DATABASE "ASH_DB";, parameters: None
[2025-09-18T19:55:24.712+0000] {cursor.py:1149} INFO - Number of results in first chunk: 1
[2025-09-18T19:55:24.715+0000] {sql.py:504} INFO - Rows affected: 1
[2025-09-18T19:55:24.716+0000] {snowflake.py:422} INFO - Rows affected: 1
[2025-09-18T19:55:24.717+0000] {snowflake.py:423} INFO - Snowflake query id: 01bf23cb-0106-78c7-000f-c0df0021d4ea
[2025-09-18T19:55:24.718+0000] {sql.py:495} INFO - Running statement: USE SCHEMA "STOCK_SCHEMA";, parameters: None
[2025-09-18T19:55:25.076+0000] {cursor.py:1149} INFO - Number of results in first chunk: 1
[2025-09-18T19:55:25.077+0000] {sql.py:504} INFO - Rows affected: 1
[2025-09-18T19:55:25.077+0000] {snowflake.py:422} INFO - Rows affected: 1
[2025-09-18T19:55:25.078+0000] {snowflake.py:423} INFO - Snowflake query id: 01bf23cb-0106-7689-000f-c0df0021c622
[2025-09-18T19:55:25.078+0000] {sql.py:495} INFO - Running statement: CREATE OR REPLACE VIEW stock_price_daily_v1 AS
        SELECT
            TO_TIMESTAMP_NTZ("DATE") AS DATE_V1,
            CLOSE,
            SYMBOL
        FROM "ASH_DB"."STOCK_SCHEMA".fact_stock_price_daily
        WHERE "DATE" >= DATEADD(DAY, -180, CURRENT_DATE());, parameters: None
[2025-09-18T19:55:26.333+0000] {cursor.py:1149} INFO - Number of results in first chunk: 1
[2025-09-18T19:55:26.335+0000] {sql.py:504} INFO - Rows affected: 1
[2025-09-18T19:55:26.336+0000] {snowflake.py:422} INFO - Rows affected: 1
[2025-09-18T19:55:26.337+0000] {snowflake.py:423} INFO - Snowflake query id: 01bf23cb-0106-78c7-000f-c0df0021d4ee
[2025-09-18T19:55:26.556+0000] {cursor.py:1149} INFO - Number of results in first chunk: 1
[2025-09-18T19:55:26.558+0000] {connection.py:773} INFO - closed
[2025-09-18T19:55:26.665+0000] {connection.py:779} INFO - No async queries seem to be running, deleting session
[2025-09-18T19:55:26.759+0000] {taskinstance.py:441} INFO - ::group::Post task execution logs
[2025-09-18T19:55:26.793+0000] {taskinstance.py:1206} INFO - Marking task as SUCCESS. dag_id=ml_forecast_stock, task_id=create_training_view, run_id=manual__2025-09-18T19:45:54.767741+00:00, execution_date=20250918T194554, start_date=20250918T195522, end_date=20250918T195526
[2025-09-18T19:55:26.834+0000] {local_task_job_runner.py:243} INFO - Task exited with return code 0
[2025-09-18T19:55:26.844+0000] {warnings.py:112} WARNING - /home/***/.local/lib/python3.12/site-packages/***/models/baseoperator.py:1297: AirflowProviderDeprecationWarning: Call to deprecated class SnowflakeOperator. (This class is deprecated. Please use `***.providers.common.sql.operators.sql.SQLExecuteQueryOperator`. Also, you can provide `hook_params={'warehouse': <warehouse>, 'database': <database>, 'role': <role>, 'schema': <schema>, 'authenticator': <authenticator>,'session_parameters': <session_parameters>}`.)
  result = cls.__new__(cls)

[2025-09-18T19:55:26.854+0000] {taskinstance.py:3503} INFO - 1 downstream tasks scheduled from follow-on schedule check
[2025-09-18T19:55:26.855+0000] {local_task_job_runner.py:222} INFO - ::endgroup::
